2023-08-14 15:27:18.651 [info] Log level: Info
2023-08-14 15:27:18.651 [info] Validating found git in: "git"
2023-08-14 15:27:18.651 [info] Using git "2.34.1" from "git"
2023-08-14 15:27:18.651 [info] > git rev-parse --show-toplevel [4ms]
2023-08-14 15:27:18.651 [info] > git rev-parse --git-dir --git-common-dir [1ms]
2023-08-14 15:27:18.651 [info] Open repository: /home/berend/Documents/dev/mcService
2023-08-14 15:27:18.651 [info] > git rev-parse --show-toplevel [6ms]
2023-08-14 15:27:18.651 [info] > git config --get commit.template [16ms]
2023-08-14 15:27:18.656 [info] > git for-each-ref --format=%(refname)%00%(upstream:short)%00%(objectname)%00%(upstream:track)%00%(upstream:remotename)%00%(upstream:remoteref) refs/heads/master refs/remotes/master [2ms]
2023-08-14 15:27:18.663 [info] > git status -z -uall [3ms]
2023-08-14 15:27:18.866 [info] > git config --get commit.template [44ms]
2023-08-14 15:27:18.905 [info] > git for-each-ref --format=%(refname)%00%(upstream:short)%00%(objectname)%00%(upstream:track)%00%(upstream:remotename)%00%(upstream:remoteref) refs/heads/master refs/remotes/master [1ms]
2023-08-14 15:27:18.910 [info] > git status -z -uall [2ms]
2023-08-14 15:27:19.091 [info] > git fetch [466ms]
2023-08-14 15:27:19.104 [info] > git config --get commit.template [5ms]
2023-08-14 15:27:19.104 [info] > git for-each-ref --format=%(refname)%00%(upstream:short)%00%(objectname)%00%(upstream:track)%00%(upstream:remotename)%00%(upstream:remoteref) refs/heads/master refs/remotes/master [2ms]
2023-08-14 15:27:19.110 [info] > git status -z -uall [2ms]
2023-08-14 15:27:19.162 [info] > git check-ignore -v -z --stdin [12ms]
2023-08-14 15:27:24.157 [info] > git config --get commit.template [1ms]
2023-08-14 15:27:24.171 [info] > git for-each-ref --format=%(refname)%00%(upstream:short)%00%(objectname)%00%(upstream:track)%00%(upstream:remotename)%00%(upstream:remoteref) refs/heads/master refs/remotes/master [10ms]
2023-08-14 15:27:24.181 [info] > git status -z -uall [6ms]
2023-08-14 15:27:24.694 [info] > git config --local branch.master.github-pr-owner-number [10ms]
2023-08-14 15:27:24.705 [info] > git config --get commit.template [6ms]
2023-08-14 15:27:24.706 [info] > git for-each-ref --format=%(refname)%00%(upstream:short)%00%(objectname)%00%(upstream:track)%00%(upstream:remotename)%00%(upstream:remoteref) refs/heads/master refs/remotes/master [2ms]
2023-08-14 15:27:24.712 [info] > git status -z -uall [1ms]
2023-08-14 15:27:36.568 [info] Log level: Info
2023-08-14 15:27:36.568 [info] Validating found git in: "git"
2023-08-14 15:27:36.568 [info] Using git "2.34.1" from "git"
2023-08-14 15:27:36.569 [info] > git rev-parse --show-toplevel [4ms]
2023-08-14 15:27:36.569 [info] fatal: not a git repository (or any of the parent directories): .git
2023-08-14 15:27:36.578 [info] > git rev-parse --show-toplevel [3ms]
2023-08-14 15:27:36.578 [info] fatal: not a git repository (or any of the parent directories): .git
2023-08-14 15:27:36.589 [info] > git rev-parse --show-toplevel [5ms]
2023-08-14 15:27:36.589 [info] fatal: not a git repository (or any of the parent directories): .git
2023-08-14 15:27:36.599 [info] > git rev-parse --show-toplevel [5ms]
2023-08-14 15:27:36.600 [info] fatal: not a git repository (or any of the parent directories): .git
2023-08-14 15:27:36.682 [info] > git rev-parse --show-toplevel [77ms]
2023-08-14 15:27:36.682 [info] fatal: not a git repository (or any of the parent directories): .git
2023-08-14 15:27:36.727 [info] > git rev-parse --show-toplevel [39ms]
2023-08-14 15:27:36.727 [info] fatal: not a git repository (or any of the parent directories): .git
2023-08-14 15:27:36.761 [info] > git rev-parse --show-toplevel [29ms]
2023-08-14 15:27:36.761 [info] fatal: not a git repository (or any of the parent directories): .git
2023-08-14 15:27:39.198 [info] > git rev-parse --show-toplevel [1ms]
2023-08-14 15:27:39.198 [info] fatal: not a git repository (or any of the parent directories): .git
2023-08-14 15:28:29.666 [info] > git rev-parse --show-toplevel [5ms]
2023-08-14 15:28:29.666 [info] fatal: not a git repository (or any of the parent directories): .git
