2023-07-16 19:42:42.433 [warning] /home/berend/.ssh/config: ENOENT: no such file or directory, open '/home/berend/.ssh/config'
2023-07-16 19:42:42.495 [info] Looking for git repository
2023-07-16 19:42:42.495 [info] Found 0 repositories during activation
2023-07-16 19:42:42.495 [info] Git repository found, initializing review manager and pr tree view.
2023-07-16 19:42:42.496 [info] Registering git provider
2023-07-16 19:42:42.496 [info] Review> Validate state in progress
2023-07-16 19:42:42.496 [info] Review> Validating state...
2023-07-16 19:42:42.509 [info] Found GitHub remote for folder /home/berend/Documents/dev/mcService
2023-07-16 19:42:42.764 [info] Review> Queuing additional validate state
2023-07-16 19:42:42.764 [info] Repo state for file:///home/berend/Documents/dev/mcService changed.
2023-07-16 19:42:42.764 [info] Repo file:///home/berend/Documents/dev/mcService has already been setup.
2023-07-16 19:42:42.865 [info] Review> No matching pull request metadata found locally for current branch master
2023-07-16 19:42:42.865 [info] Review> no matching pull request metadata found for current branch master
2023-07-16 19:42:43.167 [info] Review> No matching pull request metadata found on GitHub for current branch master
2023-07-16 19:42:43.198 [info] Review> Validating state...
2023-07-16 19:42:43.199 [info] Found GitHub remote for folder /home/berend/Documents/dev/mcService
2023-07-16 19:42:43.291 [info] Review> No matching pull request metadata found locally for current branch master
2023-07-16 19:42:43.291 [info] Review> no matching pull request metadata found for current branch master
2023-07-16 19:42:43.592 [info] Review> No matching pull request metadata found on GitHub for current branch master
2023-07-16 19:48:11.962 [info] Review> Validate state in progress
2023-07-16 19:48:11.962 [info] Review> Validating state...
2023-07-16 19:48:12.023 [info] Found GitHub remote for folder /home/berend/Documents/dev/mcService
2023-07-16 19:48:12.070 [info] Review> No matching pull request metadata found locally for current branch master
2023-07-16 19:48:12.070 [info] Review> no matching pull request metadata found for current branch master
2023-07-16 19:48:12.318 [info] Review> No matching pull request metadata found on GitHub for current branch master
2023-07-16 19:48:24.311 [info] Review> Validate state in progress
2023-07-16 19:48:24.311 [info] Review> Validating state...
2023-07-16 19:48:24.364 [info] Found GitHub remote for folder /home/berend/Documents/dev/mcService
2023-07-16 19:48:24.410 [info] Review> No matching pull request metadata found locally for current branch master
2023-07-16 19:48:24.410 [info] Review> no matching pull request metadata found for current branch master
2023-07-16 19:48:24.667 [info] Review> No matching pull request metadata found on GitHub for current branch master
2023-07-16 19:49:54.828 [info] Review> Validate state in progress
2023-07-16 19:49:54.828 [info] Review> Validating state...
2023-07-16 19:49:54.838 [info] Found GitHub remote for folder /home/berend/Documents/dev/mcService
2023-07-16 19:49:54.958 [info] Review> No matching pull request metadata found locally for current branch master
2023-07-16 19:49:54.958 [info] Review> no matching pull request metadata found for current branch master
2023-07-16 19:49:55.251 [info] Review> No matching pull request metadata found on GitHub for current branch master
2023-07-16 20:01:26.909 [info] Review> Validate state in progress
2023-07-16 20:01:26.909 [info] Review> Validating state...
2023-07-16 20:01:26.970 [info] Found GitHub remote for folder /home/berend/Documents/dev/mcService
2023-07-16 20:01:27.030 [info] Review> No matching pull request metadata found locally for current branch master
2023-07-16 20:01:27.030 [info] Review> no matching pull request metadata found for current branch master
2023-07-16 20:01:27.292 [info] Review> No matching pull request metadata found on GitHub for current branch master
2023-07-16 20:04:41.316 [info] Review> Validate state in progress
2023-07-16 20:04:41.316 [info] Review> Validating state...
2023-07-16 20:04:41.328 [info] Found GitHub remote for folder /home/berend/Documents/dev/mcService
2023-07-16 20:04:41.421 [info] Review> No matching pull request metadata found locally for current branch master
2023-07-16 20:04:41.421 [info] Review> no matching pull request metadata found for current branch master
2023-07-16 20:04:41.706 [info] Review> No matching pull request metadata found on GitHub for current branch master
