2023-07-16 19:42:42.157 [info] Log level: Info
2023-07-16 19:42:42.157 [info] Validating found git in: "git"
2023-07-16 19:42:42.157 [info] Using git "2.34.1" from "git"
2023-07-16 19:42:42.157 [info] > git rev-parse --show-toplevel [11ms]
2023-07-16 19:42:42.158 [info] > git rev-parse --git-dir --git-common-dir [3ms]
2023-07-16 19:42:42.168 [info] Open repository: /home/berend/Documents/dev/mcService
2023-07-16 19:42:42.180 [info] > git rev-parse --show-toplevel [7ms]
2023-07-16 19:42:42.181 [info] > git config --get commit.template [3ms]
2023-07-16 19:42:42.360 [info] > git for-each-ref --format=%(refname)%00%(upstream:short)%00%(objectname)%00%(upstream:track)%00%(upstream:remotename)%00%(upstream:remoteref) refs/heads/master refs/remotes/master [59ms]
2023-07-16 19:42:42.390 [info] > git status -z -uall [26ms]
2023-07-16 19:42:42.434 [info] > git config --get commit.template [16ms]
2023-07-16 19:42:42.453 [info] > git for-each-ref --format=%(refname)%00%(upstream:short)%00%(objectname)%00%(upstream:track)%00%(upstream:remotename)%00%(upstream:remoteref) refs/heads/master refs/remotes/master [3ms]
2023-07-16 19:42:42.459 [info] > git status -z -uall [1ms]
2023-07-16 19:42:42.692 [info] > git check-ignore -v -z --stdin [1ms]
2023-07-16 19:42:42.734 [info] > git show --textconv :README.md [6ms]
2023-07-16 19:42:42.735 [info] > git fetch [567ms]
2023-07-16 19:42:42.735 [info] From https://github.com/Quantum-Coder826/mcService
   761df93..e49663e  master     -> origin/master
2023-07-16 19:42:42.742 [info] > git ls-files --stage -- /home/berend/Documents/dev/mcService/README.md [8ms]
2023-07-16 19:42:42.747 [info] > git config --get commit.template [5ms]
2023-07-16 19:42:42.747 [info] > git cat-file -s 5dd83177738702d00ca65113a99e7becdd609f88 [1ms]
2023-07-16 19:42:42.754 [info] > git for-each-ref --format=%(refname)%00%(upstream:short)%00%(objectname)%00%(upstream:track)%00%(upstream:remotename)%00%(upstream:remoteref) refs/heads/master refs/remotes/master [2ms]
2023-07-16 19:42:42.762 [info] > git status -z -uall [3ms]
2023-07-16 19:42:42.846 [info] > git config --local branch.master.github-pr-owner-number [40ms]
2023-07-16 19:42:42.858 [info] > git config --get commit.template [6ms]
2023-07-16 19:42:42.858 [info] > git for-each-ref --format=%(refname)%00%(upstream:short)%00%(objectname)%00%(upstream:track)%00%(upstream:remotename)%00%(upstream:remoteref) refs/heads/master refs/remotes/master [1ms]
2023-07-16 19:42:42.863 [info] > git status -z -uall [1ms]
2023-07-16 19:42:43.265 [info] > git config --local branch.master.github-pr-owner-number [54ms]
2023-07-16 19:42:43.273 [info] > git config --get commit.template [2ms]
2023-07-16 19:42:43.283 [info] > git for-each-ref --format=%(refname)%00%(upstream:short)%00%(objectname)%00%(upstream:track)%00%(upstream:remotename)%00%(upstream:remoteref) refs/heads/master refs/remotes/master [3ms]
2023-07-16 19:42:43.290 [info] > git status -z -uall [2ms]
2023-07-16 19:42:43.407 [info] > git show --textconv :installer.sh [9ms]
2023-07-16 19:42:43.407 [info] > git ls-files --stage -- /home/berend/Documents/dev/mcService/installer.sh [1ms]
2023-07-16 19:42:43.414 [info] > git cat-file -s aa386971b95c5a34e4d1d4a89df191132fffcdad [1ms]
2023-07-16 19:42:44.009 [info] > git ls-files --stage -- /home/berend/Documents/dev/mcService/README.md [8ms]
2023-07-16 19:42:44.016 [info] > git ls-files --stage -- /home/berend/Documents/dev/mcService/installer.sh [8ms]
2023-07-16 19:42:44.023 [info] > git cat-file -s 5dd83177738702d00ca65113a99e7becdd609f88 [8ms]
2023-07-16 19:42:44.023 [info] > git cat-file -s aa386971b95c5a34e4d1d4a89df191132fffcdad [1ms]
2023-07-16 19:42:44.042 [info] > git show --textconv :README.md [6ms]
2023-07-16 19:42:44.043 [info] > git show --textconv :installer.sh [1ms]
2023-07-16 19:42:49.669 [info] > git config --get commit.template [2ms]
2023-07-16 19:42:49.681 [info] > git for-each-ref --format=%(refname)%00%(upstream:short)%00%(objectname)%00%(upstream:track)%00%(upstream:remotename)%00%(upstream:remoteref) refs/heads/master refs/remotes/master [2ms]
2023-07-16 19:42:49.693 [info] > git status -z -uall [1ms]
2023-07-16 19:42:54.708 [info] > git config --get commit.template [0ms]
2023-07-16 19:42:54.717 [info] > git for-each-ref --format=%(refname)%00%(upstream:short)%00%(objectname)%00%(upstream:track)%00%(upstream:remotename)%00%(upstream:remoteref) refs/heads/master refs/remotes/master [0ms]
2023-07-16 19:42:54.726 [info] > git status -z -uall [1ms]
2023-07-16 19:44:29.003 [info] > git config --get commit.template [1ms]
2023-07-16 19:44:29.015 [info] > git for-each-ref --format=%(refname)%00%(upstream:short)%00%(objectname)%00%(upstream:track)%00%(upstream:remotename)%00%(upstream:remoteref) refs/heads/master refs/remotes/master [2ms]
2023-07-16 19:44:29.027 [info] > git status -z -uall [2ms]
2023-07-16 19:44:34.793 [info] > git config --get commit.template [14ms]
2023-07-16 19:44:34.793 [info] > git for-each-ref --format=%(refname)%00%(upstream:short)%00%(objectname)%00%(upstream:track)%00%(upstream:remotename)%00%(upstream:remoteref) refs/heads/master refs/remotes/master [1ms]
2023-07-16 19:44:34.808 [info] > git status -z -uall [2ms]
2023-07-16 19:44:39.832 [info] > git config --get commit.template [10ms]
2023-07-16 19:44:39.832 [info] > git for-each-ref --format=%(refname)%00%(upstream:short)%00%(objectname)%00%(upstream:track)%00%(upstream:remotename)%00%(upstream:remoteref) refs/heads/master refs/remotes/master [1ms]
2023-07-16 19:44:39.842 [info] > git status -z -uall [1ms]
2023-07-16 19:45:31.664 [info] > git config --get commit.template [0ms]
2023-07-16 19:45:31.673 [info] > git for-each-ref --format=%(refname)%00%(upstream:short)%00%(objectname)%00%(upstream:track)%00%(upstream:remotename)%00%(upstream:remoteref) refs/heads/master refs/remotes/master [1ms]
2023-07-16 19:45:31.687 [info] > git status -z -uall [2ms]
2023-07-16 19:45:55.575 [info] > git config --get commit.template [1ms]
2023-07-16 19:45:55.584 [info] > git for-each-ref --format=%(refname)%00%(upstream:short)%00%(objectname)%00%(upstream:track)%00%(upstream:remotename)%00%(upstream:remoteref) refs/heads/master refs/remotes/master [3ms]
2023-07-16 19:45:55.591 [info] > git status -z -uall [1ms]
2023-07-16 19:45:56.003 [info] > git fetch [435ms]
2023-07-16 19:45:56.012 [info] > git config --get commit.template [3ms]
2023-07-16 19:45:56.013 [info] > git for-each-ref --format=%(refname)%00%(upstream:short)%00%(objectname)%00%(upstream:track)%00%(upstream:remotename)%00%(upstream:remoteref) refs/heads/master refs/remotes/master [1ms]
2023-07-16 19:45:56.018 [info] > git status -z -uall [1ms]
2023-07-16 19:45:57.251 [info] > git ls-files --stage -- /home/berend/Documents/dev/mcService/README.md [13ms]
2023-07-16 19:45:57.260 [info] > git ls-files --stage -- /home/berend/Documents/dev/mcService/installer.sh [10ms]
2023-07-16 19:45:57.271 [info] > git cat-file -s aa386971b95c5a34e4d1d4a89df191132fffcdad [2ms]
2023-07-16 19:45:57.272 [info] > git cat-file -s 5dd83177738702d00ca65113a99e7becdd609f88 [12ms]
2023-07-16 19:45:57.290 [info] > git show --textconv :installer.sh [10ms]
2023-07-16 19:45:57.290 [info] > git show --textconv :README.md [0ms]
2023-07-16 19:47:07.070 [info] > git config --get commit.template [2ms]
2023-07-16 19:47:07.081 [info] > git for-each-ref --format=%(refname)%00%(upstream:short)%00%(objectname)%00%(upstream:track)%00%(upstream:remotename)%00%(upstream:remoteref) refs/heads/master refs/remotes/master [5ms]
2023-07-16 19:47:07.086 [info] > git status -z -uall [1ms]
2023-07-16 19:47:30.684 [info] > git config --get commit.template [1ms]
2023-07-16 19:47:30.697 [info] > git for-each-ref --format=%(refname)%00%(upstream:short)%00%(objectname)%00%(upstream:track)%00%(upstream:remotename)%00%(upstream:remoteref) refs/heads/master refs/remotes/master [2ms]
2023-07-16 19:47:30.709 [info] > git status -z -uall [1ms]
2023-07-16 19:47:34.513 [info] > git add -A -- /home/berend/Documents/dev/mcService/installer.sh [2ms]
2023-07-16 19:47:34.532 [info] > git config --get commit.template [11ms]
2023-07-16 19:47:34.533 [info] > git for-each-ref --format=%(refname)%00%(upstream:short)%00%(objectname)%00%(upstream:track)%00%(upstream:remotename)%00%(upstream:remoteref) refs/heads/master refs/remotes/master [2ms]
2023-07-16 19:47:34.544 [info] > git status -z -uall [2ms]
2023-07-16 19:47:35.712 [info] > git ls-files --stage -- /home/berend/Documents/dev/mcService/README.md [12ms]
2023-07-16 19:47:35.737 [info] > git cat-file -s 5dd83177738702d00ca65113a99e7becdd609f88 [13ms]
2023-07-16 19:47:35.738 [info] > git ls-files --stage -- /home/berend/Documents/dev/mcService/installer.sh [27ms]
2023-07-16 19:47:35.748 [info] > git config --get commit.template [11ms]
2023-07-16 19:47:35.758 [info] > git cat-file -s f2cf17ee8f79f0320b35a41fbecd66db94cce88f [10ms]
2023-07-16 19:47:35.768 [info] > git show --textconv :README.md [11ms]
2023-07-16 19:47:35.770 [info] > git for-each-ref --format=%(refname)%00%(upstream:short)%00%(objectname)%00%(upstream:track)%00%(upstream:remotename)%00%(upstream:remoteref) refs/heads/master refs/remotes/master [2ms]
2023-07-16 19:47:35.796 [info] > git status -z -uall [16ms]
2023-07-16 19:47:35.799 [info] > git show --textconv :installer.sh [3ms]
2023-07-16 19:47:42.507 [info] > git config --local branch.master.github-pr-owner-number [0ms]
2023-07-16 19:47:42.531 [info] > git config --get commit.template [15ms]
2023-07-16 19:47:42.532 [info] > git for-each-ref --format=%(refname)%00%(upstream:short)%00%(objectname)%00%(upstream:track)%00%(upstream:remotename)%00%(upstream:remoteref) refs/heads/master refs/remotes/master [2ms]
2023-07-16 19:47:42.546 [info] > git status -z -uall [2ms]
2023-07-16 19:48:11.935 [info] > git -c user.useConfigOnly=true commit --quiet --allow-empty-message --file - [4ms]
2023-07-16 19:48:11.942 [info] > git config --get commit.template [1ms]
2023-07-16 19:48:11.954 [info] > git config --get commit.template [6ms]
2023-07-16 19:48:11.954 [info] > git for-each-ref --format=%(refname)%00%(upstream:short)%00%(objectname)%00%(upstream:track)%00%(upstream:remotename)%00%(upstream:remoteref) refs/heads/master refs/remotes/master [1ms]
2023-07-16 19:48:11.960 [info] > git status -z -uall [1ms]
2023-07-16 19:48:12.034 [info] > git config --local branch.master.github-pr-owner-number [3ms]
2023-07-16 19:48:12.049 [info] > git config --get commit.template [9ms]
2023-07-16 19:48:12.049 [info] > git config --get commit.template [1ms]
2023-07-16 19:48:12.063 [info] > git for-each-ref --format=%(refname)%00%(upstream:short)%00%(objectname)%00%(upstream:track)%00%(upstream:remotename)%00%(upstream:remoteref) refs/heads/master refs/remotes/master [2ms]
2023-07-16 19:48:12.069 [info] > git for-each-ref --format=%(refname)%00%(upstream:short)%00%(objectname)%00%(upstream:track)%00%(upstream:remotename)%00%(upstream:remoteref) refs/heads/master refs/remotes/master [14ms]
2023-07-16 19:48:12.083 [info] > git status -z -uall [15ms]
2023-07-16 19:48:13.159 [info] > git ls-files --stage -- /home/berend/Documents/dev/mcService/README.md [9ms]
2023-07-16 19:48:13.167 [info] > git ls-files --stage -- /home/berend/Documents/dev/mcService/installer.sh [9ms]
2023-07-16 19:48:13.175 [info] > git cat-file -s 5dd83177738702d00ca65113a99e7becdd609f88 [9ms]
2023-07-16 19:48:13.176 [info] > git cat-file -s f2cf17ee8f79f0320b35a41fbecd66db94cce88f [1ms]
2023-07-16 19:48:13.195 [info] > git show --textconv :README.md [9ms]
2023-07-16 19:48:13.197 [info] > git show --textconv :installer.sh [2ms]
2023-07-16 19:48:15.623 [info] > git add -A -- /home/berend/Documents/dev/mcService/README.md [2ms]
2023-07-16 19:48:15.634 [info] > git config --get commit.template [2ms]
2023-07-16 19:48:15.643 [info] > git for-each-ref --format=%(refname)%00%(upstream:short)%00%(objectname)%00%(upstream:track)%00%(upstream:remotename)%00%(upstream:remoteref) refs/heads/master refs/remotes/master [1ms]
2023-07-16 19:48:15.650 [info] > git status -z -uall [1ms]
2023-07-16 19:48:16.716 [info] > git config --get commit.template [9ms]
2023-07-16 19:48:16.717 [info] > git for-each-ref --format=%(refname)%00%(upstream:short)%00%(objectname)%00%(upstream:track)%00%(upstream:remotename)%00%(upstream:remoteref) refs/heads/master refs/remotes/master [1ms]
2023-07-16 19:48:16.724 [info] > git status -z -uall [1ms]
2023-07-16 19:48:16.816 [info] > git ls-files --stage -- /home/berend/Documents/dev/mcService/README.md [9ms]
2023-07-16 19:48:16.824 [info] > git cat-file -s ecc2d15566e684379aa2add32038cd4e3013f649 [1ms]
2023-07-16 19:48:16.825 [info] > git ls-files --stage -- /home/berend/Documents/dev/mcService/installer.sh [9ms]
2023-07-16 19:48:16.841 [info] > git cat-file -s f2cf17ee8f79f0320b35a41fbecd66db94cce88f [8ms]
2023-07-16 19:48:16.842 [info] > git show --textconv :README.md [1ms]
2023-07-16 19:48:16.853 [info] > git show --textconv :installer.sh [2ms]
2023-07-16 19:48:24.280 [info] > git -c user.useConfigOnly=true commit --quiet --allow-empty-message --file - [4ms]
2023-07-16 19:48:24.288 [info] > git config --get commit.template [1ms]
2023-07-16 19:48:24.301 [info] > git config --get commit.template [5ms]
2023-07-16 19:48:24.301 [info] > git for-each-ref --format=%(refname)%00%(upstream:short)%00%(objectname)%00%(upstream:track)%00%(upstream:remotename)%00%(upstream:remoteref) refs/heads/master refs/remotes/master [1ms]
2023-07-16 19:48:24.309 [info] > git status -z -uall [1ms]
2023-07-16 19:48:24.374 [info] > git config --local branch.master.github-pr-owner-number [2ms]
2023-07-16 19:48:24.390 [info] > git config --get commit.template [9ms]
2023-07-16 19:48:24.402 [info] > git config --get commit.template [12ms]
2023-07-16 19:48:24.409 [info] > git for-each-ref --format=%(refname)%00%(upstream:short)%00%(objectname)%00%(upstream:track)%00%(upstream:remotename)%00%(upstream:remoteref) refs/heads/master refs/remotes/master [13ms]
2023-07-16 19:48:24.418 [info] > git for-each-ref --format=%(refname)%00%(upstream:short)%00%(objectname)%00%(upstream:track)%00%(upstream:remotename)%00%(upstream:remoteref) refs/heads/master refs/remotes/master [8ms]
2023-07-16 19:48:24.424 [info] > git status -z -uall [1ms]
2023-07-16 19:48:25.247 [info] > git log --oneline --cherry master...master@{upstream} -- [3ms]
2023-07-16 19:48:25.664 [info] > git pull --tags origin master [409ms]
2023-07-16 19:48:25.664 [info] From https://github.com/Quantum-Coder826/mcService
 * branch            master     -> FETCH_HEAD
hint: You have divergent branches and need to specify how to reconcile them.
hint: You can do so by running one of the following commands sometime before
hint: your next pull:
hint: 
hint:   git config pull.rebase false  # merge (the default strategy)
hint:   git config pull.rebase true   # rebase
hint:   git config pull.ff only       # fast-forward only
hint: 
hint: You can replace "git config" with "git config --global" to set a default
hint: preference for all repositories. You can also pass --rebase, --no-rebase,
hint: or --ff-only on the command line to override the configured default per
hint: invocation.
fatal: Need to specify how to reconcile divergent branches.
2023-07-16 19:48:25.675 [info] > git config --get commit.template [5ms]
2023-07-16 19:48:25.675 [info] > git for-each-ref --format=%(refname)%00%(upstream:short)%00%(objectname)%00%(upstream:track)%00%(upstream:remotename)%00%(upstream:remoteref) refs/heads/master refs/remotes/master [1ms]
2023-07-16 19:48:25.684 [info] > git status -z -uall [2ms]
2023-07-16 19:48:28.596 [info] > git config --get commit.template [0ms]
2023-07-16 19:48:28.606 [info] > git for-each-ref --format=%(refname)%00%(upstream:short)%00%(objectname)%00%(upstream:track)%00%(upstream:remotename)%00%(upstream:remoteref) refs/heads/master refs/remotes/master [2ms]
2023-07-16 19:48:28.614 [info] > git status -z -uall [1ms]
2023-07-16 19:48:28.670 [info] > git ls-files --stage -- /home/berend/Documents/dev/mcService/README.md [10ms]
2023-07-16 19:48:28.678 [info] > git ls-files --stage -- /home/berend/Documents/dev/mcService/installer.sh [8ms]
2023-07-16 19:48:28.689 [info] > git cat-file -s f2cf17ee8f79f0320b35a41fbecd66db94cce88f [5ms]
2023-07-16 19:48:28.689 [info] > git cat-file -s ecc2d15566e684379aa2add32038cd4e3013f649 [12ms]
2023-07-16 19:48:28.721 [info] > git show --textconv :installer.sh [10ms]
2023-07-16 19:48:28.721 [info] > git show --textconv :README.md [2ms]
2023-07-16 19:48:34.486 [info] > git log --oneline --cherry master...master@{upstream} -- [1ms]
2023-07-16 19:48:34.906 [info] > git pull --tags origin master [411ms]
2023-07-16 19:48:34.906 [info] From https://github.com/Quantum-Coder826/mcService
 * branch            master     -> FETCH_HEAD
hint: You have divergent branches and need to specify how to reconcile them.
hint: You can do so by running one of the following commands sometime before
hint: your next pull:
hint: 
hint:   git config pull.rebase false  # merge (the default strategy)
hint:   git config pull.rebase true   # rebase
hint:   git config pull.ff only       # fast-forward only
hint: 
hint: You can replace "git config" with "git config --global" to set a default
hint: preference for all repositories. You can also pass --rebase, --no-rebase,
hint: or --ff-only on the command line to override the configured default per
hint: invocation.
fatal: Need to specify how to reconcile divergent branches.
2023-07-16 19:48:34.916 [info] > git config --get commit.template [1ms]
2023-07-16 19:48:34.925 [info] > git for-each-ref --format=%(refname)%00%(upstream:short)%00%(objectname)%00%(upstream:track)%00%(upstream:remotename)%00%(upstream:remoteref) refs/heads/master refs/remotes/master [1ms]
2023-07-16 19:48:34.936 [info] > git status -z -uall [2ms]
2023-07-16 19:48:43.158 [info] > git ls-files --stage -- /home/berend/Documents/dev/mcService/installer.sh [1ms]
2023-07-16 19:48:43.167 [info] > git ls-files --stage -- /home/berend/Documents/dev/mcService/README.md [17ms]
2023-07-16 19:48:43.176 [info] > git config --get commit.template [36ms]
2023-07-16 19:48:43.187 [info] > git cat-file -s f2cf17ee8f79f0320b35a41fbecd66db94cce88f [20ms]
2023-07-16 19:48:43.188 [info] > git for-each-ref --format=%(refname)%00%(upstream:short)%00%(objectname)%00%(upstream:track)%00%(upstream:remotename)%00%(upstream:remoteref) refs/heads/master refs/remotes/master [2ms]
2023-07-16 19:48:43.198 [info] > git cat-file -s ecc2d15566e684379aa2add32038cd4e3013f649 [22ms]
2023-07-16 19:48:43.201 [info] > git status -z -uall [3ms]
2023-07-16 19:48:43.240 [info] > git show --textconv :installer.sh [12ms]
2023-07-16 19:48:43.240 [info] > git show --textconv :README.md [3ms]
2023-07-16 19:48:57.026 [info] > git fetch [984ms]
2023-07-16 19:48:57.035 [info] > git config --get commit.template [2ms]
2023-07-16 19:48:57.044 [info] > git for-each-ref --format=%(refname)%00%(upstream:short)%00%(objectname)%00%(upstream:track)%00%(upstream:remotename)%00%(upstream:remoteref) refs/heads/master refs/remotes/master [2ms]
2023-07-16 19:48:57.052 [info] > git status -z -uall [1ms]
2023-07-16 19:48:58.116 [info] > git config --get commit.template [1ms]
2023-07-16 19:48:58.125 [info] > git for-each-ref --format=%(refname)%00%(upstream:short)%00%(objectname)%00%(upstream:track)%00%(upstream:remotename)%00%(upstream:remoteref) refs/heads/master refs/remotes/master [2ms]
2023-07-16 19:48:58.135 [info] > git status -z -uall [1ms]
2023-07-16 19:48:58.224 [info] > git ls-files --stage -- /home/berend/Documents/dev/mcService/README.md [7ms]
2023-07-16 19:48:58.232 [info] > git ls-files --stage -- /home/berend/Documents/dev/mcService/installer.sh [8ms]
2023-07-16 19:48:58.240 [info] > git cat-file -s f2cf17ee8f79f0320b35a41fbecd66db94cce88f [2ms]
2023-07-16 19:48:58.240 [info] > git cat-file -s ecc2d15566e684379aa2add32038cd4e3013f649 [9ms]
2023-07-16 19:48:58.259 [info] > git show --textconv :installer.sh [8ms]
2023-07-16 19:48:58.259 [info] > git show --textconv :README.md [2ms]
2023-07-16 19:49:54.813 [info] > git config --get commit.template [8ms]
2023-07-16 19:49:54.813 [info] > git for-each-ref --format=%(refname)%00%(upstream:short)%00%(objectname)%00%(upstream:track)%00%(upstream:remotename)%00%(upstream:remoteref) refs/heads/master refs/remotes/master [1ms]
2023-07-16 19:49:54.821 [info] > git status -z -uall [1ms]
2023-07-16 19:49:54.909 [info] > git config --local branch.master.github-pr-owner-number [56ms]
2023-07-16 19:49:54.927 [info] > git ls-files --stage -- /home/berend/Documents/dev/mcService/README.md [6ms]
2023-07-16 19:49:54.931 [info] > git config --get commit.template [16ms]
2023-07-16 19:49:54.939 [info] > git ls-files --stage -- /home/berend/Documents/dev/mcService/installer.sh [13ms]
2023-07-16 19:49:54.944 [info] > git for-each-ref --format=%(refname)%00%(upstream:short)%00%(objectname)%00%(upstream:track)%00%(upstream:remotename)%00%(upstream:remoteref) refs/heads/master refs/remotes/master [6ms]
2023-07-16 19:49:54.950 [info] > git cat-file -s ecc2d15566e684379aa2add32038cd4e3013f649 [19ms]
2023-07-16 19:49:54.951 [info] > git cat-file -s f2cf17ee8f79f0320b35a41fbecd66db94cce88f [8ms]
2023-07-16 19:49:54.957 [info] > git status -z -uall [7ms]
2023-07-16 19:49:54.980 [info] > git show --textconv :README.md [24ms]
2023-07-16 19:49:54.980 [info] > git show --textconv :installer.sh [6ms]
2023-07-16 19:52:42.556 [info] > git config --local branch.master.github-pr-owner-number [1ms]
2023-07-16 19:52:42.566 [info] > git config --get commit.template [5ms]
2023-07-16 19:52:42.567 [info] > git for-each-ref --format=%(refname)%00%(upstream:short)%00%(objectname)%00%(upstream:track)%00%(upstream:remotename)%00%(upstream:remoteref) refs/heads/master refs/remotes/master [0ms]
2023-07-16 19:52:42.575 [info] > git status -z -uall [1ms]
2023-07-16 19:54:11.120 [info] > git fetch [459ms]
2023-07-16 19:54:11.131 [info] > git config --get commit.template [6ms]
2023-07-16 19:54:11.132 [info] > git for-each-ref --format=%(refname)%00%(upstream:short)%00%(objectname)%00%(upstream:track)%00%(upstream:remotename)%00%(upstream:remoteref) refs/heads/master refs/remotes/master [1ms]
2023-07-16 19:54:11.140 [info] > git status -z -uall [1ms]
2023-07-16 19:54:14.316 [info] > git config --get commit.template [1ms]
2023-07-16 19:54:14.325 [info] > git for-each-ref --format=%(refname)%00%(upstream:short)%00%(objectname)%00%(upstream:track)%00%(upstream:remotename)%00%(upstream:remoteref) refs/heads/master refs/remotes/master [1ms]
2023-07-16 19:54:14.334 [info] > git status -z -uall [1ms]
2023-07-16 19:54:14.371 [info] > git ls-files --stage -- /home/berend/Documents/dev/mcService/README.md [8ms]
2023-07-16 19:54:14.377 [info] > git cat-file -s ecc2d15566e684379aa2add32038cd4e3013f649 [1ms]
2023-07-16 19:54:14.378 [info] > git ls-files --stage -- /home/berend/Documents/dev/mcService/installer.sh [8ms]
2023-07-16 19:54:14.392 [info] > git cat-file -s f2cf17ee8f79f0320b35a41fbecd66db94cce88f [8ms]
2023-07-16 19:54:14.392 [info] > git show --textconv :README.md [1ms]
2023-07-16 19:54:14.402 [info] > git show --textconv :installer.sh [2ms]
2023-07-16 19:57:12.549 [info] > git fetch [375ms]
2023-07-16 19:57:12.558 [info] > git config --get commit.template [4ms]
2023-07-16 19:57:12.558 [info] > git for-each-ref --format=%(refname)%00%(upstream:short)%00%(objectname)%00%(upstream:track)%00%(upstream:remotename)%00%(upstream:remoteref) refs/heads/master refs/remotes/master [1ms]
2023-07-16 19:57:12.566 [info] > git status -z -uall [2ms]
2023-07-16 19:57:42.585 [info] > git config --local branch.master.github-pr-owner-number [1ms]
2023-07-16 19:57:42.599 [info] > git config --get commit.template [6ms]
2023-07-16 19:57:42.600 [info] > git for-each-ref --format=%(refname)%00%(upstream:short)%00%(objectname)%00%(upstream:track)%00%(upstream:remotename)%00%(upstream:remoteref) refs/heads/master refs/remotes/master [1ms]
2023-07-16 19:57:42.607 [info] > git status -z -uall [2ms]
2023-07-16 19:57:58.385 [info] > git ls-files --stage -- /home/berend/Documents/dev/mcService/README.md [6ms]
2023-07-16 19:57:58.392 [info] > git config --get commit.template [21ms]
2023-07-16 19:57:58.397 [info] > git ls-files --stage -- /home/berend/Documents/dev/mcService/installer.sh [13ms]
2023-07-16 19:57:58.402 [info] > git for-each-ref --format=%(refname)%00%(upstream:short)%00%(objectname)%00%(upstream:track)%00%(upstream:remotename)%00%(upstream:remoteref) refs/heads/master refs/remotes/master [6ms]
2023-07-16 19:57:58.409 [info] > git cat-file -s ecc2d15566e684379aa2add32038cd4e3013f649 [18ms]
2023-07-16 19:57:58.411 [info] > git status -z -uall [2ms]
2023-07-16 19:57:58.411 [info] > git cat-file -s f2cf17ee8f79f0320b35a41fbecd66db94cce88f [10ms]
2023-07-16 19:57:58.424 [info] > git show --textconv :README.md [6ms]
2023-07-16 19:57:58.425 [info] > git show --textconv :installer.sh [2ms]
2023-07-16 20:00:51.144 [info] > git fetch [421ms]
2023-07-16 20:00:51.152 [info] > git config --get commit.template [1ms]
2023-07-16 20:00:51.159 [info] > git for-each-ref --format=%(refname)%00%(upstream:short)%00%(objectname)%00%(upstream:track)%00%(upstream:remotename)%00%(upstream:remoteref) refs/heads/master refs/remotes/master [2ms]
2023-07-16 20:00:51.168 [info] > git status -z -uall [1ms]
2023-07-16 20:00:52.277 [info] > git config --get commit.template [1ms]
2023-07-16 20:00:52.285 [info] > git for-each-ref --format=%(refname)%00%(upstream:short)%00%(objectname)%00%(upstream:track)%00%(upstream:remotename)%00%(upstream:remoteref) refs/heads/master refs/remotes/master [1ms]
2023-07-16 20:00:52.292 [info] > git status -z -uall [1ms]
2023-07-16 20:00:52.380 [info] > git ls-files --stage -- /home/berend/Documents/dev/mcService/README.md [6ms]
2023-07-16 20:00:52.387 [info] > git cat-file -s ecc2d15566e684379aa2add32038cd4e3013f649 [0ms]
2023-07-16 20:00:52.387 [info] > git ls-files --stage -- /home/berend/Documents/dev/mcService/installer.sh [7ms]
2023-07-16 20:00:52.400 [info] > git cat-file -s f2cf17ee8f79f0320b35a41fbecd66db94cce88f [6ms]
2023-07-16 20:00:52.410 [info] > git show --textconv :README.md [11ms]
2023-07-16 20:00:52.411 [info] > git show --textconv :installer.sh [1ms]
2023-07-16 20:01:23.290 [info] > git config --get commit.template [16ms]
2023-07-16 20:01:23.291 [info] > git for-each-ref --format=%(refname)%00%(upstream:short)%00%(objectname)%00%(upstream:track)%00%(upstream:remotename)%00%(upstream:remoteref) refs/heads/master refs/remotes/master [1ms]
2023-07-16 20:01:23.304 [info] > git status -z -uall [1ms]
2023-07-16 20:01:26.358 [info] > git add -A -- /home/berend/Documents/dev/mcService/README.md [2ms]
2023-07-16 20:01:26.381 [info] > git config --get commit.template [10ms]
2023-07-16 20:01:26.381 [info] > git for-each-ref --format=%(refname)%00%(upstream:short)%00%(objectname)%00%(upstream:track)%00%(upstream:remotename)%00%(upstream:remoteref) refs/heads/master refs/remotes/master [0ms]
2023-07-16 20:01:26.390 [info] > git status -z -uall [1ms]
2023-07-16 20:01:26.846 [info] > git -c user.useConfigOnly=true commit --quiet --allow-empty-message --file - [4ms]
2023-07-16 20:01:26.858 [info] > git config --get commit.template [0ms]
2023-07-16 20:01:26.873 [info] > git config --get commit.template [0ms]
2023-07-16 20:01:26.892 [info] > git for-each-ref --format=%(refname)%00%(upstream:short)%00%(objectname)%00%(upstream:track)%00%(upstream:remotename)%00%(upstream:remoteref) refs/heads/master refs/remotes/master [2ms]
2023-07-16 20:01:26.905 [info] > git status -z -uall [1ms]
2023-07-16 20:01:26.982 [info] > git config --local branch.master.github-pr-owner-number [2ms]
2023-07-16 20:01:27.003 [info] > git config --get commit.template [10ms]
2023-07-16 20:01:27.004 [info] > git config --get commit.template [2ms]
2023-07-16 20:01:27.029 [info] > git for-each-ref --format=%(refname)%00%(upstream:short)%00%(objectname)%00%(upstream:track)%00%(upstream:remotename)%00%(upstream:remoteref) refs/heads/master refs/remotes/master [16ms]
2023-07-16 20:01:27.042 [info] > git for-each-ref --format=%(refname)%00%(upstream:short)%00%(objectname)%00%(upstream:track)%00%(upstream:remotename)%00%(upstream:remoteref) refs/heads/master refs/remotes/master [18ms]
2023-07-16 20:01:27.052 [info] > git status -z -uall [2ms]
2023-07-16 20:01:28.103 [info] > git ls-files --stage -- /home/berend/Documents/dev/mcService/README.md [10ms]
2023-07-16 20:01:28.113 [info] > git ls-files --stage -- /home/berend/Documents/dev/mcService/installer.sh [11ms]
2023-07-16 20:01:28.125 [info] > git cat-file -s 5dd83177738702d00ca65113a99e7becdd609f88 [12ms]
2023-07-16 20:01:28.127 [info] > git cat-file -s f2cf17ee8f79f0320b35a41fbecd66db94cce88f [3ms]
2023-07-16 20:01:28.147 [info] > git show --textconv :README.md [11ms]
2023-07-16 20:01:28.147 [info] > git show --textconv :installer.sh [2ms]
2023-07-16 20:01:28.336 [info] > git config --get commit.template [1ms]
2023-07-16 20:01:28.349 [info] > git for-each-ref --format=%(refname)%00%(upstream:short)%00%(objectname)%00%(upstream:track)%00%(upstream:remotename)%00%(upstream:remoteref) refs/heads/master refs/remotes/master [2ms]
2023-07-16 20:01:28.360 [info] > git status -z -uall [1ms]
2023-07-16 20:02:42.616 [info] > git config --local branch.master.github-pr-owner-number [1ms]
2023-07-16 20:02:42.631 [info] > git config --get commit.template [7ms]
2023-07-16 20:02:42.631 [info] > git for-each-ref --format=%(refname)%00%(upstream:short)%00%(objectname)%00%(upstream:track)%00%(upstream:remotename)%00%(upstream:remoteref) refs/heads/master refs/remotes/master [1ms]
2023-07-16 20:02:42.640 [info] > git status -z -uall [2ms]
2023-07-16 20:04:33.557 [info] > git fetch [534ms]
2023-07-16 20:04:33.564 [info] > git config --get commit.template [1ms]
2023-07-16 20:04:33.571 [info] > git for-each-ref --format=%(refname)%00%(upstream:short)%00%(objectname)%00%(upstream:track)%00%(upstream:remotename)%00%(upstream:remoteref) refs/heads/master refs/remotes/master [1ms]
2023-07-16 20:04:33.580 [info] > git status -z -uall [2ms]
2023-07-16 20:04:34.637 [info] > git config --get commit.template [1ms]
2023-07-16 20:04:34.645 [info] > git for-each-ref --format=%(refname)%00%(upstream:short)%00%(objectname)%00%(upstream:track)%00%(upstream:remotename)%00%(upstream:remoteref) refs/heads/master refs/remotes/master [1ms]
2023-07-16 20:04:34.654 [info] > git status -z -uall [2ms]
2023-07-16 20:04:34.745 [info] > git ls-files --stage -- /home/berend/Documents/dev/mcService/README.md [9ms]
2023-07-16 20:04:34.753 [info] > git cat-file -s 5dd83177738702d00ca65113a99e7becdd609f88 [0ms]
2023-07-16 20:04:34.753 [info] > git ls-files --stage -- /home/berend/Documents/dev/mcService/installer.sh [9ms]
2023-07-16 20:04:34.767 [info] > git cat-file -s f2cf17ee8f79f0320b35a41fbecd66db94cce88f [7ms]
2023-07-16 20:04:34.768 [info] > git show --textconv :README.md [1ms]
2023-07-16 20:04:34.775 [info] > git show --textconv :installer.sh [1ms]
2023-07-16 20:04:39.784 [info] > git log --oneline --cherry master...master@{upstream} -- [1ms]
2023-07-16 20:04:40.213 [info] > git pull --tags origin master [421ms]
2023-07-16 20:04:40.213 [info] From https://github.com/Quantum-Coder826/mcService
 * branch            master     -> FETCH_HEAD
2023-07-16 20:04:41.291 [info] > git push origin master:master [1070ms]
2023-07-16 20:04:41.291 [info] To https://github.com/Quantum-Coder826/mcService.git
   056ebc1..3a338e4  master -> master
2023-07-16 20:04:41.305 [info] > git config --get commit.template [8ms]
2023-07-16 20:04:41.306 [info] > git for-each-ref --format=%(refname)%00%(upstream:short)%00%(objectname)%00%(upstream:track)%00%(upstream:remotename)%00%(upstream:remoteref) refs/heads/master refs/remotes/master [1ms]
2023-07-16 20:04:41.313 [info] > git status -z -uall [1ms]
2023-07-16 20:04:41.401 [info] > git config --local branch.master.github-pr-owner-number [61ms]
2023-07-16 20:04:41.413 [info] > git config --get commit.template [6ms]
2023-07-16 20:04:41.414 [info] > git for-each-ref --format=%(refname)%00%(upstream:short)%00%(objectname)%00%(upstream:track)%00%(upstream:remotename)%00%(upstream:remoteref) refs/heads/master refs/remotes/master [1ms]
2023-07-16 20:04:41.420 [info] > git status -z -uall [0ms]
2023-07-16 20:04:42.515 [info] > git ls-files --stage -- /home/berend/Documents/dev/mcService/README.md [6ms]
2023-07-16 20:04:42.523 [info] > git ls-files --stage -- /home/berend/Documents/dev/mcService/installer.sh [7ms]
2023-07-16 20:04:42.529 [info] > git cat-file -s 5dd83177738702d00ca65113a99e7becdd609f88 [7ms]
2023-07-16 20:04:42.530 [info] > git cat-file -s f2cf17ee8f79f0320b35a41fbecd66db94cce88f [2ms]
2023-07-16 20:04:42.544 [info] > git show --textconv :README.md [8ms]
2023-07-16 20:04:42.546 [info] > git show --textconv :installer.sh [1ms]
2023-07-16 20:07:42.650 [info] > git config --local branch.master.github-pr-owner-number [1ms]
2023-07-16 20:07:42.664 [info] > git config --get commit.template [8ms]
2023-07-16 20:07:42.665 [info] > git for-each-ref --format=%(refname)%00%(upstream:short)%00%(objectname)%00%(upstream:track)%00%(upstream:remotename)%00%(upstream:remoteref) refs/heads/master refs/remotes/master [2ms]
2023-07-16 20:07:42.673 [info] > git status -z -uall [1ms]
2023-07-16 20:08:03.862 [info] > git fetch [433ms]
2023-07-16 20:08:03.877 [info] > git config --get commit.template [7ms]
2023-07-16 20:08:03.878 [info] > git for-each-ref --format=%(refname)%00%(upstream:short)%00%(objectname)%00%(upstream:track)%00%(upstream:remotename)%00%(upstream:remoteref) refs/heads/master refs/remotes/master [0ms]
2023-07-16 20:08:03.886 [info] > git status -z -uall [2ms]
2023-07-16 20:08:53.211 [info] > git config --get commit.template [1ms]
2023-07-16 20:08:53.227 [info] > git ls-files --stage -- /home/berend/Documents/dev/mcService/installer.sh [1ms]
2023-07-16 20:08:53.235 [info] > git ls-files --stage -- /home/berend/Documents/dev/mcService/README.md [15ms]
2023-07-16 20:08:53.245 [info] > git cat-file -s f2cf17ee8f79f0320b35a41fbecd66db94cce88f [11ms]
2023-07-16 20:08:53.245 [info] > git for-each-ref --format=%(refname)%00%(upstream:short)%00%(objectname)%00%(upstream:track)%00%(upstream:remotename)%00%(upstream:remoteref) refs/heads/master refs/remotes/master [1ms]
2023-07-16 20:08:53.250 [info] > git cat-file -s 5dd83177738702d00ca65113a99e7becdd609f88 [10ms]
2023-07-16 20:08:53.256 [info] > git status -z -uall [7ms]
2023-07-16 20:08:53.263 [info] > git show --textconv :installer.sh [7ms]
2023-07-16 20:08:53.263 [info] > git show --textconv :README.md [1ms]
2023-07-16 20:08:58.957 [info] > git config --get commit.template [10ms]
2023-07-16 20:08:58.958 [info] > git for-each-ref --format=%(refname)%00%(upstream:short)%00%(objectname)%00%(upstream:track)%00%(upstream:remotename)%00%(upstream:remoteref) refs/heads/master refs/remotes/master [1ms]
2023-07-16 20:08:58.964 [info] > git status -z -uall [1ms]
2023-07-16 20:09:09.424 [info] > git config --get commit.template [11ms]
2023-07-16 20:09:09.424 [info] > git for-each-ref --format=%(refname)%00%(upstream:short)%00%(objectname)%00%(upstream:track)%00%(upstream:remotename)%00%(upstream:remoteref) refs/heads/master refs/remotes/master [1ms]
2023-07-16 20:09:09.437 [info] > git status -z -uall [1ms]
