2023-08-14 17:39:38.073 [info] Log level: Info
2023-08-14 17:39:38.073 [info] Validating found git in: "git"
2023-08-14 17:39:38.073 [info] Using git "2.34.1" from "git"
2023-08-14 17:39:38.073 [info] > git rev-parse --show-toplevel [2ms]
2023-08-14 17:39:38.073 [info] fatal: not a git repository (or any of the parent directories): .git
2023-08-14 17:39:38.073 [info] > git rev-parse --show-toplevel [2ms]
2023-08-14 17:39:38.073 [info] fatal: not a git repository (or any of the parent directories): .git
2023-08-14 17:39:38.073 [info] > git rev-parse --show-toplevel [6ms]
2023-08-14 17:39:38.073 [info] fatal: not a git repository (or any of the parent directories): .git
2023-08-14 17:39:38.073 [info] > git rev-parse --show-toplevel [3ms]
2023-08-14 17:39:38.073 [info] fatal: not a git repository (or any of the parent directories): .git
2023-08-14 17:39:38.073 [info] > git rev-parse --show-toplevel [2ms]
2023-08-14 17:39:38.073 [info] fatal: not a git repository (or any of the parent directories): .git
2023-08-14 17:39:38.073 [info] > git rev-parse --show-toplevel [2ms]
2023-08-14 17:39:38.073 [info] fatal: not a git repository (or any of the parent directories): .git
2023-08-14 17:39:38.180 [info] > git rev-parse --show-toplevel [24ms]
2023-08-14 17:39:38.180 [info] fatal: not a git repository (or any of the parent directories): .git
2023-08-14 17:39:38.326 [info] > git rev-parse --show-toplevel [8ms]
2023-08-14 17:39:38.326 [info] fatal: not a git repository (or any of the parent directories): .git
2023-08-14 17:39:38.784 [info] > git rev-parse --show-toplevel [2ms]
2023-08-14 17:39:38.784 [info] fatal: not a git repository (or any of the parent directories): .git
2023-08-14 17:42:29.299 [info] > git rev-parse --show-toplevel [1ms]
2023-08-14 17:42:29.299 [info] fatal: not a git repository (or any of the parent directories): .git
