2023-07-21 13:53:25.408 [info] Log level: Info
2023-07-21 13:53:25.408 [info] Validating found git in: "git"
2023-07-21 13:53:25.408 [info] Using git "2.34.1" from "git"
2023-07-21 13:53:25.408 [info] > git rev-parse --show-toplevel [6ms]
2023-07-21 13:53:25.408 [info] > git rev-parse --git-dir --git-common-dir [65ms]
2023-07-21 13:53:25.408 [info] Open repository: /home/berend/Documents/dev/mcService
2023-07-21 13:53:25.408 [info] > git rev-parse --show-toplevel [37ms]
2023-07-21 13:53:25.409 [info] > git config --get commit.template [6ms]
2023-07-21 13:53:25.418 [info] > git for-each-ref --format=%(refname)%00%(upstream:short)%00%(objectname)%00%(upstream:track)%00%(upstream:remotename)%00%(upstream:remoteref) refs/heads/master refs/remotes/master [2ms]
2023-07-21 13:53:25.432 [info] > git status -z -uall [10ms]
2023-07-21 13:53:25.441 [info] > git config --get commit.template [1ms]
2023-07-21 13:53:25.447 [info] > git for-each-ref --format=%(refname)%00%(upstream:short)%00%(objectname)%00%(upstream:track)%00%(upstream:remotename)%00%(upstream:remoteref) refs/heads/master refs/remotes/master [1ms]
2023-07-21 13:53:25.451 [info] > git status -z -uall [1ms]
2023-07-21 13:53:25.915 [info] > git check-ignore -v -z --stdin [1ms]
2023-07-21 13:53:26.071 [info] > git fetch [490ms]
2023-07-21 13:53:26.080 [info] > git config --get commit.template [5ms]
2023-07-21 13:53:26.081 [info] > git for-each-ref --format=%(refname)%00%(upstream:short)%00%(objectname)%00%(upstream:track)%00%(upstream:remotename)%00%(upstream:remoteref) refs/heads/master refs/remotes/master [2ms]
2023-07-21 13:53:26.085 [info] > git status -z -uall [1ms]
2023-07-21 13:53:27.218 [info] > git config --get commit.template [5ms]
2023-07-21 13:53:27.218 [info] > git for-each-ref --format=%(refname)%00%(upstream:short)%00%(objectname)%00%(upstream:track)%00%(upstream:remotename)%00%(upstream:remoteref) refs/heads/master refs/remotes/master [1ms]
2023-07-21 13:53:27.224 [info] > git status -z -uall [1ms]
