2023-07-21 13:51:18.965 [info] Log level: Info
2023-07-21 13:51:18.965 [info] Validating found git in: "git"
2023-07-21 13:51:18.965 [info] Using git "2.34.1" from "git"
2023-07-21 13:51:18.966 [info] > git rev-parse --show-toplevel [4ms]
2023-07-21 13:51:18.972 [info] > git rev-parse --git-dir --git-common-dir [2ms]
2023-07-21 13:51:18.981 [info] Open repository: /home/berend/Documents/dev/mcService
2023-07-21 13:51:18.992 [info] > git rev-parse --show-toplevel [3ms]
2023-07-21 13:51:18.994 [info] > git config --get commit.template [2ms]
2023-07-21 13:51:19.006 [info] > git for-each-ref --format=%(refname)%00%(upstream:short)%00%(objectname)%00%(upstream:track)%00%(upstream:remotename)%00%(upstream:remoteref) refs/heads/master refs/remotes/master [4ms]
2023-07-21 13:51:19.013 [info] > git status -z -uall [4ms]
2023-07-21 13:51:19.024 [info] > git config --get commit.template [4ms]
2023-07-21 13:51:19.024 [info] > git for-each-ref --format=%(refname)%00%(upstream:short)%00%(objectname)%00%(upstream:track)%00%(upstream:remotename)%00%(upstream:remoteref) refs/heads/master refs/remotes/master [0ms]
2023-07-21 13:51:19.028 [info] > git status -z -uall [1ms]
2023-07-21 13:51:19.501 [info] > git check-ignore -v -z --stdin [10ms]
2023-07-21 13:51:19.502 [info] > git fetch [522ms]
2023-07-21 13:51:19.507 [info] > git config --get commit.template [1ms]
2023-07-21 13:51:19.512 [info] > git for-each-ref --format=%(refname)%00%(upstream:short)%00%(objectname)%00%(upstream:track)%00%(upstream:remotename)%00%(upstream:remoteref) refs/heads/master refs/remotes/master [1ms]
2023-07-21 13:51:19.516 [info] > git status -z -uall [1ms]
2023-07-21 13:51:19.528 [info] > git show --textconv :installer.sh [4ms]
2023-07-21 13:51:19.529 [info] > git ls-files --stage -- /home/berend/Documents/dev/mcService/installer.sh [1ms]
2023-07-21 13:51:19.533 [info] > git cat-file -s 4dbdea4979247c51b72098d84ce52a7247234699 [1ms]
2023-07-21 13:51:19.792 [info] > git config --local branch.master.github-pr-owner-number [73ms]
2023-07-21 13:51:19.802 [info] > git config --get commit.template [5ms]
2023-07-21 13:51:19.814 [info] > git for-each-ref --format=%(refname)%00%(upstream:short)%00%(objectname)%00%(upstream:track)%00%(upstream:remotename)%00%(upstream:remoteref) refs/heads/master refs/remotes/master [7ms]
2023-07-21 13:51:19.823 [info] > git status -z -uall [6ms]
2023-07-21 13:51:20.590 [info] > git config --get commit.template [6ms]
2023-07-21 13:51:20.590 [info] > git for-each-ref --format=%(refname)%00%(upstream:short)%00%(objectname)%00%(upstream:track)%00%(upstream:remotename)%00%(upstream:remoteref) refs/heads/master refs/remotes/master [0ms]
2023-07-21 13:51:20.597 [info] > git status -z -uall [1ms]
2023-07-21 13:51:20.685 [info] > git ls-files --stage -- /home/berend/Documents/dev/mcService/installer.sh [0ms]
2023-07-21 13:51:20.692 [info] > git cat-file -s 4dbdea4979247c51b72098d84ce52a7247234699 [1ms]
2023-07-21 13:51:20.699 [info] > git show --textconv :installer.sh [1ms]
2023-07-21 13:51:22.794 [info] > git show --textconv :mc@.service [8ms]
2023-07-21 13:51:22.795 [info] > git ls-files --stage -- /home/berend/Documents/dev/mcService/mc@.service [1ms]
2023-07-21 13:51:22.804 [info] > git cat-file -s 9cf550a7f0c85be5ed6da551f69e91bacbba045c [2ms]
2023-07-21 13:51:28.386 [info] > git show --textconv :README.md [15ms]
2023-07-21 13:51:28.386 [info] > git ls-files --stage -- /home/berend/Documents/dev/mcService/README.md [10ms]
2023-07-21 13:51:28.402 [info] > git cat-file -s 5dd83177738702d00ca65113a99e7becdd609f88 [10ms]
