2023-07-16 20:14:40.894 [info] Log level: Info
2023-07-16 20:14:40.894 [info] Validating found git in: "git"
2023-07-16 20:14:40.894 [info] Using git "2.34.1" from "git"
2023-07-16 20:14:40.894 [info] > git rev-parse --show-toplevel [2ms]
2023-07-16 20:14:40.894 [info] > git rev-parse --git-dir --git-common-dir [0ms]
2023-07-16 20:14:40.894 [info] Open repository: /home/berend/Documents/dev/mcService
2023-07-16 20:14:40.894 [info] > git rev-parse --show-toplevel [4ms]
2023-07-16 20:14:40.894 [info] > git config --get commit.template [2ms]
2023-07-16 20:14:40.894 [info] > git for-each-ref --format=%(refname)%00%(upstream:short)%00%(objectname)%00%(upstream:track)%00%(upstream:remotename)%00%(upstream:remoteref) refs/heads/master refs/remotes/master [1ms]
2023-07-16 20:14:40.894 [info] > git status -z -uall [2ms]
2023-07-16 20:14:40.894 [info] > git config --get commit.template [4ms]
2023-07-16 20:14:40.894 [info] > git for-each-ref --format=%(refname)%00%(upstream:short)%00%(objectname)%00%(upstream:track)%00%(upstream:remotename)%00%(upstream:remoteref) refs/heads/master refs/remotes/master [2ms]
2023-07-16 20:14:40.896 [info] > git status -z -uall [3ms]
2023-07-16 20:14:41.234 [info] > git fetch [393ms]
2023-07-16 20:14:41.247 [info] > git config --get commit.template [5ms]
2023-07-16 20:14:41.247 [info] > git for-each-ref --format=%(refname)%00%(upstream:short)%00%(objectname)%00%(upstream:track)%00%(upstream:remotename)%00%(upstream:remoteref) refs/heads/master refs/remotes/master [1ms]
2023-07-16 20:14:41.253 [info] > git status -z -uall [2ms]
2023-07-16 20:14:41.410 [info] > git check-ignore -v -z --stdin [5ms]
2023-07-16 20:14:41.565 [info] > git config --local branch.master.github-pr-owner-number [60ms]
2023-07-16 20:14:41.587 [info] > git show --textconv :installer.sh [8ms]
2023-07-16 20:14:41.588 [info] > git config --get commit.template [16ms]
2023-07-16 20:14:41.593 [info] > git ls-files --stage -- /home/berend/Documents/dev/mcService/installer.sh [7ms]
2023-07-16 20:14:41.598 [info] > git for-each-ref --format=%(refname)%00%(upstream:short)%00%(objectname)%00%(upstream:track)%00%(upstream:remotename)%00%(upstream:remoteref) refs/heads/master refs/remotes/master [6ms]
2023-07-16 20:14:41.604 [info] > git cat-file -s f2cf17ee8f79f0320b35a41fbecd66db94cce88f [7ms]
2023-07-16 20:14:41.605 [info] > git status -z -uall [1ms]
2023-07-16 20:14:42.320 [info] > git config --get commit.template [1ms]
2023-07-16 20:14:42.329 [info] > git for-each-ref --format=%(refname)%00%(upstream:short)%00%(objectname)%00%(upstream:track)%00%(upstream:remotename)%00%(upstream:remoteref) refs/heads/master refs/remotes/master [1ms]
2023-07-16 20:14:42.338 [info] > git status -z -uall [1ms]
2023-07-16 20:14:42.421 [info] > git ls-files --stage -- /home/berend/Documents/dev/mcService/installer.sh [0ms]
2023-07-16 20:14:42.428 [info] > git cat-file -s f2cf17ee8f79f0320b35a41fbecd66db94cce88f [1ms]
2023-07-16 20:14:42.437 [info] > git show --textconv :installer.sh [1ms]
2023-07-16 20:14:50.125 [info] > git config --get commit.template [10ms]
2023-07-16 20:14:50.125 [info] > git for-each-ref --format=%(refname)%00%(upstream:short)%00%(objectname)%00%(upstream:track)%00%(upstream:remotename)%00%(upstream:remoteref) refs/heads/master refs/remotes/master [1ms]
2023-07-16 20:14:50.139 [info] > git status -z -uall [4ms]
2023-07-16 20:14:55.167 [info] > git config --get commit.template [13ms]
2023-07-16 20:14:55.168 [info] > git for-each-ref --format=%(refname)%00%(upstream:short)%00%(objectname)%00%(upstream:track)%00%(upstream:remotename)%00%(upstream:remoteref) refs/heads/master refs/remotes/master [2ms]
2023-07-16 20:14:55.182 [info] > git status -z -uall [1ms]
2023-07-16 20:15:00.211 [info] > git config --get commit.template [13ms]
2023-07-16 20:15:00.211 [info] > git for-each-ref --format=%(refname)%00%(upstream:short)%00%(objectname)%00%(upstream:track)%00%(upstream:remotename)%00%(upstream:remoteref) refs/heads/master refs/remotes/master [1ms]
2023-07-16 20:15:00.222 [info] > git status -z -uall [1ms]
2023-07-16 20:15:37.003 [info] > git config --get commit.template [1ms]
2023-07-16 20:15:37.013 [info] > git for-each-ref --format=%(refname)%00%(upstream:short)%00%(objectname)%00%(upstream:track)%00%(upstream:remotename)%00%(upstream:remoteref) refs/heads/master refs/remotes/master [1ms]
2023-07-16 20:15:37.021 [info] > git status -z -uall [1ms]
2023-07-16 20:15:42.046 [info] > git config --get commit.template [10ms]
2023-07-16 20:15:42.046 [info] > git for-each-ref --format=%(refname)%00%(upstream:short)%00%(objectname)%00%(upstream:track)%00%(upstream:remotename)%00%(upstream:remoteref) refs/heads/master refs/remotes/master [1ms]
2023-07-16 20:15:42.059 [info] > git status -z -uall [2ms]
2023-07-16 20:15:42.190 [info] > git add -A -- /home/berend/Documents/dev/mcService/installer.sh [1ms]
2023-07-16 20:15:42.212 [info] > git config --get commit.template [12ms]
2023-07-16 20:15:42.213 [info] > git for-each-ref --format=%(refname)%00%(upstream:short)%00%(objectname)%00%(upstream:track)%00%(upstream:remotename)%00%(upstream:remoteref) refs/heads/master refs/remotes/master [1ms]
2023-07-16 20:15:42.221 [info] > git status -z -uall [1ms]
2023-07-16 20:15:43.382 [info] > git ls-files --stage -- /home/berend/Documents/dev/mcService/installer.sh [1ms]
2023-07-16 20:15:43.395 [info] > git cat-file -s 4dbdea4979247c51b72098d84ce52a7247234699 [1ms]
2023-07-16 20:15:43.406 [info] > git show --textconv :installer.sh [1ms]
2023-07-16 20:15:47.072 [info] > git config --get commit.template [1ms]
2023-07-16 20:15:47.083 [info] > git for-each-ref --format=%(refname)%00%(upstream:short)%00%(objectname)%00%(upstream:track)%00%(upstream:remotename)%00%(upstream:remoteref) refs/heads/master refs/remotes/master [1ms]
2023-07-16 20:15:47.095 [info] > git status -z -uall [2ms]
2023-07-16 20:16:15.924 [info] > git -c user.useConfigOnly=true commit --quiet --allow-empty-message --file - [5ms]
2023-07-16 20:16:15.933 [info] > git config --get commit.template [1ms]
2023-07-16 20:16:15.943 [info] > git config --get commit.template [1ms]
2023-07-16 20:16:15.952 [info] > git for-each-ref --format=%(refname)%00%(upstream:short)%00%(objectname)%00%(upstream:track)%00%(upstream:remotename)%00%(upstream:remoteref) refs/heads/master refs/remotes/master [1ms]
2023-07-16 20:16:15.965 [info] > git status -z -uall [5ms]
2023-07-16 20:16:16.039 [info] > git config --local branch.master.github-pr-owner-number [4ms]
2023-07-16 20:16:16.052 [info] > git config --get commit.template [6ms]
2023-07-16 20:16:16.052 [info] > git config --get commit.template [2ms]
2023-07-16 20:16:16.062 [info] > git for-each-ref --format=%(refname)%00%(upstream:short)%00%(objectname)%00%(upstream:track)%00%(upstream:remotename)%00%(upstream:remoteref) refs/heads/master refs/remotes/master [5ms]
2023-07-16 20:16:16.071 [info] > git for-each-ref --format=%(refname)%00%(upstream:short)%00%(objectname)%00%(upstream:track)%00%(upstream:remotename)%00%(upstream:remoteref) refs/heads/master refs/remotes/master [9ms]
2023-07-16 20:16:16.083 [info] > git status -z -uall [6ms]
2023-07-16 20:16:16.522 [info] > git log --oneline --cherry master...master@{upstream} -- [2ms]
2023-07-16 20:16:16.924 [info] > git pull --tags origin master [392ms]
2023-07-16 20:16:16.924 [info] From https://github.com/Quantum-Coder826/mcService
 * branch            master     -> FETCH_HEAD
2023-07-16 20:16:18.003 [info] > git push origin master:master [1073ms]
2023-07-16 20:16:18.003 [info] To https://github.com/Quantum-Coder826/mcService.git
   3a338e4..c1aba2b  master -> master
2023-07-16 20:16:18.018 [info] > git config --get commit.template [8ms]
2023-07-16 20:16:18.019 [info] > git for-each-ref --format=%(refname)%00%(upstream:short)%00%(objectname)%00%(upstream:track)%00%(upstream:remotename)%00%(upstream:remoteref) refs/heads/master refs/remotes/master [1ms]
2023-07-16 20:16:18.027 [info] > git status -z -uall [1ms]
2023-07-16 20:16:18.114 [info] > git config --local branch.master.github-pr-owner-number [50ms]
2023-07-16 20:16:18.128 [info] > git config --get commit.template [7ms]
2023-07-16 20:16:18.128 [info] > git for-each-ref --format=%(refname)%00%(upstream:short)%00%(objectname)%00%(upstream:track)%00%(upstream:remotename)%00%(upstream:remoteref) refs/heads/master refs/remotes/master [1ms]
2023-07-16 20:16:18.138 [info] > git status -z -uall [2ms]
2023-07-16 20:16:19.224 [info] > git ls-files --stage -- /home/berend/Documents/dev/mcService/installer.sh [1ms]
2023-07-16 20:16:19.231 [info] > git cat-file -s 4dbdea4979247c51b72098d84ce52a7247234699 [1ms]
2023-07-16 20:16:19.237 [info] > git show --textconv :installer.sh [1ms]
2023-07-16 20:17:21.269 [info] > git show --textconv :README.md [18ms]
2023-07-16 20:17:21.269 [info] > git ls-files --stage -- /home/berend/Documents/dev/mcService/README.md [8ms]
2023-07-16 20:17:21.279 [info] > git cat-file -s 5dd83177738702d00ca65113a99e7becdd609f88 [4ms]
