2023-08-14 17:39:37.348 [info] Telemetry level is off
2023-08-14 17:39:37.348 [info] Experiments are disabled, only manually opted experiments are active.
2023-08-14 17:39:37.778 [info] Test server listening.
2023-08-14 17:39:37.791 [info] > conda info --json
2023-08-14 17:39:37.887 [info] Python interpreter path: /bin/python3
2023-08-14 17:39:37.904 [info] Found: /bin/python2 --> /bin/python2.7
2023-08-14 17:39:37.904 [info] Found: /bin/python2.7 --> /bin/python2.7
2023-08-14 17:39:37.905 [info] Found: /bin/python3 --> /bin/python3.10
2023-08-14 17:39:37.906 [info] Found: /bin/python3.10 --> /bin/python3.10
2023-08-14 17:39:37.976 [info] Found: /usr/bin/python2 --> /usr/bin/python2.7
2023-08-14 17:39:37.977 [info] Found: /usr/bin/python2.7 --> /usr/bin/python2.7
2023-08-14 17:39:37.977 [info] Found: /usr/bin/python3 --> /usr/bin/python3.10
2023-08-14 17:39:37.977 [info] Found: /usr/bin/python3.10 --> /usr/bin/python3.10
2023-08-14 17:39:38.065 [info] Found: /usr/local/bin/python --> /usr/bin/python3.10
2023-08-14 17:39:38.084 [info] > /bin/python2 -I ~/.vscode/extensions/ms-python.python-2023.14.0/pythonFiles/get_output_via_markers.py ~/.vscode/extensions/ms-python.python-2023.14.0/pythonFiles/interpreterInfo.py
2023-08-14 17:39:38.087 [warning] Error: Command failed: /bin/python2 -I /home/berend/.vscode/extensions/ms-python.python-2023.14.0/pythonFiles/get_output_via_markers.py /home/berend/.vscode/extensions/ms-python.python-2023.14.0/pythonFiles/interpreterInfo.py
Unknown option: -I
usage: /bin/python2 [option] ... [-c cmd | -m mod | file | -] [arg] ...
Try `python -h' for more information.

    at ChildProcess.exithandler (node:child_process:409:12)
    at ChildProcess.emit (node:events:513:28)
    at maybeClose (node:internal/child_process:1121:16)
    at Socket.<anonymous> (node:internal/child_process:479:11)
    at Socket.emit (node:events:513:28)
    at Pipe.<anonymous> (node:net:757:14) {
  code: 2,
  killed: false,
  signal: null,
  cmd: '/bin/python2 -I /home/berend/.vscode/extensions/ms-python.python-2023.14.0/pythonFiles/get_output_via_markers.py /home/berend/.vscode/extensions/ms-python.python-2023.14.0/pythonFiles/interpreterInfo.py'
}
2023-08-14 17:39:38.087 [error] Support for Python 2.7 has been dropped by the Python extension so certain features may not work, upgrade to using Python 3.
2023-08-14 17:39:38.092 [info] > /bin/python2 ~/.vscode/extensions/ms-python.python-2023.14.0/pythonFiles/get_output_via_markers.py ~/.vscode/extensions/ms-python.python-2023.14.0/pythonFiles/interpreterInfo.py
2023-08-14 17:39:38.218 [info] > /bin/python3 -I ~/.vscode/extensions/ms-python.python-2023.14.0/pythonFiles/get_output_via_markers.py ~/.vscode/extensions/ms-python.python-2023.14.0/pythonFiles/interpreterInfo.py
2023-08-14 17:39:38.272 [info] > /usr/bin/python2 -I ~/.vscode/extensions/ms-python.python-2023.14.0/pythonFiles/get_output_via_markers.py ~/.vscode/extensions/ms-python.python-2023.14.0/pythonFiles/interpreterInfo.py
2023-08-14 17:39:38.283 [warning] Error: Command failed: /usr/bin/python2 -I /home/berend/.vscode/extensions/ms-python.python-2023.14.0/pythonFiles/get_output_via_markers.py /home/berend/.vscode/extensions/ms-python.python-2023.14.0/pythonFiles/interpreterInfo.py
Unknown option: -I
usage: /usr/bin/python2 [option] ... [-c cmd | -m mod | file | -] [arg] ...
Try `python -h' for more information.

    at ChildProcess.exithandler (node:child_process:409:12)
    at ChildProcess.emit (node:events:513:28)
    at maybeClose (node:internal/child_process:1121:16)
    at Socket.<anonymous> (node:internal/child_process:479:11)
    at Socket.emit (node:events:513:28)
    at Pipe.<anonymous> (node:net:757:14) {
  code: 2,
  killed: false,
  signal: null,
  cmd: '/usr/bin/python2 -I /home/berend/.vscode/extensions/ms-python.python-2023.14.0/pythonFiles/get_output_via_markers.py /home/berend/.vscode/extensions/ms-python.python-2023.14.0/pythonFiles/interpreterInfo.py'
}
2023-08-14 17:39:38.283 [error] Support for Python 2.7 has been dropped by the Python extension so certain features may not work, upgrade to using Python 3.
2023-08-14 17:39:38.289 [info] > /usr/bin/python2 ~/.vscode/extensions/ms-python.python-2023.14.0/pythonFiles/get_output_via_markers.py ~/.vscode/extensions/ms-python.python-2023.14.0/pythonFiles/interpreterInfo.py
2023-08-14 17:39:38.325 [info] > /usr/bin/python3 -I ~/.vscode/extensions/ms-python.python-2023.14.0/pythonFiles/get_output_via_markers.py ~/.vscode/extensions/ms-python.python-2023.14.0/pythonFiles/interpreterInfo.py
2023-08-14 17:39:39.677 [info] Starting Pylance language server.
2023-08-14 17:40:06.988 [info] Discover tests for workspace name: qtile - uri: /home/berend/.config/qtile/config.py
2023-08-14 17:40:12.149 [info] Discover tests for workspace name: qtile - uri: /home/berend/.config/qtile/config.py
