2023-08-14 15:40:28.976 [info] Reading sessions from keychain...
2023-08-14 15:40:28.976 [info] Getting sessions for all scopes...
2023-08-14 15:40:28.976 [info] Got stored sessions!
2023-08-14 15:40:28.976 [info] Got 1 verified sessions.
2023-08-14 15:40:28.976 [info] Got 1 sessions for ...
2023-08-14 15:40:28.976 [info] Getting sessions for all scopes...
2023-08-14 15:40:28.976 [info] Got 1 sessions for ...
2023-08-14 15:40:29.057 [info] Getting sessions for read:user,repo,user:email,workflow...
2023-08-14 15:40:29.057 [info] Got 1 sessions for read:user,repo,user:email,workflow...
2023-08-14 15:40:29.077 [info] Getting sessions for user:email...
2023-08-14 15:40:29.077 [info] Got 0 sessions for user:email...
2023-08-14 15:40:29.135 [info] Getting sessions for all scopes...
2023-08-14 15:40:29.135 [info] Got 1 sessions for ...
2023-08-14 15:41:47.573 [info] Reading sessions from keychain...
2023-08-14 15:41:47.573 [info] Getting sessions for all scopes...
2023-08-14 15:41:47.573 [info] Getting sessions for user:email...
2023-08-14 15:41:47.573 [info] Got stored sessions!
2023-08-14 15:41:47.573 [info] Got 1 verified sessions.
2023-08-14 15:41:47.573 [info] Got 1 sessions for ...
2023-08-14 15:41:47.573 [info] Got 0 sessions for user:email...
2023-08-14 15:41:47.573 [info] Getting sessions for all scopes...
2023-08-14 15:41:47.573 [info] Got 1 sessions for ...
2023-08-14 15:41:47.747 [info] Getting sessions for all scopes...
2023-08-14 15:41:47.747 [info] Got 1 sessions for ...
2023-08-14 15:41:47.752 [info] Getting sessions for read:user,repo,user:email,workflow...
2023-08-14 15:41:47.752 [info] Got 1 sessions for read:user,repo,user:email,workflow...
