2023-08-14 15:27:18.067 [info] Added views:workbench.panel.markers.view in workbench.panel.markers
2023-08-14 15:27:18.067 [info] Added views:workbench.panel.output in workbench.panel.output
2023-08-14 15:27:18.067 [info] Added views:terminal in terminal
2023-08-14 15:27:18.067 [info] Added views:outline in workbench.view.explorer
2023-08-14 15:27:18.067 [info] Added views:workbench.scm in workbench.view.scm
2023-08-14 15:27:18.067 [info] Added views:workbench.view.search in workbench.view.search
2023-08-14 15:27:18.067 [info] Added views:timeline in workbench.view.explorer
2023-08-14 15:27:18.067 [info] Added views:workbench.explorer.fileView in workbench.view.explorer
2023-08-14 15:27:18.354 [info] Added views:ev3devBrowser in workbench.view.explorer
2023-08-14 15:27:18.356 [info] Added views:pr:github,issues:github in workbench.view.extension.github-pull-requests
2023-08-14 15:27:18.357 [info] Added views:craftos-computers,craftos-monitors in workbench.view.extension.craftos-terminals
2023-08-14 15:27:18.357 [info] Added views:vscode-serial-monitor.monitor0 in workbench.view.extension.vscode-serial-monitor-tools
2023-08-14 15:27:18.470 [info] Added views:workbench.debug.welcome in workbench.view.debug
2023-08-14 15:27:18.490 [info] Added views:workbench.panel.repl.view in workbench.panel.repl
2023-08-14 15:27:24.348 [info] Added views:workbench.panel.comments in workbench.panel.comments
2023-08-14 15:27:25.110 [info] Added views:github:activePullRequest:welcome in workbench.view.extension.github-pull-request
2023-08-14 15:27:25.110 [info] Removed views:github:activePullRequest:welcome from workbench.view.extension.github-pull-request
2023-08-14 15:27:34.559 [info] Added views:workbench.panel.markers.view in workbench.panel.markers
2023-08-14 15:27:34.559 [info] Added views:workbench.panel.output in workbench.panel.output
2023-08-14 15:27:34.559 [info] Added views:terminal in terminal
2023-08-14 15:27:34.559 [info] Added views:outline in workbench.view.explorer
2023-08-14 15:27:34.559 [info] Added views:workbench.scm in workbench.view.scm
2023-08-14 15:27:34.559 [info] Added views:workbench.view.search in workbench.view.search
2023-08-14 15:27:34.559 [info] Added views:timeline in workbench.view.explorer
2023-08-14 15:27:34.559 [info] Added views:workbench.explorer.fileView in workbench.view.explorer
2023-08-14 15:27:34.687 [info] Added views:workbench.debug.welcome in workbench.view.debug
2023-08-14 15:27:35.356 [info] Added views:ev3devBrowser in workbench.view.explorer
2023-08-14 15:27:35.356 [info] Added views:pr:github,issues:github in workbench.view.extension.github-pull-requests
2023-08-14 15:27:35.356 [info] Added views:craftos-computers,craftos-monitors in workbench.view.extension.craftos-terminals
2023-08-14 15:27:35.358 [info] Added views:vscode-serial-monitor.monitor0 in workbench.view.extension.vscode-serial-monitor-tools
2023-08-14 15:27:35.554 [info] Added views:workbench.panel.repl.view in workbench.panel.repl
2023-08-14 15:27:36.168 [info] Added views:workbench.view.testing in workbench.view.extension.test
2023-08-14 15:28:21.601 [info] Added views:workbench.views.extensions.installed,workbench.views.extensions.popular,extensions.recommendedList in workbench.view.extensions
2023-08-14 15:28:21.603 [info] Removed views:workbench.views.extensions.popular from workbench.view.extensions
2023-08-14 15:28:22.160 [info] Removed views:extensions.recommendedList,workbench.views.extensions.installed from workbench.view.extensions
2023-08-14 15:28:22.177 [info] Added views:workbench.views.extensions.marketplace in workbench.view.extensions
2023-08-14 15:28:49.740 [info] Removed views:workbench.view.testing from workbench.view.extension.test
