2023-07-21 13:51:24.544 [info] Getting Manifest... jackmacwindows.craftos-pc
2023-07-21 13:51:24.546 [info] Getting Manifest... ms-python.vscode-pylance
2023-07-21 13:51:24.546 [info] Getting Manifest... rust-lang.rust-analyzer
2023-07-21 13:51:24.731 [info] Installing extension: ms-python.vscode-pylance
2023-07-21 13:51:24.758 [info] Installing extension: rust-lang.rust-analyzer
2023-07-21 13:51:24.778 [info] Installing extension: jackmacwindows.craftos-pc
2023-07-21 13:51:25.286 [info] Getting Manifest... ms-python.python
2023-07-21 13:51:26.503 [info] Extension signature is verified: jackmacwindows.craftos-pc
2023-07-21 13:51:26.697 [info] Extracted extension to /home/berend/.vscode/extensions/.d7d12da2-7b9b-4c16-a023-0a8a857534a5: jackmacwindows.craftos-pc
2023-07-21 13:51:26.700 [info] Renamed to /home/berend/.vscode/extensions/jackmacwindows.craftos-pc-1.2.2
2023-07-21 13:51:26.701 [info] Extracting extension completed. jackmacwindows.craftos-pc
2023-07-21 13:51:26.708 [info] Extension installed successfully: jackmacwindows.craftos-pc
2023-07-21 13:51:26.709 [info] Marked extension as uninstalled jackmacwindows.craftos-pc-1.2.1
2023-07-21 13:51:29.830 [info] Extension signature is verified: rust-lang.rust-analyzer
2023-07-21 13:51:29.905 [info] Extension signature is verified: ms-python.vscode-pylance
2023-07-21 13:51:30.232 [info] Extracted extension to /home/berend/.vscode/extensions/.6283479d-f184-4c1b-9719-de377a145e99: rust-lang.rust-analyzer
2023-07-21 13:51:30.236 [info] Renamed to /home/berend/.vscode/extensions/rust-lang.rust-analyzer-0.3.1591-linux-x64
2023-07-21 13:51:30.237 [info] Extracting extension completed. rust-lang.rust-analyzer
2023-07-21 13:51:30.243 [info] Extension installed successfully: rust-lang.rust-analyzer
2023-07-21 13:51:30.245 [info] Marked extension as uninstalled rust-lang.rust-analyzer-0.3.1583-linux-x64
2023-07-21 13:51:31.947 [info] Extracted extension to /home/berend/.vscode/extensions/.d6621e7f-0dd4-473c-ba86-e604cb46099f: ms-python.vscode-pylance
2023-07-21 13:51:31.954 [info] Renamed to /home/berend/.vscode/extensions/ms-python.vscode-pylance-2023.7.30
2023-07-21 13:51:31.955 [info] Extracting extension completed. ms-python.vscode-pylance
2023-07-21 13:51:31.961 [info] Extension installed successfully: ms-python.vscode-pylance
2023-07-21 13:51:31.963 [info] Marked extension as uninstalled ms-python.vscode-pylance-2023.7.20
