2023-08-14 17:39:36.912 [info] Extension host with pid 20421 started
2023-08-14 17:39:36.912 [info] Skipping acquiring lock for /home/berend/.config/Code/User/workspaceStorage/a7b8a82b331b0788bccf035afd833508.
2023-08-14 17:39:37.027 [info] ExtensionService#_doActivateExtension vscode.emmet, startup: false, activationEvent: 'onLanguage'
2023-08-14 17:39:37.035 [info] ExtensionService#_doActivateExtension ms-python.python, startup: false, activationEvent: 'onLanguage:python'
2023-08-14 17:39:37.097 [info] ExtensionService#_doActivateExtension ms-toolsai.jupyter, startup: false, activationEvent: 'onLanguage:python'
2023-08-14 17:39:37.712 [info] ExtensionService#_doActivateExtension ms-toolsai.jupyter-renderers, startup: false, activationEvent: 'api', root cause: ms-toolsai.jupyter
2023-08-14 17:39:37.797 [info] ExtensionService#_doActivateExtension ms-python.vscode-pylance, startup: false, activationEvent: 'onLanguage:python'
2023-08-14 17:39:37.930 [info] ExtensionService#_doActivateExtension vscode.git-base, startup: true, activationEvent: '*', root cause: vscode.git
2023-08-14 17:39:37.931 [info] ExtensionService#_doActivateExtension ecmel.vscode-html-css, startup: true, activationEvent: '*'
2023-08-14 17:39:37.947 [info] ExtensionService#_doActivateExtension formulahendry.auto-rename-tag, startup: true, activationEvent: '*'
2023-08-14 17:39:37.987 [info] ExtensionService#_doActivateExtension vscode.git, startup: true, activationEvent: '*'
2023-08-14 17:39:37.999 [info] ExtensionService#_doActivateExtension vscode.github, startup: true, activationEvent: '*'
2023-08-14 17:39:38.095 [info] Eager extensions activated
2023-08-14 17:39:38.097 [info] ExtensionService#_doActivateExtension vscode.debug-auto-launch, startup: false, activationEvent: 'onStartupFinished'
2023-08-14 17:39:38.097 [info] ExtensionService#_doActivateExtension vscode.merge-conflict, startup: false, activationEvent: 'onStartupFinished'
2023-08-14 17:39:38.100 [info] ExtensionService#_doActivateExtension aaron-bond.better-comments, startup: false, activationEvent: 'onStartupFinished'
2023-08-14 17:39:38.102 [info] ExtensionService#_doActivateExtension vscode.github-authentication, startup: false, activationEvent: 'onStartupFinished', root cause: GitHub.vscode-pull-request-github
2023-08-14 17:39:38.108 [info] ExtensionService#_doActivateExtension JackMacWindows.craftos-pc, startup: false, activationEvent: 'onStartupFinished'
2023-08-14 17:39:38.122 [info] ExtensionService#_doActivateExtension LeonardSSH.vscord, startup: false, activationEvent: 'onStartupFinished'
2023-08-14 17:39:38.131 [info] ExtensionService#_doActivateExtension PKief.material-icon-theme, startup: false, activationEvent: 'onStartupFinished'
2023-08-14 17:39:38.138 [info] ExtensionService#_doActivateExtension ritwickdey.LiveServer, startup: false, activationEvent: 'onStartupFinished'
2023-08-14 17:39:38.142 [info] ExtensionService#_doActivateExtension usernamehw.errorlens, startup: false, activationEvent: 'onStartupFinished'
2023-08-14 17:39:38.183 [info] ExtensionService#_doActivateExtension GitHub.vscode-pull-request-github, startup: false, activationEvent: 'onStartupFinished'
2023-08-14 17:39:38.237 [info] ExtensionService#_doActivateExtension vscode.microsoft-authentication, startup: false, activationEvent: 'onAuthenticationRequest:microsoft'
2023-08-14 17:42:29.334 [info] Extension host terminating: renderer closed the MessagePort
2023-08-14 17:42:29.357 [error] Canceled: Canceled
    at new h (/usr/share/code/resources/app/out/vs/workbench/api/node/extensionHostProcess.js:99:42413)
    at t.O (/usr/share/code/resources/app/out/vs/workbench/api/node/extensionHostProcess.js:111:11236)
    at Proxy.U.<computed>.q.charCodeAt.U.<computed> (/usr/share/code/resources/app/out/vs/workbench/api/node/extensionHostProcess.js:111:8675)
    at e.$vL.g (/usr/share/code/resources/app/out/vs/workbench/api/node/extensionHostProcess.js:99:63549)
    at e.$vL.executeCommand (/usr/share/code/resources/app/out/vs/workbench/api/node/extensionHostProcess.js:99:62973)
    at P.registerCommand.description (/usr/share/code/resources/app/out/vs/workbench/api/node/extensionHostProcess.js:99:62280)
    at e.$vL.h (/usr/share/code/resources/app/out/vs/workbench/api/node/extensionHostProcess.js:99:64085)
    at e.$vL.g (/usr/share/code/resources/app/out/vs/workbench/api/node/extensionHostProcess.js:99:63073)
    at e.$vL.executeCommand (/usr/share/code/resources/app/out/vs/workbench/api/node/extensionHostProcess.js:99:62973)
    at Object.executeCommand (/usr/share/code/resources/app/out/vs/workbench/api/node/extensionHostProcess.js:117:20971)
    at Gg.reset (/home/berend/.vscode/extensions/github.vscode-pull-request-github-0.68.1/dist/extension.js:1822:2820)
    at Gg.dispose (/home/berend/.vscode/extensions/github.vscode-pull-request-github-0.68.1/dist/extension.js:1822:3059)
    at S (/usr/share/code/resources/app/out/vs/workbench/api/node/extensionHostProcess.js:10:11731)
    at i.Z (/usr/share/code/resources/app/out/vs/workbench/api/node/extensionHostProcess.js:113:10370)
    at /usr/share/code/resources/app/out/vs/workbench/api/node/extensionHostProcess.js:113:8332
    at Array.map (<anonymous>)
    at i.S (/usr/share/code/resources/app/out/vs/workbench/api/node/extensionHostProcess.js:113:8319)
    at i.terminate (/usr/share/code/resources/app/out/vs/workbench/api/node/extensionHostProcess.js:113:8591)
    at u.terminate (/usr/share/code/resources/app/out/vs/workbench/api/node/extensionHostProcess.js:117:1532)
    at E (/usr/share/code/resources/app/out/vs/workbench/api/node/extensionHostProcess.js:127:32236)
    at MessagePortMain.<anonymous> (/usr/share/code/resources/app/out/vs/workbench/api/node/extensionHostProcess.js:127:28665)
    at MessagePortMain.emit (node:events:513:28)
    at Object.MessagePortMain._internalPort.emit (node:electron/js2c/utility_init:2:367) setContext undefined
2023-08-14 17:42:29.363 [info] Extension host with pid 20421 exiting with code 0
