2023-08-14 15:40:27.623 [info] Added views:workbench.panel.markers.view in workbench.panel.markers
2023-08-14 15:40:27.623 [info] Added views:workbench.panel.output in workbench.panel.output
2023-08-14 15:40:27.623 [info] Added views:terminal in terminal
2023-08-14 15:40:27.623 [info] Added views:outline in workbench.view.explorer
2023-08-14 15:40:27.623 [info] Added views:workbench.scm in workbench.view.scm
2023-08-14 15:40:27.623 [info] Added views:workbench.view.search in workbench.view.search
2023-08-14 15:40:27.623 [info] Added views:timeline in workbench.view.explorer
2023-08-14 15:40:27.623 [info] Added views:workbench.explorer.fileView in workbench.view.explorer
2023-08-14 15:40:27.767 [info] Added views:workbench.debug.welcome in workbench.view.debug
2023-08-14 15:40:28.090 [info] Added views:ev3devBrowser in workbench.view.explorer
2023-08-14 15:40:28.090 [info] Added views:pr:github,issues:github in workbench.view.extension.github-pull-requests
2023-08-14 15:40:28.090 [info] Added views:craftos-computers,craftos-monitors in workbench.view.extension.craftos-terminals
2023-08-14 15:40:28.094 [info] Added views:vscode-serial-monitor.monitor0 in workbench.view.extension.vscode-serial-monitor-tools
2023-08-14 15:40:28.239 [info] Added views:workbench.panel.repl.view in workbench.panel.repl
2023-08-14 15:40:30.649 [info] Added views:workbench.view.testing in workbench.view.extension.test
2023-08-14 15:41:45.138 [info] Removed views:workbench.view.testing from workbench.view.extension.test
2023-08-14 15:41:45.646 [info] Added views:workbench.panel.markers.view in workbench.panel.markers
2023-08-14 15:41:45.646 [info] Added views:workbench.panel.output in workbench.panel.output
2023-08-14 15:41:45.646 [info] Added views:terminal in terminal
2023-08-14 15:41:45.646 [info] Added views:outline in workbench.view.explorer
2023-08-14 15:41:45.646 [info] Added views:workbench.scm in workbench.view.scm
2023-08-14 15:41:45.646 [info] Added views:workbench.view.search in workbench.view.search
2023-08-14 15:41:45.646 [info] Added views:timeline in workbench.view.explorer
2023-08-14 15:41:45.646 [info] Added views:workbench.explorer.fileView in workbench.view.explorer
2023-08-14 15:41:45.810 [info] Added views:workbench.debug.welcome in workbench.view.debug
2023-08-14 15:41:45.916 [info] Added views:ev3devBrowser in workbench.view.explorer
2023-08-14 15:41:45.916 [info] Added views:pr:github,issues:github in workbench.view.extension.github-pull-requests
2023-08-14 15:41:45.917 [info] Added views:craftos-computers,craftos-monitors in workbench.view.extension.craftos-terminals
2023-08-14 15:41:45.919 [info] Added views:vscode-serial-monitor.monitor0 in workbench.view.extension.vscode-serial-monitor-tools
2023-08-14 15:41:46.096 [info] Added views:workbench.panel.repl.view in workbench.panel.repl
2023-08-14 15:41:46.924 [info] Added views:workbench.view.testing in workbench.view.extension.test
2023-08-14 15:47:38.051 [info] Removed views:workbench.view.testing from workbench.view.extension.test
