00:00:00.000284 main     VirtualBox XPCOM Server 6.1.38_Ubuntu r153438 linux.amd64 (Sep  7 2022 11:18:57) release log
00:00:00.000290 main     Log opened 2023-04-24T12:20:53.401257000Z
00:00:00.000291 main     Build Type: release
00:00:00.000294 main     OS Product: Linux
00:00:00.000294 main     OS Release: 5.15.0-70-generic
00:00:00.000295 main     OS Version: #77-Ubuntu SMP Tue Mar 21 14:02:37 UTC 2023
00:00:00.000318 main     DMI Product Name: B550 AORUS ELITE V2
00:00:00.000325 main     DMI Product Version: Default string
00:00:00.000331 main     Firmware type: UEFI
00:00:00.000441 main     Secure Boot: Disabled
00:00:00.000485 main     Host RAM: 15939MB (15.5GB) total, 12807MB (12.5GB) available
00:00:00.000488 main     Executable: /usr/lib/virtualbox/VBoxSVC
00:00:00.000488 main     Process ID: 18473
00:00:00.000489 main     Package type: LINUX_64BITS_GENERIC (OSE)
00:00:00.001980 main     IPC socket path: /tmp/.vbox-berend-ipc/ipcd
00:00:00.105246 nspr-2   VirtualBox: object creation starts
00:00:00.105323 nspr-2   Home directory: '/home/berend/.config/VirtualBox'
00:00:00.105479 nspr-2   Loading settings file "/home/berend/.config/VirtualBox/VirtualBox.xml" with version "1.12-linux"
00:00:00.106167 nspr-2   HostDnsMonitor: initializing
00:00:00.106263 nspr-2   NAT: resolv.conf: nameserver 127.0.0.53
00:00:00.106271 nspr-2   NAT: resolv.conf: ignoring "options edns0 trust-ad"
00:00:00.106278 nspr-2   HostDnsMonitor: updating information
00:00:00.106289 nspr-2   HostDnsMonitor: old information
00:00:00.106291 nspr-2     no server entries
00:00:00.106294 nspr-2     no domain set
00:00:00.106296 nspr-2     no search string entries
00:00:00.106299 nspr-2   HostDnsMonitor: new information
00:00:00.106301 nspr-2     server 1: 127.0.0.53
00:00:00.106304 nspr-2     domain: veldthuis.nl
00:00:00.106306 nspr-2     search string 1: veldthuis.nl
00:00:00.108249 nspr-2   VD: VDInit finished with VINF_SUCCESS
00:00:00.108328 nspr-2   ERROR [COM]: aRC=NS_ERROR_FAILURE (0x80004005) aIID={027bc463-929c-40e8-bf16-fea557cd8e7e} aComponent={SystemPropertiesWrap} aText={Cannot determine default Guest Additions ISO location. Most likely they are not available}, preserve=false aResultDetail=0
00:00:00.112080 nspr-2   Loading settings file "/home/berend/VirtualBox VMs/mint qtile test/mint qtile test.vbox" with version "1.16-linux"
00:00:00.112903 nspr-2   VirtualBox: object created
00:00:00.432011 nspr-3   WARNING [COM]: aRC=NS_ERROR_FAILURE (0x80004005) aIID={16ced992-5fdc-4aba-aff5-6a39bbd7c38b} aComponent={HostWrap} aText={VirtualBox is not currently allowed to access USB devices.  You can change this by adding your user to the 'vboxusers' group.  Please see the user manual for a more detailed explanation}, preserve=true  aResultDetail=0
00:00:00.582179 nspr-3   WARNING [COM]: aRC=NS_ERROR_FAILURE (0x80004005) aIID={16ced992-5fdc-4aba-aff5-6a39bbd7c38b} aComponent={HostWrap} aText={VirtualBox is not currently allowed to access USB devices.  You can change this by adding your user to the 'vboxusers' group.  Please see the user manual for a more detailed explanation}, preserve=true  aResultDetail=0
00:00:00.582902 nspr-3   WARNING [COM]: aRC=NS_ERROR_FAILURE (0x80004005) aIID={16ced992-5fdc-4aba-aff5-6a39bbd7c38b} aComponent={HostWrap} aText={VirtualBox is not currently allowed to access USB devices.  You can change this by adding your user to the 'vboxusers' group.  Please see the user manual for a more detailed explanation}, preserve=true  aResultDetail=0
00:02:00.792289 nspr-3   Launched VM: 67118304 pid: 19207 (0x4b07) frontend: GUI/Qt name: mint qtile test
00:02:00.837477 nspr-4   WARNING [COM]: aRC=NS_ERROR_FAILURE (0x80004005) aIID={16ced992-5fdc-4aba-aff5-6a39bbd7c38b} aComponent={HostWrap} aText={VirtualBox is not currently allowed to access USB devices.  You can change this by adding your user to the 'vboxusers' group.  Please see the user manual for a more detailed explanation}, preserve=true  aResultDetail=0
00:02:00.838044 nspr-4   WARNING [COM]: aRC=NS_ERROR_FAILURE (0x80004005) aIID={16ced992-5fdc-4aba-aff5-6a39bbd7c38b} aComponent={HostWrap} aText={VirtualBox is not currently allowed to access USB devices.  You can change this by adding your user to the 'vboxusers' group.  Please see the user manual for a more detailed explanation}, preserve=true  aResultDetail=0
00:02:00.964732 nspr-5   WARNING [COM]: aRC=NS_ERROR_FAILURE (0x80004005) aIID={16ced992-5fdc-4aba-aff5-6a39bbd7c38b} aComponent={HostWrap} aText={VirtualBox is not currently allowed to access USB devices.  You can change this by adding your user to the 'vboxusers' group.  Please see the user manual for a more detailed explanation}, preserve=true  aResultDetail=0
00:02:00.965261 nspr-5   WARNING [COM]: aRC=NS_ERROR_FAILURE (0x80004005) aIID={16ced992-5fdc-4aba-aff5-6a39bbd7c38b} aComponent={HostWrap} aText={VirtualBox is not currently allowed to access USB devices.  You can change this by adding your user to the 'vboxusers' group.  Please see the user manual for a more detailed explanation}, preserve=true  aResultDetail=0
00:02:01.307470 nspr-2   WARNING [COM]: aRC=NS_ERROR_FAILURE (0x80004005) aIID={16ced992-5fdc-4aba-aff5-6a39bbd7c38b} aComponent={HostWrap} aText={VirtualBox is not currently allowed to access USB devices.  You can change this by adding your user to the 'vboxusers' group.  Please see the user manual for a more detailed explanation}, preserve=true  aResultDetail=0
00:02:01.308084 nspr-3   WARNING [COM]: aRC=NS_ERROR_FAILURE (0x80004005) aIID={16ced992-5fdc-4aba-aff5-6a39bbd7c38b} aComponent={HostWrap} aText={VirtualBox is not currently allowed to access USB devices.  You can change this by adding your user to the 'vboxusers' group.  Please see the user manual for a more detailed explanation}, preserve=true  aResultDetail=0
00:02:01.308282 nspr-3   ERROR [COM]: aRC=VBOX_E_OBJECT_NOT_FOUND (0x80bb0001) aIID={70401eef-c8e9-466b-9660-45cb3e9979e4} aComponent={ExtPackManagerWrap} aText={No extension pack by the name 'Oracle VM VirtualBox Extension Pack' was found}, preserve=false aResultDetail=0
00:02:01.335708 nspr-2   WARNING [COM]: aRC=NS_ERROR_FAILURE (0x80004005) aIID={16ced992-5fdc-4aba-aff5-6a39bbd7c38b} aComponent={HostWrap} aText={VirtualBox is not currently allowed to access USB devices.  You can change this by adding your user to the 'vboxusers' group.  Please see the user manual for a more detailed explanation}, preserve=true  aResultDetail=0
00:02:01.336162 nspr-3   WARNING [COM]: aRC=NS_ERROR_FAILURE (0x80004005) aIID={16ced992-5fdc-4aba-aff5-6a39bbd7c38b} aComponent={HostWrap} aText={VirtualBox is not currently allowed to access USB devices.  You can change this by adding your user to the 'vboxusers' group.  Please see the user manual for a more detailed explanation}, preserve=true  aResultDetail=0
00:02:01.352406 nspr-3   ERROR [COM]: aRC=VBOX_E_IPRT_ERROR (0x80bb0005) aIID={85632c68-b5bb-4316-a900-5eb28d3413df} aComponent={SessionMachine} aText={Saved screenshot data is not available (VERR_NOT_SUPPORTED)}, preserve=false aResultDetail=-37
00:02:01.372347 nspr-3   WARNING [COM]: aRC=NS_ERROR_FAILURE (0x80004005) aIID={16ced992-5fdc-4aba-aff5-6a39bbd7c38b} aComponent={HostWrap} aText={VirtualBox is not currently allowed to access USB devices.  You can change this by adding your user to the 'vboxusers' group.  Please see the user manual for a more detailed explanation}, preserve=true  aResultDetail=0
00:02:01.399213 nspr-3   WARNING [COM]: aRC=NS_ERROR_FAILURE (0x80004005) aIID={16ced992-5fdc-4aba-aff5-6a39bbd7c38b} aComponent={HostWrap} aText={VirtualBox is not currently allowed to access USB devices.  You can change this by adding your user to the 'vboxusers' group.  Please see the user manual for a more detailed explanation}, preserve=true  aResultDetail=0
00:02:01.399757 nspr-3   WARNING [COM]: aRC=NS_ERROR_FAILURE (0x80004005) aIID={16ced992-5fdc-4aba-aff5-6a39bbd7c38b} aComponent={HostWrap} aText={VirtualBox is not currently allowed to access USB devices.  You can change this by adding your user to the 'vboxusers' group.  Please see the user manual for a more detailed explanation}, preserve=true  aResultDetail=0
00:02:02.035284 nspr-6   WARNING [COM]: aRC=NS_ERROR_FAILURE (0x80004005) aIID={16ced992-5fdc-4aba-aff5-6a39bbd7c38b} aComponent={HostWrap} aText={VirtualBox is not currently allowed to access USB devices.  You can change this by adding your user to the 'vboxusers' group.  Please see the user manual for a more detailed explanation}, preserve=true  aResultDetail=0
00:02:02.035910 nspr-6   WARNING [COM]: aRC=NS_ERROR_FAILURE (0x80004005) aIID={16ced992-5fdc-4aba-aff5-6a39bbd7c38b} aComponent={HostWrap} aText={VirtualBox is not currently allowed to access USB devices.  You can change this by adding your user to the 'vboxusers' group.  Please see the user manual for a more detailed explanation}, preserve=true  aResultDetail=0
00:02:10.343321 nspr-7   Saving settings file "/home/berend/VirtualBox VMs/mint qtile test/mint qtile test.vbox" with version "1.16-linux"
00:02:10.381542 nspr-2   WARNING [COM]: aRC=NS_ERROR_FAILURE (0x80004005) aIID={16ced992-5fdc-4aba-aff5-6a39bbd7c38b} aComponent={HostWrap} aText={VirtualBox is not currently allowed to access USB devices.  You can change this by adding your user to the 'vboxusers' group.  Please see the user manual for a more detailed explanation}, preserve=true  aResultDetail=0
00:02:10.382090 nspr-2   WARNING [COM]: aRC=NS_ERROR_FAILURE (0x80004005) aIID={16ced992-5fdc-4aba-aff5-6a39bbd7c38b} aComponent={HostWrap} aText={VirtualBox is not currently allowed to access USB devices.  You can change this by adding your user to the 'vboxusers' group.  Please see the user manual for a more detailed explanation}, preserve=true  aResultDetail=0
00:02:10.409080 nspr-4   Saving settings file "/home/berend/VirtualBox VMs/mint qtile test/mint qtile test.vbox" with version "1.16-linux"
00:02:10.443058 nspr-8   WARNING [COM]: aRC=NS_ERROR_FAILURE (0x80004005) aIID={16ced992-5fdc-4aba-aff5-6a39bbd7c38b} aComponent={HostWrap} aText={VirtualBox is not currently allowed to access USB devices.  You can change this by adding your user to the 'vboxusers' group.  Please see the user manual for a more detailed explanation}, preserve=true  aResultDetail=0
00:02:10.443549 nspr-8   WARNING [COM]: aRC=NS_ERROR_FAILURE (0x80004005) aIID={16ced992-5fdc-4aba-aff5-6a39bbd7c38b} aComponent={HostWrap} aText={VirtualBox is not currently allowed to access USB devices.  You can change this by adding your user to the 'vboxusers' group.  Please see the user manual for a more detailed explanation}, preserve=true  aResultDetail=0
00:02:10.582505 nspr-3   Saving settings file "/home/berend/VirtualBox VMs/mint qtile test/mint qtile test.vbox" with version "1.16-linux"
00:02:10.616000 nspr-2   WARNING [COM]: aRC=NS_ERROR_FAILURE (0x80004005) aIID={16ced992-5fdc-4aba-aff5-6a39bbd7c38b} aComponent={HostWrap} aText={VirtualBox is not currently allowed to access USB devices.  You can change this by adding your user to the 'vboxusers' group.  Please see the user manual for a more detailed explanation}, preserve=true  aResultDetail=0
00:02:10.616576 nspr-2   WARNING [COM]: aRC=NS_ERROR_FAILURE (0x80004005) aIID={16ced992-5fdc-4aba-aff5-6a39bbd7c38b} aComponent={HostWrap} aText={VirtualBox is not currently allowed to access USB devices.  You can change this by adding your user to the 'vboxusers' group.  Please see the user manual for a more detailed explanation}, preserve=true  aResultDetail=0
00:02:10.624545 nspr-5   Saving settings file "/home/berend/VirtualBox VMs/mint qtile test/mint qtile test.vbox" with version "1.16-linux"
00:02:10.671533 nspr-2   WARNING [COM]: aRC=NS_ERROR_FAILURE (0x80004005) aIID={16ced992-5fdc-4aba-aff5-6a39bbd7c38b} aComponent={HostWrap} aText={VirtualBox is not currently allowed to access USB devices.  You can change this by adding your user to the 'vboxusers' group.  Please see the user manual for a more detailed explanation}, preserve=true  aResultDetail=0
00:02:10.672170 nspr-2   WARNING [COM]: aRC=NS_ERROR_FAILURE (0x80004005) aIID={16ced992-5fdc-4aba-aff5-6a39bbd7c38b} aComponent={HostWrap} aText={VirtualBox is not currently allowed to access USB devices.  You can change this by adding your user to the 'vboxusers' group.  Please see the user manual for a more detailed explanation}, preserve=true  aResultDetail=0
00:02:10.677969 nspr-5   Saving settings file "/home/berend/VirtualBox VMs/mint qtile test/mint qtile test.vbox" with version "1.16-linux"
00:02:10.715039 nspr-5   WARNING [COM]: aRC=NS_ERROR_FAILURE (0x80004005) aIID={16ced992-5fdc-4aba-aff5-6a39bbd7c38b} aComponent={HostWrap} aText={VirtualBox is not currently allowed to access USB devices.  You can change this by adding your user to the 'vboxusers' group.  Please see the user manual for a more detailed explanation}, preserve=true  aResultDetail=0
00:02:10.715596 nspr-5   WARNING [COM]: aRC=NS_ERROR_FAILURE (0x80004005) aIID={16ced992-5fdc-4aba-aff5-6a39bbd7c38b} aComponent={HostWrap} aText={VirtualBox is not currently allowed to access USB devices.  You can change this by adding your user to the 'vboxusers' group.  Please see the user manual for a more detailed explanation}, preserve=true  aResultDetail=0
00:02:10.869660 nspr-8   Saving settings file "/home/berend/VirtualBox VMs/mint qtile test/mint qtile test.vbox" with version "1.16-linux"
00:02:10.893775 nspr-4   WARNING [COM]: aRC=NS_ERROR_FAILURE (0x80004005) aIID={16ced992-5fdc-4aba-aff5-6a39bbd7c38b} aComponent={HostWrap} aText={VirtualBox is not currently allowed to access USB devices.  You can change this by adding your user to the 'vboxusers' group.  Please see the user manual for a more detailed explanation}, preserve=true  aResultDetail=0
00:02:10.894322 nspr-4   WARNING [COM]: aRC=NS_ERROR_FAILURE (0x80004005) aIID={16ced992-5fdc-4aba-aff5-6a39bbd7c38b} aComponent={HostWrap} aText={VirtualBox is not currently allowed to access USB devices.  You can change this by adding your user to the 'vboxusers' group.  Please see the user manual for a more detailed explanation}, preserve=true  aResultDetail=0
00:02:16.188959 nspr-8   Saving settings file "/home/berend/VirtualBox VMs/mint qtile test/mint qtile test.vbox" with version "1.16-linux"
00:02:16.210106 nspr-7   WARNING [COM]: aRC=NS_ERROR_FAILURE (0x80004005) aIID={16ced992-5fdc-4aba-aff5-6a39bbd7c38b} aComponent={HostWrap} aText={VirtualBox is not currently allowed to access USB devices.  You can change this by adding your user to the 'vboxusers' group.  Please see the user manual for a more detailed explanation}, preserve=true  aResultDetail=0
00:02:16.210572 nspr-7   WARNING [COM]: aRC=NS_ERROR_FAILURE (0x80004005) aIID={16ced992-5fdc-4aba-aff5-6a39bbd7c38b} aComponent={HostWrap} aText={VirtualBox is not currently allowed to access USB devices.  You can change this by adding your user to the 'vboxusers' group.  Please see the user manual for a more detailed explanation}, preserve=true  aResultDetail=0
00:02:16.451188 nspr-3   Saving settings file "/home/berend/VirtualBox VMs/mint qtile test/mint qtile test.vbox" with version "1.16-linux"
00:02:16.476274 nspr-4   WARNING [COM]: aRC=NS_ERROR_FAILURE (0x80004005) aIID={16ced992-5fdc-4aba-aff5-6a39bbd7c38b} aComponent={HostWrap} aText={VirtualBox is not currently allowed to access USB devices.  You can change this by adding your user to the 'vboxusers' group.  Please see the user manual for a more detailed explanation}, preserve=true  aResultDetail=0
00:02:16.476951 nspr-4   WARNING [COM]: aRC=NS_ERROR_FAILURE (0x80004005) aIID={16ced992-5fdc-4aba-aff5-6a39bbd7c38b} aComponent={HostWrap} aText={VirtualBox is not currently allowed to access USB devices.  You can change this by adding your user to the 'vboxusers' group.  Please see the user manual for a more detailed explanation}, preserve=true  aResultDetail=0
00:02:16.480326 nspr-5   Saving settings file "/home/berend/VirtualBox VMs/mint qtile test/mint qtile test.vbox" with version "1.16-linux"
00:02:16.514496 nspr-2   WARNING [COM]: aRC=NS_ERROR_FAILURE (0x80004005) aIID={16ced992-5fdc-4aba-aff5-6a39bbd7c38b} aComponent={HostWrap} aText={VirtualBox is not currently allowed to access USB devices.  You can change this by adding your user to the 'vboxusers' group.  Please see the user manual for a more detailed explanation}, preserve=true  aResultDetail=0
00:02:16.514962 nspr-2   WARNING [COM]: aRC=NS_ERROR_FAILURE (0x80004005) aIID={16ced992-5fdc-4aba-aff5-6a39bbd7c38b} aComponent={HostWrap} aText={VirtualBox is not currently allowed to access USB devices.  You can change this by adding your user to the 'vboxusers' group.  Please see the user manual for a more detailed explanation}, preserve=true  aResultDetail=0
00:02:16.720980 nspr-3   Saving settings file "/home/berend/VirtualBox VMs/mint qtile test/mint qtile test.vbox" with version "1.16-linux"
00:02:16.775142 nspr-2   Saving settings file "/home/berend/VirtualBox VMs/mint qtile test/mint qtile test.vbox" with version "1.16-linux"
00:02:16.815301 nspr-6   WARNING [COM]: aRC=NS_ERROR_FAILURE (0x80004005) aIID={16ced992-5fdc-4aba-aff5-6a39bbd7c38b} aComponent={HostWrap} aText={VirtualBox is not currently allowed to access USB devices.  You can change this by adding your user to the 'vboxusers' group.  Please see the user manual for a more detailed explanation}, preserve=true  aResultDetail=0
00:02:16.815798 nspr-6   WARNING [COM]: aRC=NS_ERROR_FAILURE (0x80004005) aIID={16ced992-5fdc-4aba-aff5-6a39bbd7c38b} aComponent={HostWrap} aText={VirtualBox is not currently allowed to access USB devices.  You can change this by adding your user to the 'vboxusers' group.  Please see the user manual for a more detailed explanation}, preserve=true  aResultDetail=0
00:02:16.820199 nspr-5   Saving settings file "/home/berend/VirtualBox VMs/mint qtile test/mint qtile test.vbox" with version "1.16-linux"
00:02:16.864710 nspr-7   WARNING [COM]: aRC=NS_ERROR_FAILURE (0x80004005) aIID={16ced992-5fdc-4aba-aff5-6a39bbd7c38b} aComponent={HostWrap} aText={VirtualBox is not currently allowed to access USB devices.  You can change this by adding your user to the 'vboxusers' group.  Please see the user manual for a more detailed explanation}, preserve=true  aResultDetail=0
00:02:16.865286 nspr-7   WARNING [COM]: aRC=NS_ERROR_FAILURE (0x80004005) aIID={16ced992-5fdc-4aba-aff5-6a39bbd7c38b} aComponent={HostWrap} aText={VirtualBox is not currently allowed to access USB devices.  You can change this by adding your user to the 'vboxusers' group.  Please see the user manual for a more detailed explanation}, preserve=true  aResultDetail=0
00:02:16.877749 nspr-5   Saving settings file "/home/berend/VirtualBox VMs/mint qtile test/mint qtile test.vbox" with version "1.16-linux"
00:02:16.901505 nspr-6   WARNING [COM]: aRC=NS_ERROR_FAILURE (0x80004005) aIID={16ced992-5fdc-4aba-aff5-6a39bbd7c38b} aComponent={HostWrap} aText={VirtualBox is not currently allowed to access USB devices.  You can change this by adding your user to the 'vboxusers' group.  Please see the user manual for a more detailed explanation}, preserve=true  aResultDetail=0
00:02:16.902050 nspr-6   WARNING [COM]: aRC=NS_ERROR_FAILURE (0x80004005) aIID={16ced992-5fdc-4aba-aff5-6a39bbd7c38b} aComponent={HostWrap} aText={VirtualBox is not currently allowed to access USB devices.  You can change this by adding your user to the 'vboxusers' group.  Please see the user manual for a more detailed explanation}, preserve=true  aResultDetail=0
00:02:17.151339 nspr-5   Saving settings file "/home/berend/VirtualBox VMs/mint qtile test/mint qtile test.vbox" with version "1.16-linux"
00:02:17.198829 nspr-3   WARNING [COM]: aRC=NS_ERROR_FAILURE (0x80004005) aIID={16ced992-5fdc-4aba-aff5-6a39bbd7c38b} aComponent={HostWrap} aText={VirtualBox is not currently allowed to access USB devices.  You can change this by adding your user to the 'vboxusers' group.  Please see the user manual for a more detailed explanation}, preserve=true  aResultDetail=0
00:02:17.199501 nspr-3   WARNING [COM]: aRC=NS_ERROR_FAILURE (0x80004005) aIID={16ced992-5fdc-4aba-aff5-6a39bbd7c38b} aComponent={HostWrap} aText={VirtualBox is not currently allowed to access USB devices.  You can change this by adding your user to the 'vboxusers' group.  Please see the user manual for a more detailed explanation}, preserve=true  aResultDetail=0
00:02:17.444496 nspr-6   Saving settings file "/home/berend/VirtualBox VMs/mint qtile test/mint qtile test.vbox" with version "1.16-linux"
00:02:17.469066 nspr-6   Saving settings file "/home/berend/VirtualBox VMs/mint qtile test/mint qtile test.vbox" with version "1.16-linux"
00:02:17.505115 nspr-8   WARNING [COM]: aRC=NS_ERROR_FAILURE (0x80004005) aIID={16ced992-5fdc-4aba-aff5-6a39bbd7c38b} aComponent={HostWrap} aText={VirtualBox is not currently allowed to access USB devices.  You can change this by adding your user to the 'vboxusers' group.  Please see the user manual for a more detailed explanation}, preserve=true  aResultDetail=0
00:02:17.505323 nspr-7   Saving settings file "/home/berend/VirtualBox VMs/mint qtile test/mint qtile test.vbox" with version "1.16-linux"
00:02:17.505588 nspr-8   WARNING [COM]: aRC=NS_ERROR_FAILURE (0x80004005) aIID={16ced992-5fdc-4aba-aff5-6a39bbd7c38b} aComponent={HostWrap} aText={VirtualBox is not currently allowed to access USB devices.  You can change this by adding your user to the 'vboxusers' group.  Please see the user manual for a more detailed explanation}, preserve=true  aResultDetail=0
00:02:17.534470 nspr-3   WARNING [COM]: aRC=NS_ERROR_FAILURE (0x80004005) aIID={16ced992-5fdc-4aba-aff5-6a39bbd7c38b} aComponent={HostWrap} aText={VirtualBox is not currently allowed to access USB devices.  You can change this by adding your user to the 'vboxusers' group.  Please see the user manual for a more detailed explanation}, preserve=true  aResultDetail=0
00:02:17.535073 nspr-8   WARNING [COM]: aRC=NS_ERROR_FAILURE (0x80004005) aIID={16ced992-5fdc-4aba-aff5-6a39bbd7c38b} aComponent={HostWrap} aText={VirtualBox is not currently allowed to access USB devices.  You can change this by adding your user to the 'vboxusers' group.  Please see the user manual for a more detailed explanation}, preserve=true  aResultDetail=0
00:02:17.580687 nspr-6   Saving settings file "/home/berend/VirtualBox VMs/mint qtile test/mint qtile test.vbox" with version "1.16-linux"
00:02:17.613723 nspr-2   Saving settings file "/home/berend/VirtualBox VMs/mint qtile test/mint qtile test.vbox" with version "1.16-linux"
00:02:17.657807 nspr-6   WARNING [COM]: aRC=NS_ERROR_FAILURE (0x80004005) aIID={16ced992-5fdc-4aba-aff5-6a39bbd7c38b} aComponent={HostWrap} aText={VirtualBox is not currently allowed to access USB devices.  You can change this by adding your user to the 'vboxusers' group.  Please see the user manual for a more detailed explanation}, preserve=true  aResultDetail=0
00:02:17.658499 nspr-6   WARNING [COM]: aRC=NS_ERROR_FAILURE (0x80004005) aIID={16ced992-5fdc-4aba-aff5-6a39bbd7c38b} aComponent={HostWrap} aText={VirtualBox is not currently allowed to access USB devices.  You can change this by adding your user to the 'vboxusers' group.  Please see the user manual for a more detailed explanation}, preserve=true  aResultDetail=0
00:02:17.660362 nspr-3   Saving settings file "/home/berend/VirtualBox VMs/mint qtile test/mint qtile test.vbox" with version "1.16-linux"
00:02:17.680577 nspr-4   Saving settings file "/home/berend/VirtualBox VMs/mint qtile test/mint qtile test.vbox" with version "1.16-linux"
00:02:17.714897 nspr-3   Saving settings file "/home/berend/VirtualBox VMs/mint qtile test/mint qtile test.vbox" with version "1.16-linux"
00:02:17.760512 nspr-4   WARNING [COM]: aRC=NS_ERROR_FAILURE (0x80004005) aIID={16ced992-5fdc-4aba-aff5-6a39bbd7c38b} aComponent={HostWrap} aText={VirtualBox is not currently allowed to access USB devices.  You can change this by adding your user to the 'vboxusers' group.  Please see the user manual for a more detailed explanation}, preserve=true  aResultDetail=0
00:02:17.760968 nspr-3   Saving settings file "/home/berend/VirtualBox VMs/mint qtile test/mint qtile test.vbox" with version "1.16-linux"
00:02:17.761200 nspr-6   WARNING [COM]: aRC=NS_ERROR_FAILURE (0x80004005) aIID={16ced992-5fdc-4aba-aff5-6a39bbd7c38b} aComponent={HostWrap} aText={VirtualBox is not currently allowed to access USB devices.  You can change this by adding your user to the 'vboxusers' group.  Please see the user manual for a more detailed explanation}, preserve=true  aResultDetail=0
00:02:17.796802 nspr-5   Saving settings file "/home/berend/VirtualBox VMs/mint qtile test/mint qtile test.vbox" with version "1.16-linux"
00:02:17.831341 nspr-3   WARNING [COM]: aRC=NS_ERROR_FAILURE (0x80004005) aIID={16ced992-5fdc-4aba-aff5-6a39bbd7c38b} aComponent={HostWrap} aText={VirtualBox is not currently allowed to access USB devices.  You can change this by adding your user to the 'vboxusers' group.  Please see the user manual for a more detailed explanation}, preserve=true  aResultDetail=0
00:02:17.832007 nspr-3   WARNING [COM]: aRC=NS_ERROR_FAILURE (0x80004005) aIID={16ced992-5fdc-4aba-aff5-6a39bbd7c38b} aComponent={HostWrap} aText={VirtualBox is not currently allowed to access USB devices.  You can change this by adding your user to the 'vboxusers' group.  Please see the user manual for a more detailed explanation}, preserve=true  aResultDetail=0
00:02:17.858214 nspr-8   Saving settings file "/home/berend/VirtualBox VMs/mint qtile test/mint qtile test.vbox" with version "1.16-linux"
00:02:17.880709 nspr-4   Saving settings file "/home/berend/VirtualBox VMs/mint qtile test/mint qtile test.vbox" with version "1.16-linux"
00:02:17.914554 nspr-6   Saving settings file "/home/berend/VirtualBox VMs/mint qtile test/mint qtile test.vbox" with version "1.16-linux"
00:02:17.936687 nspr-7   Saving settings file "/home/berend/VirtualBox VMs/mint qtile test/mint qtile test.vbox" with version "1.16-linux"
00:02:17.964860 nspr-3   WARNING [COM]: aRC=NS_ERROR_FAILURE (0x80004005) aIID={16ced992-5fdc-4aba-aff5-6a39bbd7c38b} aComponent={HostWrap} aText={VirtualBox is not currently allowed to access USB devices.  You can change this by adding your user to the 'vboxusers' group.  Please see the user manual for a more detailed explanation}, preserve=true  aResultDetail=0
00:02:17.965537 nspr-3   WARNING [COM]: aRC=NS_ERROR_FAILURE (0x80004005) aIID={16ced992-5fdc-4aba-aff5-6a39bbd7c38b} aComponent={HostWrap} aText={VirtualBox is not currently allowed to access USB devices.  You can change this by adding your user to the 'vboxusers' group.  Please see the user manual for a more detailed explanation}, preserve=true  aResultDetail=0
00:02:17.981002 nspr-2   Saving settings file "/home/berend/VirtualBox VMs/mint qtile test/mint qtile test.vbox" with version "1.16-linux"
00:02:18.016606 nspr-2   WARNING [COM]: aRC=NS_ERROR_FAILURE (0x80004005) aIID={16ced992-5fdc-4aba-aff5-6a39bbd7c38b} aComponent={HostWrap} aText={VirtualBox is not currently allowed to access USB devices.  You can change this by adding your user to the 'vboxusers' group.  Please see the user manual for a more detailed explanation}, preserve=true  aResultDetail=0
00:02:18.017247 nspr-8   WARNING [COM]: aRC=NS_ERROR_FAILURE (0x80004005) aIID={16ced992-5fdc-4aba-aff5-6a39bbd7c38b} aComponent={HostWrap} aText={VirtualBox is not currently allowed to access USB devices.  You can change this by adding your user to the 'vboxusers' group.  Please see the user manual for a more detailed explanation}, preserve=true  aResultDetail=0
00:02:18.019608 nspr-8   Saving settings file "/home/berend/VirtualBox VMs/mint qtile test/mint qtile test.vbox" with version "1.16-linux"
00:02:18.075868 nspr-5   WARNING [COM]: aRC=NS_ERROR_FAILURE (0x80004005) aIID={16ced992-5fdc-4aba-aff5-6a39bbd7c38b} aComponent={HostWrap} aText={VirtualBox is not currently allowed to access USB devices.  You can change this by adding your user to the 'vboxusers' group.  Please see the user manual for a more detailed explanation}, preserve=true  aResultDetail=0
00:02:18.076462 nspr-5   WARNING [COM]: aRC=NS_ERROR_FAILURE (0x80004005) aIID={16ced992-5fdc-4aba-aff5-6a39bbd7c38b} aComponent={HostWrap} aText={VirtualBox is not currently allowed to access USB devices.  You can change this by adding your user to the 'vboxusers' group.  Please see the user manual for a more detailed explanation}, preserve=true  aResultDetail=0
00:02:18.079713 nspr-2   Saving settings file "/home/berend/VirtualBox VMs/mint qtile test/mint qtile test.vbox" with version "1.16-linux"
00:02:18.112774 nspr-8   Saving settings file "/home/berend/VirtualBox VMs/mint qtile test/mint qtile test.vbox" with version "1.16-linux"
00:02:18.139247 nspr-2   Saving settings file "/home/berend/VirtualBox VMs/mint qtile test/mint qtile test.vbox" with version "1.16-linux"
00:02:18.181469 nspr-4   Saving settings file "/home/berend/VirtualBox VMs/mint qtile test/mint qtile test.vbox" with version "1.16-linux"
00:02:18.201867 nspr-6   Saving settings file "/home/berend/VirtualBox VMs/mint qtile test/mint qtile test.vbox" with version "1.16-linux"
00:02:18.247097 nspr-8   Saving settings file "/home/berend/VirtualBox VMs/mint qtile test/mint qtile test.vbox" with version "1.16-linux"
00:02:18.280876 nspr-8   Saving settings file "/home/berend/VirtualBox VMs/mint qtile test/mint qtile test.vbox" with version "1.16-linux"
00:02:18.303422 nspr-4   Saving settings file "/home/berend/VirtualBox VMs/mint qtile test/mint qtile test.vbox" with version "1.16-linux"
00:02:18.347961 nspr-2   Saving settings file "/home/berend/VirtualBox VMs/mint qtile test/mint qtile test.vbox" with version "1.16-linux"
00:02:18.382476 nspr-5   WARNING [COM]: aRC=NS_ERROR_FAILURE (0x80004005) aIID={16ced992-5fdc-4aba-aff5-6a39bbd7c38b} aComponent={HostWrap} aText={VirtualBox is not currently allowed to access USB devices.  You can change this by adding your user to the 'vboxusers' group.  Please see the user manual for a more detailed explanation}, preserve=true  aResultDetail=0
00:02:18.383049 nspr-5   WARNING [COM]: aRC=NS_ERROR_FAILURE (0x80004005) aIID={16ced992-5fdc-4aba-aff5-6a39bbd7c38b} aComponent={HostWrap} aText={VirtualBox is not currently allowed to access USB devices.  You can change this by adding your user to the 'vboxusers' group.  Please see the user manual for a more detailed explanation}, preserve=true  aResultDetail=0
00:02:18.386627 nspr-4   Saving settings file "/home/berend/VirtualBox VMs/mint qtile test/mint qtile test.vbox" with version "1.16-linux"
00:02:18.426784 nspr-6   WARNING [COM]: aRC=NS_ERROR_FAILURE (0x80004005) aIID={16ced992-5fdc-4aba-aff5-6a39bbd7c38b} aComponent={HostWrap} aText={VirtualBox is not currently allowed to access USB devices.  You can change this by adding your user to the 'vboxusers' group.  Please see the user manual for a more detailed explanation}, preserve=true  aResultDetail=0
00:02:18.427498 nspr-2   WARNING [COM]: aRC=NS_ERROR_FAILURE (0x80004005) aIID={16ced992-5fdc-4aba-aff5-6a39bbd7c38b} aComponent={HostWrap} aText={VirtualBox is not currently allowed to access USB devices.  You can change this by adding your user to the 'vboxusers' group.  Please see the user manual for a more detailed explanation}, preserve=true  aResultDetail=0
00:02:18.428890 nspr-6   Saving settings file "/home/berend/VirtualBox VMs/mint qtile test/mint qtile test.vbox" with version "1.16-linux"
00:02:18.456616 nspr-7   WARNING [COM]: aRC=NS_ERROR_FAILURE (0x80004005) aIID={16ced992-5fdc-4aba-aff5-6a39bbd7c38b} aComponent={HostWrap} aText={VirtualBox is not currently allowed to access USB devices.  You can change this by adding your user to the 'vboxusers' group.  Please see the user manual for a more detailed explanation}, preserve=true  aResultDetail=0
00:02:18.457241 nspr-7   WARNING [COM]: aRC=NS_ERROR_FAILURE (0x80004005) aIID={16ced992-5fdc-4aba-aff5-6a39bbd7c38b} aComponent={HostWrap} aText={VirtualBox is not currently allowed to access USB devices.  You can change this by adding your user to the 'vboxusers' group.  Please see the user manual for a more detailed explanation}, preserve=true  aResultDetail=0
00:02:18.565558 nspr-2   Saving settings file "/home/berend/VirtualBox VMs/mint qtile test/mint qtile test.vbox" with version "1.16-linux"
00:02:18.599809 nspr-7   Saving settings file "/home/berend/VirtualBox VMs/mint qtile test/mint qtile test.vbox" with version "1.16-linux"
00:02:18.632462 nspr-6   Saving settings file "/home/berend/VirtualBox VMs/mint qtile test/mint qtile test.vbox" with version "1.16-linux"
00:02:18.676798 nspr-3   WARNING [COM]: aRC=NS_ERROR_FAILURE (0x80004005) aIID={16ced992-5fdc-4aba-aff5-6a39bbd7c38b} aComponent={HostWrap} aText={VirtualBox is not currently allowed to access USB devices.  You can change this by adding your user to the 'vboxusers' group.  Please see the user manual for a more detailed explanation}, preserve=true  aResultDetail=0
00:02:18.677566 nspr-3   WARNING [COM]: aRC=NS_ERROR_FAILURE (0x80004005) aIID={16ced992-5fdc-4aba-aff5-6a39bbd7c38b} aComponent={HostWrap} aText={VirtualBox is not currently allowed to access USB devices.  You can change this by adding your user to the 'vboxusers' group.  Please see the user manual for a more detailed explanation}, preserve=true  aResultDetail=0
00:02:24.937019 nspr-7   Saving settings file "/home/berend/VirtualBox VMs/mint qtile test/mint qtile test.vbox" with version "1.16-linux"
00:02:24.978951 nspr-3   Saving settings file "/home/berend/VirtualBox VMs/mint qtile test/mint qtile test.vbox" with version "1.16-linux"
00:02:25.019789 nspr-8   Saving settings file "/home/berend/VirtualBox VMs/mint qtile test/mint qtile test.vbox" with version "1.16-linux"
00:02:25.066488 nspr-4   WARNING [COM]: aRC=NS_ERROR_FAILURE (0x80004005) aIID={16ced992-5fdc-4aba-aff5-6a39bbd7c38b} aComponent={HostWrap} aText={VirtualBox is not currently allowed to access USB devices.  You can change this by adding your user to the 'vboxusers' group.  Please see the user manual for a more detailed explanation}, preserve=true  aResultDetail=0
00:02:25.067099 nspr-4   WARNING [COM]: aRC=NS_ERROR_FAILURE (0x80004005) aIID={16ced992-5fdc-4aba-aff5-6a39bbd7c38b} aComponent={HostWrap} aText={VirtualBox is not currently allowed to access USB devices.  You can change this by adding your user to the 'vboxusers' group.  Please see the user manual for a more detailed explanation}, preserve=true  aResultDetail=0
00:02:28.097197 nspr-5   Saving settings file "/home/berend/VirtualBox VMs/mint qtile test/mint qtile test.vbox" with version "1.16-linux"
00:02:28.130182 nspr-3   Saving settings file "/home/berend/VirtualBox VMs/mint qtile test/mint qtile test.vbox" with version "1.16-linux"
00:02:28.167167 nspr-4   WARNING [COM]: aRC=NS_ERROR_FAILURE (0x80004005) aIID={16ced992-5fdc-4aba-aff5-6a39bbd7c38b} aComponent={HostWrap} aText={VirtualBox is not currently allowed to access USB devices.  You can change this by adding your user to the 'vboxusers' group.  Please see the user manual for a more detailed explanation}, preserve=true  aResultDetail=0
00:02:28.167980 nspr-4   WARNING [COM]: aRC=NS_ERROR_FAILURE (0x80004005) aIID={16ced992-5fdc-4aba-aff5-6a39bbd7c38b} aComponent={HostWrap} aText={VirtualBox is not currently allowed to access USB devices.  You can change this by adding your user to the 'vboxusers' group.  Please see the user manual for a more detailed explanation}, preserve=true  aResultDetail=0
00:03:57.316290 nspr-7   Saving settings file "/home/berend/.config/VirtualBox/VirtualBox.xml" with version "1.12-linux"
00:03:57.328038 nspr-5   Saving settings file "/home/berend/.config/VirtualBox/VirtualBox.xml" with version "1.12-linux"
00:03:57.330754 nspr-8   Saving settings file "/home/berend/.config/VirtualBox/VirtualBox.xml" with version "1.12-linux"
00:11:21.971645 nspr-2   WARNING [COM]: aRC=NS_ERROR_FAILURE (0x80004005) aIID={16ced992-5fdc-4aba-aff5-6a39bbd7c38b} aComponent={HostWrap} aText={VirtualBox is not currently allowed to access USB devices.  You can change this by adding your user to the 'vboxusers' group.  Please see the user manual for a more detailed explanation}, preserve=false aResultDetail=0
00:11:23.611804 nspr-8   Saving settings file "/home/berend/VirtualBox VMs/mint qtile test/mint qtile test.vbox" with version "1.16-linux"
00:11:33.899534 nspr-2   Saving settings file "/home/berend/VirtualBox VMs/mint qtile test/mint qtile test.vbox" with version "1.16-linux"
00:11:36.817387 nspr-3   Saving settings file "/home/berend/VirtualBox VMs/mint qtile test/mint qtile test.vbox" with version "1.16-linux"
00:11:46.654444 nspr-3   ERROR [COM]: aRC=NS_ERROR_FAILURE (0x80004005) aIID={027bc463-929c-40e8-bf16-fea557cd8e7e} aComponent={SystemPropertiesWrap} aText={Cannot determine default Guest Additions ISO location. Most likely they are not available}, preserve=false aResultDetail=0
00:11:56.852334 nspr-8   Saving settings file "/home/berend/VirtualBox VMs/mint qtile test/mint qtile test.vbox" with version "1.16-linux"
00:12:02.209289 nspr-7   ERROR [COM]: aRC=NS_ERROR_FAILURE (0x80004005) aIID={027bc463-929c-40e8-bf16-fea557cd8e7e} aComponent={SystemPropertiesWrap} aText={Cannot determine default Guest Additions ISO location. Most likely they are not available}, preserve=false aResultDetail=0
00:12:02.258631 nspr-7   Saving settings file "/home/berend/VirtualBox VMs/mint qtile test/mint qtile test.vbox" with version "1.16-linux"
00:12:05.831808 nspr-4   Saving settings file "/home/berend/VirtualBox VMs/mint qtile test/mint qtile test.vbox" with version "1.16-linux"
00:13:48.799662 nspr-5   Saving settings file "/home/berend/VirtualBox VMs/mint qtile test/mint qtile test.vbox" with version "1.16-linux"
00:14:27.056538 nspr-7   Saving settings file "/home/berend/VirtualBox VMs/mint qtile test/mint qtile test.vbox" with version "1.16-linux"
00:15:22.487434 nspr-3   Saving settings file "/home/berend/VirtualBox VMs/mint qtile test/mint qtile test.vbox" with version "1.16-linux"
00:15:36.597722 nspr-6   Saving settings file "/home/berend/VirtualBox VMs/mint qtile test/mint qtile test.vbox" with version "1.16-linux"
00:15:42.803089 nspr-8   Saving settings file "/home/berend/VirtualBox VMs/mint qtile test/mint qtile test.vbox" with version "1.16-linux"
00:15:42.818440 nspr-5   Saving settings file "/home/berend/VirtualBox VMs/mint qtile test/mint qtile test.vbox" with version "1.16-linux"
00:15:42.824039 nspr-8   Saving settings file "/home/berend/VirtualBox VMs/mint qtile test/mint qtile test.vbox" with version "1.16-linux"
00:16:22.076745 nspr-2   Saving settings file "/home/berend/VirtualBox VMs/mint qtile test/mint qtile test.vbox" with version "1.16-linux"
00:16:22.511703 nspr-8   Saving settings file "/home/berend/VirtualBox VMs/mint qtile test/mint qtile test.vbox" with version "1.16-linux"
00:16:29.252289 nspr-7   Saving settings file "/home/berend/VirtualBox VMs/mint qtile test/mint qtile test.vbox" with version "1.16-linux"
00:16:29.266527 nspr-7   Saving settings file "/home/berend/VirtualBox VMs/mint qtile test/mint qtile test.vbox" with version "1.16-linux"
00:17:29.412603 nspr-4   Saving settings file "/home/berend/VirtualBox VMs/mint qtile test/mint qtile test.vbox" with version "1.16-linux"
00:18:06.577856 nspr-4   Saving settings file "/home/berend/VirtualBox VMs/mint qtile test/mint qtile test.vbox" with version "1.16-linux"
00:27:03.678648 nspr-2   Saving settings file "/home/berend/VirtualBox VMs/mint qtile test/mint qtile test.vbox" with version "1.16-linux"
00:27:03.685624 nspr-7   Saving settings file "/home/berend/VirtualBox VMs/mint qtile test/mint qtile test.vbox" with version "1.16-linux"
00:27:03.706439 nspr-8   Saving settings file "/home/berend/VirtualBox VMs/mint qtile test/mint qtile test.vbox" with version "1.16-linux"
00:39:56.854929 nspr-8   Saving settings file "/home/berend/VirtualBox VMs/mint qtile test/mint qtile test.vbox" with version "1.16-linux"
00:39:56.866114 nspr-6   Saving settings file "/home/berend/VirtualBox VMs/mint qtile test/mint qtile test.vbox" with version "1.16-linux"
00:40:02.373959 main     VirtualBox: object deletion starts
00:40:02.374003 main     ERROR [COM]: aRC=VBOX_E_OBJECT_IN_USE (0x80bb000c) aIID={ad47ad09-787b-44ab-b343-a082a3f2dfb1} aComponent={MediumWrap} aText={Medium '/home/berend/VirtualBox VMs/mint qtile test/mint qtile test.vdi' cannot be closed because it is still attached to 1 virtual machines}, preserve=false aResultDetail=0
00:40:02.374338 main     HostDnsMonitor: shutting down ...
00:40:02.387233 main     HostDnsMonitor: shut down
00:40:02.861658 Watcher  ERROR [COM]: aRC=E_ACCESSDENIED (0x80070005) aIID={d0a0163f-e254-4e5b-a1f2-011cf991c38d} aComponent={VirtualBoxWrap} aText={The object is not ready}, preserve=false aResultDetail=0
00:40:07.387322 main     {00007f6a08017c40} HostPowerServiceLinux::~HostPowerServiceLinux: RTThreadWait() for 5000 ms failed with VERR_TIMEOUT
00:40:07.387552 main     VirtualBox: object deleted
