2023-07-16 19:42:41.487 [info] Extension host with pid 14238 started
2023-07-16 19:42:41.487 [info] Skipping acquiring lock for /home/berend/.config/Code/User/workspaceStorage/488c8a481c79498d83258e9a0110ccf0.
2023-07-16 19:42:41.611 [info] ExtensionService#_doActivateExtension vscode.emmet, startup: false, activationEvent: 'onLanguage'
2023-07-16 19:42:41.617 [info] ExtensionService#_doActivateExtension vscode.extension-editing, startup: false, activationEvent: 'onLanguage:markdown'
2023-07-16 19:42:41.621 [info] ExtensionService#_doActivateExtension vscode.markdown-language-features, startup: false, activationEvent: 'onLanguage:markdown'
2023-07-16 19:42:41.973 [info] ExtensionService#_doActivateExtension vscode.git-base, startup: true, activationEvent: '*', root cause: vscode.git
2023-07-16 19:42:41.975 [info] ExtensionService#_doActivateExtension ecmel.vscode-html-css, startup: true, activationEvent: '*'
2023-07-16 19:42:41.995 [info] ExtensionService#_doActivateExtension formulahendry.auto-rename-tag, startup: true, activationEvent: '*'
2023-07-16 19:42:42.034 [info] ExtensionService#_doActivateExtension vscode.git, startup: true, activationEvent: '*'
2023-07-16 19:42:42.049 [info] ExtensionService#_doActivateExtension vscode.github, startup: true, activationEvent: '*'
2023-07-16 19:42:42.057 [info] ExtensionService#_doActivateExtension vscode.markdown-math, startup: false, activationEvent: 'api', root cause: vscode.markdown-language-features
2023-07-16 19:42:42.067 [info] ExtensionService#_doActivateExtension bierner.markdown-mermaid, startup: false, activationEvent: 'api', root cause: vscode.markdown-language-features
2023-07-16 19:42:42.179 [info] Eager extensions activated
2023-07-16 19:42:42.184 [info] ExtensionService#_doActivateExtension vscode.debug-auto-launch, startup: false, activationEvent: 'onStartupFinished'
2023-07-16 19:42:42.186 [info] ExtensionService#_doActivateExtension vscode.merge-conflict, startup: false, activationEvent: 'onStartupFinished'
2023-07-16 19:42:42.190 [info] ExtensionService#_doActivateExtension aaron-bond.better-comments, startup: false, activationEvent: 'onStartupFinished'
2023-07-16 19:42:42.196 [info] ExtensionService#_doActivateExtension vscode.github-authentication, startup: false, activationEvent: 'onStartupFinished', root cause: GitHub.vscode-pull-request-github
2023-07-16 19:42:42.205 [info] ExtensionService#_doActivateExtension JackMacWindows.craftos-pc, startup: false, activationEvent: 'onStartupFinished'
2023-07-16 19:42:42.244 [info] ExtensionService#_doActivateExtension LeonardSSH.vscord, startup: false, activationEvent: 'onStartupFinished'
2023-07-16 19:42:42.256 [info] ExtensionService#_doActivateExtension PKief.material-icon-theme, startup: false, activationEvent: 'onStartupFinished'
2023-07-16 19:42:42.261 [info] ExtensionService#_doActivateExtension ritwickdey.LiveServer, startup: false, activationEvent: 'onStartupFinished'
2023-07-16 19:42:42.268 [info] ExtensionService#_doActivateExtension streetsidesoftware.code-spell-checker, startup: false, activationEvent: 'onStartupFinished'
2023-07-16 19:42:42.294 [info] ExtensionService#_doActivateExtension usernamehw.errorlens, startup: false, activationEvent: 'onStartupFinished'
2023-07-16 19:42:42.365 [info] ExtensionService#_doActivateExtension GitHub.vscode-pull-request-github, startup: false, activationEvent: 'onStartupFinished'
2023-07-16 19:42:42.434 [info] ExtensionService#_doActivateExtension vscode.microsoft-authentication, startup: false, activationEvent: 'onAuthenticationRequest:microsoft'
2023-07-16 19:49:42.370 [info] ExtensionService#_doActivateExtension vscode.npm, startup: false, activationEvent: 'onTerminalQuickFixRequest:ms-vscode.npm-command'
2023-07-16 20:10:27.699 [info] Extension host terminating: renderer closed the MessagePort
2023-07-16 20:10:27.735 [error] Canceled: Canceled
    at new l (/usr/share/code/resources/app/out/vs/workbench/api/node/extensionHostProcess.js:99:105905)
    at s.O (/usr/share/code/resources/app/out/vs/workbench/api/node/extensionHostProcess.js:111:11754)
    at Proxy.$.<computed>.j.charCodeAt.$.<computed> (/usr/share/code/resources/app/out/vs/workbench/api/node/extensionHostProcess.js:111:9029)
    at e.ExtHostCommands.g (/usr/share/code/resources/app/out/vs/workbench/api/node/extensionHostProcess.js:99:130078)
    at e.ExtHostCommands.executeCommand (/usr/share/code/resources/app/out/vs/workbench/api/node/extensionHostProcess.js:99:129454)
    at k.registerCommand.description (/usr/share/code/resources/app/out/vs/workbench/api/node/extensionHostProcess.js:99:128747)
    at e.ExtHostCommands.h (/usr/share/code/resources/app/out/vs/workbench/api/node/extensionHostProcess.js:99:130664)
    at e.ExtHostCommands.g (/usr/share/code/resources/app/out/vs/workbench/api/node/extensionHostProcess.js:99:129554)
    at e.ExtHostCommands.executeCommand (/usr/share/code/resources/app/out/vs/workbench/api/node/extensionHostProcess.js:99:129454)
    at Object.executeCommand (/usr/share/code/resources/app/out/vs/workbench/api/node/extensionHostProcess.js:117:24230)
    at D (/usr/share/code/resources/app/extensions/git/dist/main.js:2:1261288)
    at b.invoke (/usr/share/code/resources/app/out/vs/workbench/api/node/extensionHostProcess.js:63:145)
    at deliver (/usr/share/code/resources/app/out/vs/workbench/api/node/extensionHostProcess.js:63:2121)
    at n.fire (/usr/share/code/resources/app/out/vs/workbench/api/node/extensionHostProcess.js:63:1729)
    at Object.m [as dispose] (/usr/share/code/resources/app/extensions/git/dist/main.js:2:1276121)
    at /usr/share/code/resources/app/extensions/git/dist/main.js:2:1280622
    at Array.forEach (<anonymous>)
    at g.dispose (/usr/share/code/resources/app/extensions/git/dist/main.js:2:1280608)
    at r.<anonymous> (/usr/share/code/resources/app/out/vs/workbench/api/node/extensionHostProcess.js:97:12552)
    at r.dispose (/usr/share/code/resources/app/out/vs/workbench/api/node/extensionHostProcess.js:97:12687)
    at r.<anonymous> (/usr/share/code/resources/app/extensions/git/dist/main.js:2:1263418)
    at r.dispose (/usr/share/code/resources/app/out/vs/workbench/api/node/extensionHostProcess.js:97:12687)
    at I (/usr/share/code/resources/app/out/vs/workbench/api/node/extensionHostProcess.js:10:12083)
    at n.Z (/usr/share/code/resources/app/out/vs/workbench/api/node/extensionHostProcess.js:113:11285)
    at /usr/share/code/resources/app/out/vs/workbench/api/node/extensionHostProcess.js:113:9187
    at Array.map (<anonymous>)
    at n.S (/usr/share/code/resources/app/out/vs/workbench/api/node/extensionHostProcess.js:113:9175)
    at n.terminate (/usr/share/code/resources/app/out/vs/workbench/api/node/extensionHostProcess.js:113:9445)
    at h.terminate (/usr/share/code/resources/app/out/vs/workbench/api/node/extensionHostProcess.js:117:1544)
    at p (/usr/share/code/resources/app/out/vs/workbench/api/node/extensionHostProcess.js:127:34497)
    at MessagePortMain.<anonymous> (/usr/share/code/resources/app/out/vs/workbench/api/node/extensionHostProcess.js:127:30636)
    at MessagePortMain.emit (node:events:513:28)
    at Object.MessagePortMain._internalPort.emit (node:electron/js2c/utility_init:2:367) setContext undefined
2023-07-16 20:10:27.737 [error] Canceled: Canceled
    at new l (/usr/share/code/resources/app/out/vs/workbench/api/node/extensionHostProcess.js:99:105905)
    at s.O (/usr/share/code/resources/app/out/vs/workbench/api/node/extensionHostProcess.js:111:11754)
    at Proxy.$.<computed>.j.charCodeAt.$.<computed> (/usr/share/code/resources/app/out/vs/workbench/api/node/extensionHostProcess.js:111:9029)
    at e.ExtHostCommands.g (/usr/share/code/resources/app/out/vs/workbench/api/node/extensionHostProcess.js:99:130078)
    at e.ExtHostCommands.executeCommand (/usr/share/code/resources/app/out/vs/workbench/api/node/extensionHostProcess.js:99:129454)
    at k.registerCommand.description (/usr/share/code/resources/app/out/vs/workbench/api/node/extensionHostProcess.js:99:128747)
    at e.ExtHostCommands.h (/usr/share/code/resources/app/out/vs/workbench/api/node/extensionHostProcess.js:99:130664)
    at e.ExtHostCommands.g (/usr/share/code/resources/app/out/vs/workbench/api/node/extensionHostProcess.js:99:129554)
    at e.ExtHostCommands.executeCommand (/usr/share/code/resources/app/out/vs/workbench/api/node/extensionHostProcess.js:99:129454)
    at Object.executeCommand (/usr/share/code/resources/app/out/vs/workbench/api/node/extensionHostProcess.js:117:24230)
    at p.VscodeDevShareProvider.set b [as b] (/usr/share/code/resources/app/extensions/github/dist/extension.js:2:152873)
    at /usr/share/code/resources/app/extensions/github/dist/extension.js:2:153583
    at /usr/share/code/resources/app/extensions/git/dist/main.js:2:1348881
    at b.invoke (/usr/share/code/resources/app/out/vs/workbench/api/node/extensionHostProcess.js:63:145)
    at deliver (/usr/share/code/resources/app/out/vs/workbench/api/node/extensionHostProcess.js:63:2121)
    at n.fire (/usr/share/code/resources/app/out/vs/workbench/api/node/extensionHostProcess.js:63:1729)
    at Object.m [as dispose] (/usr/share/code/resources/app/extensions/git/dist/main.js:2:1276121)
    at /usr/share/code/resources/app/extensions/git/dist/main.js:2:1280622
    at Array.forEach (<anonymous>)
    at g.dispose (/usr/share/code/resources/app/extensions/git/dist/main.js:2:1280608)
    at r.<anonymous> (/usr/share/code/resources/app/out/vs/workbench/api/node/extensionHostProcess.js:97:12552)
    at r.dispose (/usr/share/code/resources/app/out/vs/workbench/api/node/extensionHostProcess.js:97:12687)
    at r.<anonymous> (/usr/share/code/resources/app/extensions/git/dist/main.js:2:1263418)
    at r.dispose (/usr/share/code/resources/app/out/vs/workbench/api/node/extensionHostProcess.js:97:12687)
    at I (/usr/share/code/resources/app/out/vs/workbench/api/node/extensionHostProcess.js:10:12083)
    at n.Z (/usr/share/code/resources/app/out/vs/workbench/api/node/extensionHostProcess.js:113:11285)
    at /usr/share/code/resources/app/out/vs/workbench/api/node/extensionHostProcess.js:113:9187
    at Array.map (<anonymous>)
    at n.S (/usr/share/code/resources/app/out/vs/workbench/api/node/extensionHostProcess.js:113:9175)
    at n.terminate (/usr/share/code/resources/app/out/vs/workbench/api/node/extensionHostProcess.js:113:9445)
    at h.terminate (/usr/share/code/resources/app/out/vs/workbench/api/node/extensionHostProcess.js:117:1544)
    at p (/usr/share/code/resources/app/out/vs/workbench/api/node/extensionHostProcess.js:127:34497)
    at MessagePortMain.<anonymous> (/usr/share/code/resources/app/out/vs/workbench/api/node/extensionHostProcess.js:127:30636)
    at MessagePortMain.emit (node:events:513:28)
    at Object.MessagePortMain._internalPort.emit (node:electron/js2c/utility_init:2:367) setContext undefined
2023-07-16 20:10:27.738 [error] Canceled: Canceled
    at new l (/usr/share/code/resources/app/out/vs/workbench/api/node/extensionHostProcess.js:99:105905)
    at s.O (/usr/share/code/resources/app/out/vs/workbench/api/node/extensionHostProcess.js:111:11754)
    at Proxy.$.<computed>.j.charCodeAt.$.<computed> (/usr/share/code/resources/app/out/vs/workbench/api/node/extensionHostProcess.js:111:9029)
    at e.ExtHostCommands.g (/usr/share/code/resources/app/out/vs/workbench/api/node/extensionHostProcess.js:99:130078)
    at e.ExtHostCommands.executeCommand (/usr/share/code/resources/app/out/vs/workbench/api/node/extensionHostProcess.js:99:129454)
    at k.registerCommand.description (/usr/share/code/resources/app/out/vs/workbench/api/node/extensionHostProcess.js:99:128747)
    at e.ExtHostCommands.h (/usr/share/code/resources/app/out/vs/workbench/api/node/extensionHostProcess.js:99:130664)
    at e.ExtHostCommands.g (/usr/share/code/resources/app/out/vs/workbench/api/node/extensionHostProcess.js:99:129554)
    at e.ExtHostCommands.executeCommand (/usr/share/code/resources/app/out/vs/workbench/api/node/extensionHostProcess.js:99:129454)
    at Object.executeCommand (/usr/share/code/resources/app/out/vs/workbench/api/node/extensionHostProcess.js:117:24230)
    at e (/home/berend/.vscode/extensions/github.vscode-pull-request-github-0.66.2/dist/extension.js:1690:1445)
    at Object.n [as setContext] (/home/berend/.vscode/extensions/github.vscode-pull-request-github-0.66.2/dist/extension.js:1690:1560)
    at ep.updateActiveReviewCount (/home/berend/.vscode/extensions/github.vscode-pull-request-github-0.66.2/dist/extension.js:1803:22243)
    at ep.removeRepo (/home/berend/.vscode/extensions/github.vscode-pull-request-github-0.66.2/dist/extension.js:1803:23320)
    at /home/berend/.vscode/extensions/github.vscode-pull-request-github-0.66.2/dist/extension.js:1849:4083
    at b.invoke (/usr/share/code/resources/app/out/vs/workbench/api/node/extensionHostProcess.js:63:145)
    at deliver (/usr/share/code/resources/app/out/vs/workbench/api/node/extensionHostProcess.js:63:2121)
    at n.fire (/usr/share/code/resources/app/out/vs/workbench/api/node/extensionHostProcess.js:63:1729)
    at /home/berend/.vscode/extensions/github.vscode-pull-request-github-0.66.2/dist/extension.js:1659:461548
    at b.invoke (/usr/share/code/resources/app/out/vs/workbench/api/node/extensionHostProcess.js:63:145)
    at deliver (/usr/share/code/resources/app/out/vs/workbench/api/node/extensionHostProcess.js:63:2121)
    at n.fire (/usr/share/code/resources/app/out/vs/workbench/api/node/extensionHostProcess.js:63:1729)
    at /home/berend/.vscode/extensions/github.vscode-pull-request-github-0.66.2/dist/extension.js:1803:27126
    at /usr/share/code/resources/app/extensions/git/dist/main.js:2:1348881
    at b.invoke (/usr/share/code/resources/app/out/vs/workbench/api/node/extensionHostProcess.js:63:145)
    at deliver (/usr/share/code/resources/app/out/vs/workbench/api/node/extensionHostProcess.js:63:2121)
    at n.fire (/usr/share/code/resources/app/out/vs/workbench/api/node/extensionHostProcess.js:63:1729)
    at Object.m [as dispose] (/usr/share/code/resources/app/extensions/git/dist/main.js:2:1276121)
    at /usr/share/code/resources/app/extensions/git/dist/main.js:2:1280622
    at Array.forEach (<anonymous>)
    at g.dispose (/usr/share/code/resources/app/extensions/git/dist/main.js:2:1280608)
    at r.<anonymous> (/usr/share/code/resources/app/out/vs/workbench/api/node/extensionHostProcess.js:97:12552)
    at r.dispose (/usr/share/code/resources/app/out/vs/workbench/api/node/extensionHostProcess.js:97:12687)
    at r.<anonymous> (/usr/share/code/resources/app/extensions/git/dist/main.js:2:1263418)
    at r.dispose (/usr/share/code/resources/app/out/vs/workbench/api/node/extensionHostProcess.js:97:12687)
    at I (/usr/share/code/resources/app/out/vs/workbench/api/node/extensionHostProcess.js:10:12083)
    at n.Z (/usr/share/code/resources/app/out/vs/workbench/api/node/extensionHostProcess.js:113:11285)
    at /usr/share/code/resources/app/out/vs/workbench/api/node/extensionHostProcess.js:113:9187
    at Array.map (<anonymous>)
    at n.S (/usr/share/code/resources/app/out/vs/workbench/api/node/extensionHostProcess.js:113:9175)
    at n.terminate (/usr/share/code/resources/app/out/vs/workbench/api/node/extensionHostProcess.js:113:9445)
    at h.terminate (/usr/share/code/resources/app/out/vs/workbench/api/node/extensionHostProcess.js:117:1544)
    at p (/usr/share/code/resources/app/out/vs/workbench/api/node/extensionHostProcess.js:127:34497)
    at MessagePortMain.<anonymous> (/usr/share/code/resources/app/out/vs/workbench/api/node/extensionHostProcess.js:127:30636)
    at MessagePortMain.emit (node:events:513:28)
    at Object.MessagePortMain._internalPort.emit (node:electron/js2c/utility_init:2:367) setContext undefined
2023-07-16 20:10:27.738 [error] Canceled: Canceled
    at new l (/usr/share/code/resources/app/out/vs/workbench/api/node/extensionHostProcess.js:99:105905)
    at s.O (/usr/share/code/resources/app/out/vs/workbench/api/node/extensionHostProcess.js:111:11754)
    at Proxy.$.<computed>.j.charCodeAt.$.<computed> (/usr/share/code/resources/app/out/vs/workbench/api/node/extensionHostProcess.js:111:9029)
    at e.ExtHostCommands.g (/usr/share/code/resources/app/out/vs/workbench/api/node/extensionHostProcess.js:99:130078)
    at e.ExtHostCommands.executeCommand (/usr/share/code/resources/app/out/vs/workbench/api/node/extensionHostProcess.js:99:129454)
    at k.registerCommand.description (/usr/share/code/resources/app/out/vs/workbench/api/node/extensionHostProcess.js:99:128747)
    at e.ExtHostCommands.h (/usr/share/code/resources/app/out/vs/workbench/api/node/extensionHostProcess.js:99:130664)
    at e.ExtHostCommands.g (/usr/share/code/resources/app/out/vs/workbench/api/node/extensionHostProcess.js:99:129554)
    at e.ExtHostCommands.executeCommand (/usr/share/code/resources/app/out/vs/workbench/api/node/extensionHostProcess.js:99:129454)
    at Object.executeCommand (/usr/share/code/resources/app/out/vs/workbench/api/node/extensionHostProcess.js:117:24230)
    at Fg.reset (/home/berend/.vscode/extensions/github.vscode-pull-request-github-0.66.2/dist/extension.js:1836:2501)
    at Fg.dispose (/home/berend/.vscode/extensions/github.vscode-pull-request-github-0.66.2/dist/extension.js:1836:2740)
    at I (/usr/share/code/resources/app/out/vs/workbench/api/node/extensionHostProcess.js:10:12083)
    at n.Z (/usr/share/code/resources/app/out/vs/workbench/api/node/extensionHostProcess.js:113:11285)
    at /usr/share/code/resources/app/out/vs/workbench/api/node/extensionHostProcess.js:113:9187
    at Array.map (<anonymous>)
    at n.S (/usr/share/code/resources/app/out/vs/workbench/api/node/extensionHostProcess.js:113:9175)
    at n.terminate (/usr/share/code/resources/app/out/vs/workbench/api/node/extensionHostProcess.js:113:9445)
    at h.terminate (/usr/share/code/resources/app/out/vs/workbench/api/node/extensionHostProcess.js:117:1544)
    at p (/usr/share/code/resources/app/out/vs/workbench/api/node/extensionHostProcess.js:127:34497)
    at MessagePortMain.<anonymous> (/usr/share/code/resources/app/out/vs/workbench/api/node/extensionHostProcess.js:127:30636)
    at MessagePortMain.emit (node:events:513:28)
    at Object.MessagePortMain._internalPort.emit (node:electron/js2c/utility_init:2:367) setContext undefined
2023-07-16 20:10:27.746 [info] Extension host with pid 14238 exiting with code 0
