2023-08-14 15:27:18.904 [info] Reading sessions from keychain...
2023-08-14 15:27:18.904 [info] Getting sessions for all scopes...
2023-08-14 15:27:18.904 [info] Getting sessions for user:email...
2023-08-14 15:27:18.904 [info] Getting sessions for all scopes...
2023-08-14 15:27:18.908 [info] Getting sessions for read:user,repo,user:email,workflow...
2023-08-14 15:27:24.273 [info] Got stored sessions!
2023-08-14 15:27:24.273 [info] Got 1 verified sessions.
2023-08-14 15:27:24.273 [info] Got 1 sessions for ...
2023-08-14 15:27:24.273 [info] Got 0 sessions for user:email...
2023-08-14 15:27:24.273 [info] Got 1 sessions for ...
2023-08-14 15:27:24.273 [info] Got 1 sessions for read:user,repo,user:email,workflow...
2023-08-14 15:27:24.273 [info] Reading sessions from keychain...
2023-08-14 15:27:24.273 [info] Reading sessions from keychain...
2023-08-14 15:27:24.289 [info] Got stored sessions!
2023-08-14 15:27:24.289 [info] Got 1 verified sessions.
2023-08-14 15:27:24.289 [info] Got stored sessions!
2023-08-14 15:27:24.289 [info] Got 1 verified sessions.
2023-08-14 15:27:24.340 [info] Getting sessions for all scopes...
2023-08-14 15:27:24.340 [info] Got 1 sessions for ...
2023-08-14 15:27:36.439 [info] Reading sessions from keychain...
2023-08-14 15:27:36.439 [info] Getting sessions for all scopes...
2023-08-14 15:27:36.439 [info] Getting sessions for user:email...
2023-08-14 15:27:36.470 [info] Got stored sessions!
2023-08-14 15:27:36.470 [info] Got 1 verified sessions.
2023-08-14 15:27:36.470 [info] Got 1 sessions for ...
2023-08-14 15:27:36.470 [info] Got 0 sessions for user:email...
2023-08-14 15:27:36.476 [info] Getting sessions for all scopes...
2023-08-14 15:27:36.476 [info] Got 1 sessions for ...
2023-08-14 15:27:36.677 [info] Getting sessions for all scopes...
2023-08-14 15:27:36.677 [info] Got 1 sessions for ...
2023-08-14 15:27:36.763 [info] Getting sessions for read:user,repo,user:email,workflow...
2023-08-14 15:27:36.763 [info] Got 1 sessions for read:user,repo,user:email,workflow...
