2023-08-14 15:40:30.623 [info] Telemetry level is off
2023-08-14 15:40:30.623 [info] Experiments are disabled, only manually opted experiments are active.
2023-08-14 15:40:30.682 [info] Test server listening.
2023-08-14 15:40:30.692 [info] > conda info --json
2023-08-14 15:40:30.801 [info] Python interpreter path: /bin/python3
2023-08-14 15:40:30.827 [info] Found: /bin/python2 --> /bin/python2.7
2023-08-14 15:40:30.828 [info] Found: /bin/python2.7 --> /bin/python2.7
2023-08-14 15:40:30.835 [info] Found: /bin/python3 --> /bin/python3.10
2023-08-14 15:40:30.838 [info] Found: /bin/python3.10 --> /bin/python3.10
2023-08-14 15:40:30.856 [info] Found: /usr/bin/python2 --> /usr/bin/python2.7
2023-08-14 15:40:30.857 [info] Found: /usr/bin/python2.7 --> /usr/bin/python2.7
2023-08-14 15:40:30.857 [info] Found: /usr/bin/python3 --> /usr/bin/python3.10
2023-08-14 15:40:30.857 [info] Found: /usr/bin/python3.10 --> /usr/bin/python3.10
2023-08-14 15:40:30.863 [info] Found: /usr/local/bin/python --> /usr/bin/python3.10
2023-08-14 15:40:30.874 [info] > /bin/python2 -I ~/.vscode/extensions/ms-python.python-2023.14.0/pythonFiles/get_output_via_markers.py ~/.vscode/extensions/ms-python.python-2023.14.0/pythonFiles/interpreterInfo.py
2023-08-14 15:40:30.876 [warning] Error: Command failed: /bin/python2 -I /home/berend/.vscode/extensions/ms-python.python-2023.14.0/pythonFiles/get_output_via_markers.py /home/berend/.vscode/extensions/ms-python.python-2023.14.0/pythonFiles/interpreterInfo.py
Unknown option: -I
usage: /bin/python2 [option] ... [-c cmd | -m mod | file | -] [arg] ...
Try `python -h' for more information.

    at ChildProcess.exithandler (node:child_process:409:12)
    at ChildProcess.emit (node:events:513:28)
    at maybeClose (node:internal/child_process:1121:16)
    at Socket.<anonymous> (node:internal/child_process:479:11)
    at Socket.emit (node:events:513:28)
    at Pipe.<anonymous> (node:net:757:14) {
  code: 2,
  killed: false,
  signal: null,
  cmd: '/bin/python2 -I /home/berend/.vscode/extensions/ms-python.python-2023.14.0/pythonFiles/get_output_via_markers.py /home/berend/.vscode/extensions/ms-python.python-2023.14.0/pythonFiles/interpreterInfo.py'
}
2023-08-14 15:40:30.876 [error] Support for Python 2.7 has been dropped by the Python extension so certain features may not work, upgrade to using Python 3.
2023-08-14 15:40:30.881 [info] > /bin/python2 ~/.vscode/extensions/ms-python.python-2023.14.0/pythonFiles/get_output_via_markers.py ~/.vscode/extensions/ms-python.python-2023.14.0/pythonFiles/interpreterInfo.py
2023-08-14 15:40:30.888 [info] > /bin/python3 -I ~/.vscode/extensions/ms-python.python-2023.14.0/pythonFiles/get_output_via_markers.py ~/.vscode/extensions/ms-python.python-2023.14.0/pythonFiles/interpreterInfo.py
2023-08-14 15:40:30.897 [info] > /usr/bin/python2 -I ~/.vscode/extensions/ms-python.python-2023.14.0/pythonFiles/get_output_via_markers.py ~/.vscode/extensions/ms-python.python-2023.14.0/pythonFiles/interpreterInfo.py
2023-08-14 15:40:30.908 [warning] Error: Command failed: /usr/bin/python2 -I /home/berend/.vscode/extensions/ms-python.python-2023.14.0/pythonFiles/get_output_via_markers.py /home/berend/.vscode/extensions/ms-python.python-2023.14.0/pythonFiles/interpreterInfo.py
Unknown option: -I
usage: /usr/bin/python2 [option] ... [-c cmd | -m mod | file | -] [arg] ...
Try `python -h' for more information.

    at ChildProcess.exithandler (node:child_process:409:12)
    at ChildProcess.emit (node:events:513:28)
    at maybeClose (node:internal/child_process:1121:16)
    at Socket.<anonymous> (node:internal/child_process:479:11)
    at Socket.emit (node:events:513:28)
    at Pipe.<anonymous> (node:net:757:14) {
  code: 2,
  killed: false,
  signal: null,
  cmd: '/usr/bin/python2 -I /home/berend/.vscode/extensions/ms-python.python-2023.14.0/pythonFiles/get_output_via_markers.py /home/berend/.vscode/extensions/ms-python.python-2023.14.0/pythonFiles/interpreterInfo.py'
}
2023-08-14 15:40:30.908 [error] Support for Python 2.7 has been dropped by the Python extension so certain features may not work, upgrade to using Python 3.
2023-08-14 15:40:30.912 [info] > /usr/bin/python2 ~/.vscode/extensions/ms-python.python-2023.14.0/pythonFiles/get_output_via_markers.py ~/.vscode/extensions/ms-python.python-2023.14.0/pythonFiles/interpreterInfo.py
2023-08-14 15:40:30.924 [info] > /usr/bin/python3 -I ~/.vscode/extensions/ms-python.python-2023.14.0/pythonFiles/get_output_via_markers.py ~/.vscode/extensions/ms-python.python-2023.14.0/pythonFiles/interpreterInfo.py
2023-08-14 15:40:32.251 [info] Starting Pylance language server.
2023-08-14 15:40:42.346 [info] Discover tests for workspace name: qtile - uri: /home/berend/.config/qtile/config.py
2023-08-14 15:40:46.677 [info] Discover tests for workspace name: qtile - uri: /home/berend/.config/qtile/config.py
2023-08-14 15:40:48.595 [info] > /bin/python3 -m autopep8 --diff --line-range 202 203 ./config.py.710f3b36b7b237ff57a50a18ea29f1ff.tmp
2023-08-14 15:40:48.595 [info] cwd: .
2023-08-14 15:40:48.615 [info] > /bin/python3 -c "import autopep8"
2023-08-14 15:40:48.706 [info] > /bin/python3 -c "import autopep8"
2023-08-14 15:40:48.777 [error] 
Please install 'autopep8' into your environment. 
If you don't want to use it you can turn it off or use another formatter in the settings.
2023-08-14 15:40:48.777 [error] Formatting with autopep8 failed:
Error: Module 'autopep8' not installed.
2023-08-14 15:40:49.894 [info] Discover tests for workspace name: qtile - uri: /home/berend/.config/qtile/config.py
2023-08-14 15:40:50.992 [info] Discover tests for workspace name: qtile - uri: /home/berend/.config/qtile/config.py
2023-08-14 15:40:54.808 [info] Discover tests for workspace name: qtile - uri: /home/berend/.config/qtile/config.py
2023-08-14 15:41:04.414 [info] Discover tests for workspace name: qtile - uri: /home/berend/.config/qtile/config.py
2023-08-14 15:41:08.729 [info] Discover tests for workspace name: qtile - uri: /home/berend/.config/qtile/config.py
2023-08-14 15:41:10.534 [info] Discover tests for workspace name: qtile - uri: /home/berend/.config/qtile/config.py
2023-08-14 15:41:19.834 [info] Discover tests for workspace name: qtile - uri: /home/berend/.config/qtile/config.py
2023-08-14 15:41:22.620 [info] > /bin/python3 -m autopep8 --diff --line-range 202 206 ./config.py.710f3b36b7b237ff57a50a18ea29f1ff.tmp
2023-08-14 15:41:22.620 [info] cwd: .
2023-08-14 15:41:22.647 [info] > /bin/python3 -c "import autopep8"
2023-08-14 15:41:22.736 [info] > /bin/python3 -c "import autopep8"
2023-08-14 15:41:22.792 [info] Discover tests for workspace name: qtile - uri: /home/berend/.config/qtile/config.py
2023-08-14 15:41:22.796 [error] Formatting with autopep8 failed:
Error: Module 'autopep8' not installed.
2023-08-14 15:41:23.917 [info] Discover tests for workspace name: qtile - uri: /home/berend/.config/qtile/config.py
2023-08-14 15:41:46.458 [info] Telemetry level is off
2023-08-14 15:41:46.458 [info] Experiments are disabled, only manually opted experiments are active.
2023-08-14 15:41:46.459 [info] Test server listening.
2023-08-14 15:41:46.468 [info] > conda info --json
2023-08-14 15:41:46.471 [info] Python interpreter path: /bin/python3
2023-08-14 15:41:46.482 [info] Found: /bin/python2 --> /bin/python2.7
2023-08-14 15:41:46.483 [info] Found: /bin/python2.7 --> /bin/python2.7
2023-08-14 15:41:46.483 [info] Found: /bin/python3 --> /bin/python3.10
2023-08-14 15:41:46.483 [info] Found: /bin/python3.10 --> /bin/python3.10
2023-08-14 15:41:46.498 [info] Found: /usr/bin/python2 --> /usr/bin/python2.7
2023-08-14 15:41:46.498 [info] Found: /usr/bin/python2.7 --> /usr/bin/python2.7
2023-08-14 15:41:46.498 [info] Found: /usr/bin/python3 --> /usr/bin/python3.10
2023-08-14 15:41:46.498 [info] Found: /usr/bin/python3.10 --> /usr/bin/python3.10
2023-08-14 15:41:46.506 [info] Found: /usr/local/bin/python --> /usr/bin/python3.10
2023-08-14 15:41:46.517 [info] > /bin/python2 -I ~/.vscode/extensions/ms-python.python-2023.14.0/pythonFiles/get_output_via_markers.py ~/.vscode/extensions/ms-python.python-2023.14.0/pythonFiles/interpreterInfo.py
2023-08-14 15:41:46.519 [warning] [Error: Command failed: /bin/python2 -I /home/berend/.vscode/extensions/ms-python.python-2023.14.0/pythonFiles/get_output_via_markers.py /home/berend/.vscode/extensions/ms-python.python-2023.14.0/pythonFiles/interpreterInfo.py
Unknown option: -I
usage: /bin/python2 [option] ... [-c cmd | -m mod | file | -] [arg] ...
Try `python -h' for more information.

	at ChildProcess.exithandler (node:child_process:409:12)
	at ChildProcess.emit (node:events:513:28)
	at maybeClose (node:internal/child_process:1121:16)
	at Socket.<anonymous> (node:internal/child_process:479:11)
	at Socket.emit (node:events:513:28)
	at Pipe.<anonymous> (node:net:757:14)] {
  code: 2,
  killed: false,
  signal: null,
  cmd: '/bin/python2 -I /home/berend/.vscode/extensions/ms-python.python-2023.14.0/pythonFiles/get_output_via_markers.py /home/berend/.vscode/extensions/ms-python.python-2023.14.0/pythonFiles/interpreterInfo.py'
}
2023-08-14 15:41:46.519 [error] Support for Python 2.7 has been dropped by the Python extension so certain features may not work, upgrade to using Python 3.
2023-08-14 15:41:46.523 [info] > /bin/python2 ~/.vscode/extensions/ms-python.python-2023.14.0/pythonFiles/get_output_via_markers.py ~/.vscode/extensions/ms-python.python-2023.14.0/pythonFiles/interpreterInfo.py
2023-08-14 15:41:46.527 [info] > /bin/python3 -I ~/.vscode/extensions/ms-python.python-2023.14.0/pythonFiles/get_output_via_markers.py ~/.vscode/extensions/ms-python.python-2023.14.0/pythonFiles/interpreterInfo.py
2023-08-14 15:41:46.534 [info] > /usr/bin/python2 -I ~/.vscode/extensions/ms-python.python-2023.14.0/pythonFiles/get_output_via_markers.py ~/.vscode/extensions/ms-python.python-2023.14.0/pythonFiles/interpreterInfo.py
2023-08-14 15:41:46.535 [warning] [Error: Command failed: /usr/bin/python2 -I /home/berend/.vscode/extensions/ms-python.python-2023.14.0/pythonFiles/get_output_via_markers.py /home/berend/.vscode/extensions/ms-python.python-2023.14.0/pythonFiles/interpreterInfo.py
Unknown option: -I
usage: /usr/bin/python2 [option] ... [-c cmd | -m mod | file | -] [arg] ...
Try `python -h' for more information.

	at ChildProcess.exithandler (node:child_process:409:12)
	at ChildProcess.emit (node:events:513:28)
	at maybeClose (node:internal/child_process:1121:16)
	at Socket.<anonymous> (node:internal/child_process:479:11)
	at Socket.emit (node:events:513:28)
	at Pipe.<anonymous> (node:net:757:14)] {
  code: 2,
  killed: false,
  signal: null,
  cmd: '/usr/bin/python2 -I /home/berend/.vscode/extensions/ms-python.python-2023.14.0/pythonFiles/get_output_via_markers.py /home/berend/.vscode/extensions/ms-python.python-2023.14.0/pythonFiles/interpreterInfo.py'
}
2023-08-14 15:41:46.535 [error] Support for Python 2.7 has been dropped by the Python extension so certain features may not work, upgrade to using Python 3.
2023-08-14 15:41:46.538 [info] > /usr/bin/python2 ~/.vscode/extensions/ms-python.python-2023.14.0/pythonFiles/get_output_via_markers.py ~/.vscode/extensions/ms-python.python-2023.14.0/pythonFiles/interpreterInfo.py
2023-08-14 15:41:46.547 [info] > /usr/bin/python3 -I ~/.vscode/extensions/ms-python.python-2023.14.0/pythonFiles/get_output_via_markers.py ~/.vscode/extensions/ms-python.python-2023.14.0/pythonFiles/interpreterInfo.py
2023-08-14 15:41:48.417 [info] Starting Pylance language server.
2023-08-14 15:42:21.839 [info] Discover tests for workspace name: qtile - uri: /home/berend/.config/qtile/config.py
2023-08-14 15:42:27.337 [info] Discover tests for workspace name: qtile - uri: /home/berend/.config/qtile/config.py
2023-08-14 15:42:33.773 [info] Discover tests for workspace name: qtile - uri: /home/berend/.config/qtile/config.py
2023-08-14 15:42:41.269 [info] Discover tests for workspace name: qtile - uri: /home/berend/.config/qtile/config.py
2023-08-14 15:42:44.573 [info] Discover tests for workspace name: qtile - uri: /home/berend/.config/qtile/config.py
2023-08-14 15:42:48.533 [info] Discover tests for workspace name: qtile - uri: /home/berend/.config/qtile/config.py
2023-08-14 15:42:52.304 [info] Discover tests for workspace name: qtile - uri: /home/berend/.config/qtile/config.py
2023-08-14 15:42:55.809 [info] Discover tests for workspace name: qtile - uri: /home/berend/.config/qtile/config.py
2023-08-14 15:42:57.618 [info] Discover tests for workspace name: qtile - uri: /home/berend/.config/qtile/config.py
2023-08-14 15:43:01.411 [info] > /bin/python3 -m autopep8 --diff --line-range 202 206 ./config.py.710f3b36b7b237ff57a50a18ea29f1ff.tmp
2023-08-14 15:43:01.411 [info] cwd: .
2023-08-14 15:43:01.434 [info] > /bin/python3 -c "import autopep8"
2023-08-14 15:43:01.501 [info] > /bin/python3 -c "import autopep8"
2023-08-14 15:43:01.575 [error] 
Please install 'autopep8' into your environment. 
If you don't want to use it you can turn it off or use another formatter in the settings.
2023-08-14 15:43:01.575 [error] Formatting with autopep8 failed:
Error: Module 'autopep8' not installed.
2023-08-14 15:43:02.711 [info] Discover tests for workspace name: qtile - uri: /home/berend/.config/qtile/config.py
2023-08-14 15:43:06.118 [info] Discover tests for workspace name: qtile - uri: /home/berend/.config/qtile/config.py
2023-08-14 15:43:18.031 [info] > /bin/python3 -m autopep8 --diff --line-range 208 214 ./config.py.710f3b36b7b237ff57a50a18ea29f1ff.tmp
2023-08-14 15:43:18.031 [info] cwd: .
2023-08-14 15:43:18.049 [info] > /bin/python3 -c "import autopep8"
2023-08-14 15:43:18.132 [info] > /bin/python3 -c "import autopep8"
2023-08-14 15:43:18.207 [error] Formatting with autopep8 failed:
Error: Module 'autopep8' not installed.
2023-08-14 15:43:19.333 [info] Discover tests for workspace name: qtile - uri: /home/berend/.config/qtile/config.py
2023-08-14 15:43:22.624 [info] Discover tests for workspace name: qtile - uri: /home/berend/.config/qtile/config.py
2023-08-14 15:43:28.776 [info] Discover tests for workspace name: qtile - uri: /home/berend/.config/qtile/config.py
2023-08-14 15:43:40.013 [info] > /bin/python3 -m autopep8 --diff --line-range 215 220 ./config.py.710f3b36b7b237ff57a50a18ea29f1ff.tmp
2023-08-14 15:43:40.013 [info] cwd: .
2023-08-14 15:43:40.038 [info] > /bin/python3 -c "import autopep8"
2023-08-14 15:43:40.126 [info] > /bin/python3 -c "import autopep8"
2023-08-14 15:43:40.199 [error] Formatting with autopep8 failed:
Error: Module 'autopep8' not installed.
2023-08-14 15:43:41.311 [info] Discover tests for workspace name: qtile - uri: /home/berend/.config/qtile/config.py
2023-08-14 15:43:47.055 [info] Discover tests for workspace name: qtile - uri: /home/berend/.config/qtile/config.py
2023-08-14 15:45:35.600 [info] Discover tests for workspace name: qtile - uri: /home/berend/.config/qtile/config.py
2023-08-14 15:45:49.864 [info] Discover tests for workspace name: qtile - uri: /home/berend/.config/qtile/config.py
2023-08-14 15:45:52.849 [info] Discover tests for workspace name: qtile - uri: /home/berend/.config/qtile/config.py
2023-08-14 15:45:55.347 [info] > /bin/python3 -m autopep8 --diff --line-range 221 226 ./config.py.710f3b36b7b237ff57a50a18ea29f1ff.tmp
2023-08-14 15:45:55.347 [info] cwd: .
2023-08-14 15:45:55.366 [info] > /bin/python3 -c "import autopep8"
2023-08-14 15:45:55.452 [info] > /bin/python3 -c "import autopep8"
2023-08-14 15:45:55.525 [error] Formatting with autopep8 failed:
Error: Module 'autopep8' not installed.
2023-08-14 15:45:56.655 [info] Discover tests for workspace name: qtile - uri: /home/berend/.config/qtile/config.py
2023-08-14 15:46:00.171 [info] Discover tests for workspace name: qtile - uri: /home/berend/.config/qtile/config.py
2023-08-14 15:46:02.762 [info] Discover tests for workspace name: qtile - uri: /home/berend/.config/qtile/config.py
2023-08-14 15:46:06.079 [info] Discover tests for workspace name: qtile - uri: /home/berend/.config/qtile/config.py
2023-08-14 15:46:07.032 [info] > /bin/python3 -m autopep8 --diff --line-range 201 201 ./config.py.710f3b36b7b237ff57a50a18ea29f1ff.tmp
2023-08-14 15:46:07.032 [info] cwd: .
2023-08-14 15:46:07.055 [info] > /bin/python3 -c "import autopep8"
2023-08-14 15:46:07.143 [info] > /bin/python3 -c "import autopep8"
2023-08-14 15:46:07.218 [error] Formatting with autopep8 failed:
Error: Module 'autopep8' not installed.
2023-08-14 15:46:08.345 [info] Discover tests for workspace name: qtile - uri: /home/berend/.config/qtile/config.py
2023-08-14 15:46:19.465 [info] Discover tests for workspace name: qtile - uri: /home/berend/.config/qtile/config.py
2023-08-14 15:46:39.387 [info] > /bin/python3 -m autopep8 --diff --line-range 222 224 ./config.py.710f3b36b7b237ff57a50a18ea29f1ff.tmp
2023-08-14 15:46:39.387 [info] cwd: .
2023-08-14 15:46:39.406 [info] > /bin/python3 -c "import autopep8"
2023-08-14 15:46:39.477 [info] > /bin/python3 -c "import autopep8"
2023-08-14 15:46:39.528 [error] Formatting with autopep8 failed:
Error: Module 'autopep8' not installed.
2023-08-14 15:46:40.685 [info] Discover tests for workspace name: qtile - uri: /home/berend/.config/qtile/config.py
2023-08-14 15:46:44.357 [info] Discover tests for workspace name: qtile - uri: /home/berend/.config/qtile/config.py
2023-08-14 15:47:02.683 [info] Discover tests for workspace name: qtile - uri: /home/berend/.config/qtile/config.py
2023-08-14 15:47:02.974 [info] > /bin/python3 -m autopep8 --diff --line-range 225 232 ./config.py.710f3b36b7b237ff57a50a18ea29f1ff.tmp
2023-08-14 15:47:02.974 [info] cwd: .
2023-08-14 15:47:03.001 [info] > /bin/python3 -c "import autopep8"
2023-08-14 15:47:03.087 [info] > /bin/python3 -c "import autopep8"
2023-08-14 15:47:03.161 [error] Formatting with autopep8 failed:
Error: Module 'autopep8' not installed.
2023-08-14 15:47:04.268 [info] Discover tests for workspace name: qtile - uri: /home/berend/.config/qtile/config.py
2023-08-14 15:47:07.197 [info] Discover tests for workspace name: qtile - uri: /home/berend/.config/qtile/config.py
2023-08-14 15:47:15.931 [info] Discover tests for workspace name: qtile - uri: /home/berend/.config/qtile/config.py
2023-08-14 15:47:19.486 [info] Discover tests for workspace name: qtile - uri: /home/berend/.config/qtile/config.py
2023-08-14 15:47:22.465 [info] Discover tests for workspace name: qtile - uri: /home/berend/.config/qtile/config.py
