Handbrake Version: 1.5.1 (2022030700)
[15:46:06] gtkgui: Preset: /Production/Production Max
[15:46:06] Starting work at: Tue Mar  7 15:46:06 2023

[15:46:06] 1 job(s) to process
[15:46:06] json job:
{
    "Audio": {
        "AudioList": [
            {
                "Bitrate": 320,
                "CompressionLevel": -1.0,
                "DRC": 0.0,
                "DitherMethod": "auto",
                "Encoder": "av_aac",
                "Gain": 0.0,
                "Mixdown": "stereo",
                "NormalizeMixLevel": false,
                "PresetEncoder": "av_aac",
                "Quality": -3.0,
                "Samplerate": 0,
                "Track": 0
            }
        ],
        "CopyMask": [
            "copy:aac"
        ],
        "FallbackEncoder": "none"
    },
    "Destination": {
        "AlignAVStart": false,
        "ChapterList": [
            {
                "Duration": {
                    "Hours": 0,
                    "Minutes": 1,
                    "Seconds": 5,
                    "Ticks": 5902614
                },
                "Name": ""
            }
        ],
        "ChapterMarkers": false,
        "File": "/home/berend/Videos/De diepte - voordracht.m4v",
        "InlineParameterSets": false,
        "Mp4Options": {
            "IpodAtom": false,
            "Mp4Optimize": false
        },
        "Mux": "m4v"
    },
    "Filters": {
        "FilterList": [
            {
                "ID": 6,
                "Settings": {
                    "mode": 1
                }
            },
            {
                "ID": 13,
                "Settings": {
                    "crop-bottom": 0,
                    "crop-left": 0,
                    "crop-right": 0,
                    "crop-top": 0,
                    "height": 1080,
                    "width": 1920
                }
            }
        ]
    },
    "Metadata": {
        "Name": "De diepte - voordracht"
    },
    "PAR": {
        "Den": 1,
        "Num": 1
    },
    "SequenceID": 0,
    "Source": {
        "Angle": 0,
        "Path": "/home/berend/Videos/nlPoezie/De diepte - voordracht.mp4",
        "Range": {
            "End": 1,
            "Start": 1,
            "Type": "chapter"
        },
        "Title": 1
    },
    "Subtitle": {
        "Search": {
            "Burn": true,
            "Default": false,
            "Enable": false,
            "Forced": false
        },
        "SubtitleList": []
    },
    "Video": {
        "ChromaLocation": 1,
        "ColorInputFormat": 0,
        "ColorMatrix": 1,
        "ColorOutputFormat": 0,
        "ColorPrimaries": 1,
        "ColorRange": 1,
        "ColorTransfer": 1,
        "Encoder": "x264",
        "Level": "auto",
        "Options": "keyint=12:min-keyint=1:ref=1:bframes=0:qcomp=0.8:aq-strength=0.5:dct-decimate=0:fast-pskip=0:deblock=-2,-2",
        "Preset": "fast",
        "Profile": "high",
        "QSV": {
            "AdapterIndex": 0,
            "AsyncDepth": 0,
            "Decode": false
        },
        "Quality": 2.0,
        "Tune": "",
        "Turbo": false,
        "TwoPass": false
    }
}
[15:46:06] CPU: AMD Ryzen 7 3700X 8-Core Processor             
[15:46:06]  - logical processor count: 16
[15:46:06] hb_scan: path=/home/berend/Videos/nlPoezie/De diepte - voordracht.mp4, title_index=1
udfread ERROR: ECMA 167 Volume Recognition failed
disc.c:333: failed opening UDF image /home/berend/Videos/nlPoezie/De diepte - voordracht.mp4
disc.c:437: error opening file BDMV/index.bdmv
disc.c:437: error opening file BDMV/BACKUP/index.bdmv
bluray.c:2652: nav_get_title_list(/home/berend/Videos/nlPoezie/De diepte - voordracht.mp4/) failed
[15:46:06] bd: not a bd - trying as a stream/file instead
libdvdread: DVDOpenFileUDF:UDFFindFile /VIDEO_TS/VIDEO_TS.IFO failed
libdvdnav: vm: vm: failed to read VIDEO_TS.IFO
[15:46:06] dvd: not a dvd - trying as a stream/file instead
Input #0, mov,mp4,m4a,3gp,3g2,mj2, from '/home/berend/Videos/nlPoezie/De diepte - voordracht.mp4':
  Metadata:
    major_brand     : mp42
    minor_version   : 0
    compatible_brands: isommp42
    creation_time   : 2023-03-07T13:22:38.000000Z
    com.android.version: 13
    com.android.capture.fps: 60,000000
  Duration: 00:01:05.58, start: 0.000000, bitrate: 15943 kb/s
  Stream #0:0(eng): Video: hevc (Main) (hvc1 / 0x31637668), yuv420p(tv, bt709), 1920x1080, 15682 kb/s, 58,57 fps, 90k tbr, 90k tbn, 90k tbc (default)
    Metadata:
      creation_time   : 2023-03-07T13:22:38.000000Z
      handler_name    : VideoHandle
      vendor_id       : [0][0][0][0]
  Stream #0:1(eng): Audio: aac (LC) (mp4a / 0x6134706D), 48000 Hz, stereo, fltp, 256 kb/s (default)
    Metadata:
      creation_time   : 2023-03-07T13:22:38.000000Z
      handler_name    : SoundHandle
      vendor_id       : [0][0][0][0]
[15:46:06] scan: decoding previews for title 1
[15:46:06] scan: audio 0x1: aac, rate=48000Hz, bitrate=256030 English (AAC LC) (2.0 ch) (256 kbps)
[15:46:06] scan: 10 previews, 1920x1080, 58,566 fps, autocrop = 0/0/0/0, aspect 16:9, PAR 1:1, color profile: 1-1-1, chroma location: left
[15:46:06] libhb: scan thread found 1 valid title(s)
[15:46:06] Starting Task: Encoding Pass
[15:46:06] Skipping crop/scale filter
[15:46:06] job configuration:
[15:46:06]  * source
[15:46:06]    + /home/berend/Videos/nlPoezie/De diepte - voordracht.mp4
[15:46:06]    + title 1, chapter(s) 1 to 1
[15:46:06]    + container: mov,mp4,m4a,3gp,3g2,mj2
[15:46:06]    + data rate: 15943 kbps
[15:46:06]  * destination
[15:46:06]    + /home/berend/Videos/De diepte - voordracht.m4v
[15:46:06]    + container: MPEG-4 (libavformat)
[15:46:06]  * video track
[15:46:06]    + decoder: hevc 8-bit (yuv420p)
[15:46:06]      + bitrate 15682 kbps
[15:46:06]    + filter
[15:46:06]      + Framerate Shaper (mode=1)
[15:46:06]        + frame rate: 58,566 fps -> constant 58,566 fps
[15:46:06]    + Output geometry
[15:46:06]      + storage dimensions: 1920 x 1080
[15:46:06]      + pixel aspect ratio: 1 : 1
[15:46:06]      + display dimensions: 1920 x 1080
[15:46:06]    + encoder: H.264 (libx264)
[15:46:06]      + preset:  fast
[15:46:06]      + options: keyint=12:min-keyint=1:ref=1:bframes=0:qcomp=0.8:aq-strength=0.5:dct-decimate=0:fast-pskip=0:deblock=-2,-2
[15:46:06]      + profile: high
[15:46:06]      + level:   auto
[15:46:06]      + quality: 2,00 (RF)
[15:46:06]      + color profile: 1-1-1
[15:46:06]      + chroma location: left
[15:46:06]  * audio track 1
[15:46:06]    + decoder: English (AAC LC) (2.0 ch) (256 kbps) (track 1, id 0x1)
[15:46:06]      + bitrate: 256 kbps, samplerate: 48000 Hz
[15:46:06]    + mixdown: Stereo
[15:46:06]    + encoder: AAC (libavcodec)
[15:46:06]      + bitrate: 320 kbps, samplerate: 48000 Hz
[15:46:06] sync: expecting 3841 video frames
[15:46:06] x264 options: Bad argument qcomp=0.8
[15:46:06] x264 options: Bad argument aq-strength=0.5
[15:46:06] encx264: min-keyint: 1, keyint: 12
[15:46:06] encx264: encoding at constant RF 2,000000
[15:46:06] encx264: unparsed options: keyint=12:keyint-min=1:ref=1:bframes=0:qcomp=0:aq-strength=0:dct-decimate=0:fast-pskip=0:deblock=-2,-2:weightp=1:subme=6:rc-lookahead=30
x264 [info]: using SAR=1/1
x264 [info]: using cpu capabilities: MMX2 SSE2Fast SSSE3 SSE4.2 AVX FMA3 BMI2 AVX2
x264 [info]: profile High, level 4.2, 4:2:0, 8-bit
[15:46:06] sync: first pts video is 0
[15:46:06] sync: Chapter 1 at frame 1 time 0
[15:46:06] sync: first pts audio 0x1 is 12986
[15:46:46] reader: done. 1 scr changes
[15:46:47] work: average encoding speed for job is 93,979073 fps
[15:46:47] vfr: 3841 frames output, 0 dropped and 0 duped for CFR/PFR
[15:46:47] vfr: lost time: 0 (0 frames)
[15:46:47] vfr: gained time: 0 (0 frames) (0 not accounted for)
[15:46:47] aac-decoder done: 3067 frames, 0 decoder errors
[15:46:47] hevc-decoder done: 3841 frames, 0 decoder errors
[15:46:47] sync: got 3841 frames, 3841 expected
[15:46:47] sync: framerate min 58,566 fps, max 58,566 fps, avg 58,566 fps
x264 [info]: frame I:438   Avg QP:16,40  size:234211
x264 [info]: frame P:3403  Avg QP:15,79  size: 80258
x264 [info]: mb I  I16..4: 22,9% 67,4%  9,7%
x264 [info]: mb P  I16..4:  1,4%  2,4%  0,1%  P16..4: 40,0% 14,4% 13,0%  0,0%  0,0%    skip:28,7%
x264 [info]: 8x8 transform intra:66,1% inter:50,7%
x264 [info]: coded y,uvDC,uvAC intra: 58,9% 49,1% 23,2% inter: 43,5% 18,4% 8,2%
x264 [info]: i16 v,h,dc,p: 45% 21% 10% 23%
x264 [info]: i8 v,h,dc,ddl,ddr,vr,hd,vl,hu: 24% 11% 36%  4%  6%  6%  4%  5%  5%
x264 [info]: i4 v,h,dc,ddl,ddr,vr,hd,vl,hu: 27% 10% 11%  8% 10% 11%  7% 10%  7%
x264 [info]: i8c dc,h,v,p: 57% 16% 23%  4%
x264 [info]: Weighted P-Frames: Y:0,9% UV:0,1%
x264 [info]: kb/s:45828,16
[15:46:47] mux: track 0, 3841 frames, 375683710 bytes, 45825,91 kbps, fifo 512
[15:46:47] mux: track 1, 3068 frames, 2637237 bytes, 321,69 kbps, fifo 256
[15:46:47] Finished work at: Tue Mar  7 15:46:47 2023

[15:46:47] libhb: work result = 0
