Handbrake Version: 1.5.1 (2022030700)
[16:30:00] gtkgui: Preset: /Production/Production Max
[16:30:00] Starting work at: Wed Mar  8 16:30:00 2023

[16:30:00] 1 job(s) to process
[16:30:00] json job:
{
    "Audio": {
        "AudioList": [
            {
                "Bitrate": 320,
                "CompressionLevel": -1.0,
                "DRC": 0.0,
                "DitherMethod": "auto",
                "Encoder": "av_aac",
                "Gain": 0.0,
                "Mixdown": "stereo",
                "NormalizeMixLevel": false,
                "PresetEncoder": "av_aac",
                "Quality": -3.0,
                "Samplerate": 0,
                "Track": 0
            }
        ],
        "CopyMask": [
            "copy:aac"
        ],
        "FallbackEncoder": "none"
    },
    "Destination": {
        "AlignAVStart": false,
        "ChapterList": [
            {
                "Duration": {
                    "Hours": 0,
                    "Minutes": 0,
                    "Seconds": 38,
                    "Ticks": 3486861
                },
                "Name": ""
            }
        ],
        "ChapterMarkers": false,
        "File": "/home/berend/Videos/voordracht.m4v",
        "InlineParameterSets": false,
        "Mp4Options": {
            "IpodAtom": false,
            "Mp4Optimize": false
        },
        "Mux": "m4v"
    },
    "Filters": {
        "FilterList": [
            {
                "ID": 6,
                "Settings": {
                    "mode": 1
                }
            },
            {
                "ID": 13,
                "Settings": {
                    "crop-bottom": 0,
                    "crop-left": 0,
                    "crop-right": 0,
                    "crop-top": 0,
                    "height": 1080,
                    "width": 1920
                }
            }
        ]
    },
    "Metadata": {
        "Name": "voordracht"
    },
    "PAR": {
        "Den": 1,
        "Num": 1
    },
    "SequenceID": 0,
    "Source": {
        "Angle": 0,
        "Path": "/home/berend/Videos/nlPoezie/voordracht.mp4",
        "Range": {
            "End": 1,
            "Start": 1,
            "Type": "chapter"
        },
        "Title": 1
    },
    "Subtitle": {
        "Search": {
            "Burn": true,
            "Default": false,
            "Enable": false,
            "Forced": false
        },
        "SubtitleList": []
    },
    "Video": {
        "ChromaLocation": 1,
        "ColorInputFormat": 0,
        "ColorMatrix": 1,
        "ColorOutputFormat": 0,
        "ColorPrimaries": 1,
        "ColorRange": 1,
        "ColorTransfer": 1,
        "Encoder": "x264",
        "Level": "auto",
        "Options": "keyint=12:min-keyint=1:ref=1:bframes=0:qcomp=0.8:aq-strength=0.5:dct-decimate=0:fast-pskip=0:deblock=-2,-2",
        "Preset": "fast",
        "Profile": "high",
        "QSV": {
            "AdapterIndex": 0,
            "AsyncDepth": 0,
            "Decode": false
        },
        "Quality": 2.0,
        "Tune": "",
        "Turbo": false,
        "TwoPass": false
    }
}
[16:30:00] CPU: AMD Ryzen 7 3700X 8-Core Processor             
[16:30:00]  - logical processor count: 16
[16:30:00] hb_scan: path=/home/berend/Videos/nlPoezie/voordracht.mp4, title_index=1
udfread ERROR: ECMA 167 Volume Recognition failed
disc.c:333: failed opening UDF image /home/berend/Videos/nlPoezie/voordracht.mp4
disc.c:437: error opening file BDMV/index.bdmv
disc.c:437: error opening file BDMV/BACKUP/index.bdmv
bluray.c:2652: nav_get_title_list(/home/berend/Videos/nlPoezie/voordracht.mp4/) failed
[16:30:00] bd: not a bd - trying as a stream/file instead
libdvdread: DVDOpenFileUDF:UDFFindFile /VIDEO_TS/VIDEO_TS.IFO failed
libdvdnav: vm: vm: failed to read VIDEO_TS.IFO
[16:30:00] dvd: not a dvd - trying as a stream/file instead
Input #0, mov,mp4,m4a,3gp,3g2,mj2, from '/home/berend/Videos/nlPoezie/voordracht.mp4':
  Metadata:
    major_brand     : mp42
    minor_version   : 0
    compatible_brands: isommp42
    creation_time   : 2023-03-08T14:52:54.000000Z
    com.android.version: 13
    com.android.capture.fps: 60,000000
  Duration: 00:00:38.74, start: 0.000000, bitrate: 16225 kb/s
  Stream #0:0(eng): Video: hevc (Main) (hvc1 / 0x31637668), yuv420p(tv, bt709), 1920x1080, 15964 kb/s, 58,46 fps, 90k tbr, 90k tbn, 90k tbc (default)
    Metadata:
      creation_time   : 2023-03-08T14:52:54.000000Z
      handler_name    : VideoHandle
      vendor_id       : [0][0][0][0]
  Stream #0:1(eng): Audio: aac (LC) (mp4a / 0x6134706D), 48000 Hz, stereo, fltp, 256 kb/s (default)
    Metadata:
      creation_time   : 2023-03-08T14:52:54.000000Z
      handler_name    : SoundHandle
      vendor_id       : [0][0][0][0]
[16:30:00] scan: decoding previews for title 1
[16:30:00] scan: audio 0x1: aac, rate=48000Hz, bitrate=256019 English (AAC LC) (2.0 ch) (256 kbps)
[16:30:00] scan: 10 previews, 1920x1080, 58,462 fps, autocrop = 0/0/0/0, aspect 16:9, PAR 1:1, color profile: 1-1-1, chroma location: left
[16:30:00] libhb: scan thread found 1 valid title(s)
[16:30:00] Starting Task: Encoding Pass
[16:30:00] Skipping crop/scale filter
[16:30:00] job configuration:
[16:30:00]  * source
[16:30:00]    + /home/berend/Videos/nlPoezie/voordracht.mp4
[16:30:00]    + title 1, chapter(s) 1 to 1
[16:30:00]    + container: mov,mp4,m4a,3gp,3g2,mj2
[16:30:00]    + data rate: 16225 kbps
[16:30:00]  * destination
[16:30:00]    + /home/berend/Videos/voordracht.m4v
[16:30:00]    + container: MPEG-4 (libavformat)
[16:30:00]  * video track
[16:30:00]    + decoder: hevc 8-bit (yuv420p)
[16:30:00]      + bitrate 15964 kbps
[16:30:00]    + filter
[16:30:00]      + Framerate Shaper (mode=1)
[16:30:00]        + frame rate: 58,462 fps -> constant 58,462 fps
[16:30:00]    + Output geometry
[16:30:00]      + storage dimensions: 1920 x 1080
[16:30:00]      + pixel aspect ratio: 1 : 1
[16:30:00]      + display dimensions: 1920 x 1080
[16:30:00]    + encoder: H.264 (libx264)
[16:30:00]      + preset:  fast
[16:30:00]      + options: keyint=12:min-keyint=1:ref=1:bframes=0:qcomp=0.8:aq-strength=0.5:dct-decimate=0:fast-pskip=0:deblock=-2,-2
[16:30:00]      + profile: high
[16:30:00]      + level:   auto
[16:30:00]      + quality: 2,00 (RF)
[16:30:00]      + color profile: 1-1-1
[16:30:00]      + chroma location: left
[16:30:00]  * audio track 1
[16:30:00]    + decoder: English (AAC LC) (2.0 ch) (256 kbps) (track 1, id 0x1)
[16:30:00]      + bitrate: 256 kbps, samplerate: 48000 Hz
[16:30:00]    + mixdown: Stereo
[16:30:00]    + encoder: AAC (libavcodec)
[16:30:00]      + bitrate: 320 kbps, samplerate: 48000 Hz
[16:30:00] sync: expecting 2265 video frames
[16:30:00] x264 options: Bad argument qcomp=0.8
[16:30:00] x264 options: Bad argument aq-strength=0.5
[16:30:00] encx264: min-keyint: 1, keyint: 12
[16:30:00] encx264: encoding at constant RF 2,000000
[16:30:00] encx264: unparsed options: keyint=12:keyint-min=1:ref=1:bframes=0:qcomp=0:aq-strength=0:dct-decimate=0:fast-pskip=0:deblock=-2,-2:weightp=1:subme=6:rc-lookahead=30
x264 [info]: using SAR=1/1
x264 [info]: using cpu capabilities: MMX2 SSE2Fast SSSE3 SSE4.2 AVX FMA3 BMI2 AVX2
x264 [info]: profile High, level 4.2, 4:2:0, 8-bit
[16:30:01] sync: first pts video is 0
[16:30:01] sync: Chapter 1 at frame 1 time 0
[16:30:01] sync: first pts audio 0x1 is 6849
[16:30:23] reader: done. 1 scr changes
[16:30:24] work: average encoding speed for job is 97,994347 fps
[16:30:24] vfr: 2266 frames output, 2 dropped and 3 duped for CFR/PFR
[16:30:24] vfr: lost time: 0 (0 frames)
[16:30:24] vfr: gained time: 0 (0 frames) (0 not accounted for)
[16:30:24] aac-decoder done: 1811 frames, 0 decoder errors
[16:30:24] hevc-decoder done: 2265 frames, 0 decoder errors
[16:30:24] sync: got 2265 frames, 2265 expected
[16:30:24] sync: framerate min 14,641 fps, max 58,594 fps, avg 58,454 fps
x264 [info]: frame I:361   Avg QP:17,91  size:142197
x264 [info]: frame P:1905  Avg QP:16,98  size: 76822
x264 [info]: mb I  I16..4: 30,7% 62,3%  7,0%
x264 [info]: mb P  I16..4:  3,6%  5,2%  0,2%  P16..4: 38,4% 11,1% 10,4%  0,0%  0,0%    skip:31,1%
x264 [info]: 8x8 transform intra:60,8% inter:57,2%
x264 [info]: coded y,uvDC,uvAC intra: 38,5% 41,8% 16,1% inter: 34,8% 26,5% 8,5%
x264 [info]: i16 v,h,dc,p: 44% 23%  8% 25%
x264 [info]: i8 v,h,dc,ddl,ddr,vr,hd,vl,hu: 34% 12% 31%  4%  4%  4%  3%  4%  3%
x264 [info]: i4 v,h,dc,ddl,ddr,vr,hd,vl,hu: 26% 12% 12%  7% 10% 10%  7%  8%  7%
x264 [info]: i8c dc,h,v,p: 59% 16% 21%  4%
x264 [info]: Weighted P-Frames: Y:2,3% UV:0,8%
x264 [info]: kb/s:40800,68
[16:30:24] mux: track 0, 2266 frames, 197663793 bytes, 40797,55 kbps, fifo 512
[16:30:24] mux: track 1, 1812 frames, 1557110 bytes, 321,39 kbps, fifo 512
[16:30:24] Finished work at: Wed Mar  8 16:30:24 2023

[16:30:24] libhb: work result = 0
