[Message:   BepInEx] BepInEx 5.4.17.0 - DSPGAME (1/16/2023 1:27:53 PM)
[Info   :   BepInEx] Running under Unity v2018.4.12.5889476
[Info   :   BepInEx] CLR runtime version: 4.0.30319.17020
[Info   :   BepInEx] Supports SRE: False
[Info   :   BepInEx] System platform: Bits64, Windows
[Message:   BepInEx] Preloader started
[Info   :   BepInEx] Loaded 1 patcher method from [BepInEx.Preloader 5.4.17.0]
[Info   :   BepInEx] Loaded 1 patcher method from [CommonAPIPreloader 1.5.7.0]
[Info   :   BepInEx] 2 patcher plugins loaded
[Info   :   BepInEx] Patching [UnityEngine.CoreModule] with [BepInEx.Chainloader]
[Info   :   BepInEx] Patching [Assembly-CSharp] with [CommonAPI.Preloader]
[Info   :Common API Preloader] Preloader patching is successful!
[Message:   BepInEx] Preloader finished
[Message:   BepInEx] Chainloader ready
[Message:   BepInEx] Chainloader started
[Info   :   BepInEx] 8 plugins to load
[Warning:   BepInEx] Plugin [DSP Common API 1.5.7.0] targets a wrong version of BepInEx (5.4.20.0) and might not work until you update
[Warning:   BepInEx] Plugin [Common API Nebula Compatibility 1.5.7.0] targets a wrong version of BepInEx (5.4.20.0) and might not work until you update
[Warning:   BepInEx] Plugin [NebulaMultiplayerMod 0.8.13.2] targets a wrong version of BepInEx (5.4.20.0) and might not work until you update
[Warning:   BepInEx] Plugin [NebulaMultiplayerModApi 1.3.1.3] targets a wrong version of BepInEx (5.4.20.0) and might not work until you update
[Warning:   BepInEx] Plugin [LDBTool 2.0.6] targets a wrong version of BepInEx (5.4.19.0) and might not work until you update
[Info   :   BepInEx] Loading [IlLine 1.0.0]
[Info   :   BepInEx] Loading [LDBTool 2.0.6]
[Info   :   LDBTool] LDBTool is loaded successfully!
[Info   :   BepInEx] Loading [DSP Mod Save 1.1.4]
[Info   :   BepInEx] Loading [DSP Common API 1.5.7.0]
[Info   :DSP Common API] Enabling CommonAPI Submodule: CustomKeyBindSystem
[Info   :DSP Common API] Enabling CommonAPI Submodule: PickerExtensionsSystem
[Info   :DSP Common API] Enabling CommonAPI Submodule: ProtoRegistry
[Info   :DSP Common API] Common API is initialized!
[Info   :   BepInEx] Loading [NebulaMultiplayerMod 0.8.13.2]
[Info   :NebulaMultiplayerMod] Patching Dyson Sphere Program...
[Info   :NebulaMultiplayerMod] Applying patches from NebulaMultiplayerMod 0.8.13.0
[Info   :NebulaMultiplayerMod] Patching completed successfully
[Info   :NebulaMultiplayerMod] Applying Nebula behaviours..
[Info   :NebulaMultiplayerMod] Behaviours applied.
[Warning:NebulaMultiplayerMod] Discord.ResultException: InternalError
  at Discord.Discord..ctor (System.Int64 clientId, System.UInt64 flags) [0x00327] in <596243d3ad524e7b9e7bacb7c3e6f27a>:IL_0327 
  at NebulaWorld.SocialIntegration.DiscordManager.Setup (Discord.ActivityManager+ActivityJoinHandler activityJoinHandler) [0x00018] in <e34e646fdcc7418d85aba4f73db7285b>:IL_0018 
[Info   :   BepInEx] Loading [NebulaMultiplayerModApi 1.3.1.3]
[Info   :NebulaMultiplayerModApi] Nebula API is ready!
[Info   :   BepInEx] Loading [BulletTime 1.2.10]
[Info   :   BepInEx] Loading [Common API Nebula Compatibility 1.5.7.0]
[Message:   BepInEx] Chainloader startup complete
[Info   :DSP Mod Save] DSP Mod Save is initialized!
[Info   :BulletTime] Nebula Compatibility OK
[Info   :Common API Nebula Compatibility] Common API Nebula Compatibility ready!
[Info   :DSP Mod Save] _autosave_tmp: Game mod save not exist
[Info   :DSP Common API] Checking missing machines!
[Info   :   LDBTool] Pre Loading...
[Info   :   LDBTool] Add 1001 SIGNAL-401 to StringProtoSet.
[Info   :   LDBTool] Add 1002 SIGNAL-402 to StringProtoSet.
[Info   :   LDBTool] Add 1003 SIGNAL-403 to StringProtoSet.
[Info   :   LDBTool] Add 1004 SIGNAL-404 to StringProtoSet.
[Info   :   LDBTool] Add 1005 SIGNAL-405 to StringProtoSet.
[Info   :   LDBTool] Add 1006 SIGNAL-501 to StringProtoSet.
[Info   :   LDBTool] Add 1007 SIGNAL-502 to StringProtoSet.
[Info   :   LDBTool] Add 1008 SIGNAL-503 to StringProtoSet.
[Info   :   LDBTool] Add 1009 SIGNAL-504 to StringProtoSet.
[Info   :   LDBTool] Add 1010 SIGNAL-506 to StringProtoSet.
[Info   :   LDBTool] Add 1011 SIGNAL-507 to StringProtoSet.
[Info   :   LDBTool] Add 1012 SIGNAL-508 to StringProtoSet.
[Info   :   LDBTool] Add 1013 SIGNAL-509 to StringProtoSet.
[Info   :   LDBTool] Add 1014 SIGNAL-510 to StringProtoSet.
[Info   :   LDBTool] Add 1015 SIGNAL-600 to StringProtoSet.
[Info   :   LDBTool] Add 1016 SIGNAL-601 to StringProtoSet.
[Info   :   LDBTool] Add 1017 SIGNAL-602 to StringProtoSet.
[Info   :   LDBTool] Add 1018 SIGNAL-603 to StringProtoSet.
[Info   :   LDBTool] Add 1019 SIGNAL-604 to StringProtoSet.
[Info   :   LDBTool] Add 1020 SIGNAL-605 to StringProtoSet.
[Info   :   LDBTool] Add 1021 SIGNAL-606 to StringProtoSet.
[Info   :   LDBTool] Add 1022 SIGNAL-607 to StringProtoSet.
[Info   :   LDBTool] Add 1023 SIGNAL-608 to StringProtoSet.
[Info   :   LDBTool] Add 1024 SIGNAL-609 to StringProtoSet.
[Info   :   LDBTool] Add 1025 setCountManually to StringProtoSet.
[Info   :   LDBTool] Add 1026 CountLabel to StringProtoSet.
[Info   :   LDBTool] Add 1027 ConfirmButtonLabel to StringProtoSet.
[Info   :   LDBTool] Add 1028 ModItemMissingWarnTitle to StringProtoSet.
[Info   :   LDBTool] Add 1029 ModItemMissingWarnDesc to StringProtoSet.
[Info   :   LDBTool] Add 1030 KEYNebulaChatWindow to StringProtoSet.
[Info   :   LDBTool] Post Loading...
[Info   :DSP Common API] Post loading is complete!
[Info   :   LDBTool] Done.
[Info   :NebulaMultiplayerMod] Registering PauseNotificationProcessor to process packet of type: PauseNotificationPacket
[Info   :NebulaMultiplayerMod] Registering PlanetExtensionDataProcessor to process packet of type: PlanetExtensionData
[Info   :NebulaMultiplayerMod] Registering PlanetSystemLoadRequestProcessor to process packet of type: PlanetSystemLoadRequest
[Info   :NebulaMultiplayerMod] Registering StarExtensionDataProcessor to process packet of type: StarExtensionData
[Info   :NebulaMultiplayerMod] Registering StarExtensionLoadRequestProcessor to process packet of type: StarExtensionLoadRequest
[Info   :   Console] 6/28/2023 6:58:04 PM|Warn |Logger.set_Level|The current logging level has been changed to Debug.
[Warning:NebulaMultiplayerMod] 6/28/2023 6:58:04 PM|Warn |Logger.set_Output|The current output action has been changed.
[Warning:NebulaMultiplayerMod] 6/28/2023 6:58:04 PM|Warn |Logger.set_Output|The current output action has been changed.
[Info   :NebulaMultiplayerMod] 6/28/2023 6:58:04 PM|Debug|WebSocket.sendHttpRequest|A request to the server:
                           GET /socket HTTP/1.1
                           User-Agent: websocket-sharp/1.0
                           Host: (IPv4 Address):8469
                           Upgrade: websocket
                           Connection: Upgrade
                           Sec-WebSocket-Key: UIcve1vDhhebGWZyIRgRjg==
                           Sec-WebSocket-Version: 13
[Info   :NebulaMultiplayerMod] 6/28/2023 6:58:04 PM|Debug|WebSocket.sendHttpRequest|A response to this request:
                           HTTP/1.1 101 Switching Protocols
                           Server: websocket-sharp/1.0
                           Upgrade: websocket
                           Connection: Upgrade
                           Sec-WebSocket-Accept: ROpzt+Ix8XsRzEmRnskoW9RtBfc=
[Info   :NebulaMultiplayerMod] Server connection established
[Info   :NebulaMultiplayerMod] Requesting global GameData from the server
[Info   :DSP Mod Save] Enter New Game
[Warning:NebulaMultiplayerMod] UIAutoSave active: False
[Info   :NebulaMultiplayerMod] Parsing History data from the server.
[Info   :NebulaMultiplayerMod] Parsing Milstone data from the server.
[Info   :NebulaMultiplayerMod] Requesting planet model for Alkes I (ID: 101) from host
[Info   :NebulaMultiplayerMod] Requesting planet model for Alkes II (ID: 102) from host
[Info   :NebulaMultiplayerMod] Requesting planet model for Alkes III (ID: 103) from host
[Info   :NebulaMultiplayerMod] Requesting planet model for Alkes IV (ID: 104) from host
[Info   :NebulaMultiplayerMod] Requesting DysonSphere for system Alkes (Index: 0)
[Info   :NebulaMultiplayerMod] Parsing 665634 bytes of data for DysonSphere Alkes (INDEX: 1)
[Info   :NebulaMultiplayerMod] Parsing 2683 bytes of data for planet Alkes IV (ID: 104)
[Info   :NebulaMultiplayerMod] Parsing 61 bytes of data for planet Alkes II (ID: 102)
[Info   :NebulaMultiplayerMod] Parsing 15821 bytes of data for planet Alkes III (ID: 103)
[Info   :NebulaMultiplayerMod] Parsing 8851 bytes of data for planet Alkes I (ID: 101)
[Info   :NebulaMultiplayerMod] Requested factory for planet Alkes IV (ID: 104) from host
[Info   :NebulaMultiplayerMod] Pause PacketProcessor (FactoryDataProcessor)
[Info   :NebulaMultiplayerMod] Parsing 967051 bytes of data for factory Alkes IV (ID: 104)
[Info   :DSP Common API] Checking missing machines!
[Info   :NebulaMultiplayerMod] Game load completed
[Info   :NebulaMultiplayerMod] OnGameLoadCompleted: Resume PacketProcessor
[Info   :NebulaMultiplayerMod] Spawn player model 1 Iolite
[Info   :NebulaMultiplayerMod] Unlocking tech=3604 local:4 remote:4
[Info   :NebulaMultiplayerMod] NotifyTechUnlock techId=3604 level=4
[Info   :NebulaMultiplayerMod] Requested factory for planet Alkes III (ID: 103) from host
[Info   :NebulaMultiplayerMod] Pause PacketProcessor (FactoryDataProcessor)
[Info   :NebulaMultiplayerMod] Parsing 10027490 bytes of data for factory Alkes III (ID: 103)
[Info   :NebulaMultiplayerMod] Resume PacketProcessor (OnActivePlanetFactoryLoaded)
[Info   :NebulaMultiplayerMod] Unlocking tech=3705 local:5 remote:5
[Info   :NebulaMultiplayerMod] NotifyTechUnlock techId=3705 level=5
[Warning:NebulaMultiplayerMod] BeltUpdatePickupItem: Cannot pick item1111 on belt5216, planet103
[Warning:NebulaMultiplayerMod] BeltUpdatePickupItem: Cannot pick item1111 on belt5216, planet103
[Info   :NebulaMultiplayerMod] Resume PacketProcessor (OnActivePlanetFactoryLoaded)
[Warning:NebulaMultiplayerMod] Local PlanetFactory is still loading!
[Warning:NebulaMultiplayerMod] Local PlanetFactory is still loading!
[Warning:NebulaMultiplayerMod] Local PlanetFactory is still loading!
[Warning:NebulaMultiplayerMod] Local PlanetFactory is still loading!
[Warning:NebulaMultiplayerMod] Local PlanetFactory is still loading!
[Warning:NebulaMultiplayerMod] Local PlanetFactory is still loading!
[Warning:NebulaMultiplayerMod] Local PlanetFactory is still loading!
[Warning:NebulaMultiplayerMod] Local PlanetFactory is still loading!
[Info   :NebulaMultiplayerMod] Resume PacketProcessor (OnActivePlanetFactoryLoaded)
[Info   :NebulaMultiplayerMod] Unlocking tech=1141 local:0 remote:0
[Info   :NebulaMultiplayerMod] NotifyTechUnlock techId=1141 level=0
[Warning:NebulaMultiplayerMod] CurrentTech mismatch! Server:1303 Local:2504
[Info   :NebulaMultiplayerMod] Unlocking tech=1303 local:0 remote:0
[Info   :NebulaMultiplayerMod] NotifyTechUnlock techId=1303 level=0
[Warning:NebulaMultiplayerMod] CurrentTech mismatch! Server:1705 Local:3204
[Warning:NebulaMultiplayerMod] ProcessPacket: TechId: 2405 was not in queue, discarding packet
[Warning:NebulaMultiplayerMod] ProcessPacket: TechId: 2504 was not in queue, discarding packet
[Warning:NebulaMultiplayerMod] ProcessPacket: TechId: 2604 was not in queue, discarding packet
[Warning:NebulaMultiplayerMod] ProcessPacket: TechId: 3204 was not in queue, discarding packet
[Info   :NebulaMultiplayerMod] Unlocking tech=1705 local:0 remote:0
[Info   :NebulaMultiplayerMod] NotifyTechUnlock techId=1705 level=0
[Info   :NebulaMultiplayerMod] Unlocking tech=1203 local:0 remote:0
[Info   :NebulaMultiplayerMod] NotifyTechUnlock techId=1203 level=0
[Warning:NebulaMultiplayerMod] CurrentTech mismatch! Server:2405 Local:2504
[Info   :NebulaMultiplayerMod] ILSAddStationComponentProcessor processing packet for planet 103, station 37 with gId of 32
[Info   :NebulaMultiplayerMod] ILSAddStationComponentProcessor processing packet for planet 103, station 38 with gId of 33
[Info   :NebulaMultiplayerMod] Requesting planet model for ElAcola I (ID: 401) from host
[Info   :NebulaMultiplayerMod] Requesting planet model for ElAcola II (ID: 402) from host
[Info   :NebulaMultiplayerMod] Requesting planet model for ElAcola III (ID: 403) from host
[Info   :NebulaMultiplayerMod] Requesting planet model for ElAcola IV (ID: 404) from host
[Info   :NebulaMultiplayerMod] Unload DysonSphere at system Alkes (Index: 0)
[Info   :NebulaMultiplayerMod] Requesting DysonSphere for system ElAcola (Index: 3)
[Info   :NebulaMultiplayerMod] Parsing 254 bytes of data for DysonSphere ElAcola (INDEX: 4)
[Info   :NebulaMultiplayerMod] Parsing 358 bytes of data for planet ElAcola III (ID: 403)
[Info   :NebulaMultiplayerMod] Parsing 358 bytes of data for planet ElAcola II (ID: 402)
[Info   :NebulaMultiplayerMod] Parsing 358 bytes of data for planet ElAcola I (ID: 401)
[Info   :NebulaMultiplayerMod] Parsing 358 bytes of data for planet ElAcola IV (ID: 404)
[Info   :NebulaMultiplayerMod] Requested factory for planet ElAcola II (ID: 402) from host
[Info   :NebulaMultiplayerMod] Pause PacketProcessor (FactoryDataProcessor)
[Info   :NebulaMultiplayerMod] Parsing 53158 bytes of data for factory ElAcola II (ID: 402)
[Info   :NebulaMultiplayerMod] Resume PacketProcessor (OnActivePlanetFactoryLoaded)
[Info   :NebulaMultiplayerMod] ILSAddStationComponentProcessor processing packet for planet 103, station 36 with gId of 34
[Info   :NebulaMultiplayerMod] ILSAddStationComponentProcessor processing packet for planet 402, station 1 with gId of 35
[Info   :NebulaMultiplayerMod] Unlocking tech=2405 local:5 remote:5
[Info   :NebulaMultiplayerMod] NotifyTechUnlock techId=2405 level=5
[Warning:NebulaMultiplayerMod] CurrentTech mismatch! Server:2504 Local:2604
[Info   :NebulaMultiplayerMod] ILSAddStationComponentProcessor processing packet for planet 402, station 2 with gId of 36
[Info   :NebulaMultiplayerMod] Unlocking tech=2504 local:4 remote:4
[Info   :NebulaMultiplayerMod] NotifyTechUnlock techId=2504 level=4
[Warning:NebulaMultiplayerMod] CurrentTech mismatch! Server:2604 Local:3204
[Info   :NebulaMultiplayerMod] Requesting planet model for Alkes I (ID: 101) from host
[Info   :NebulaMultiplayerMod] Requesting planet model for Alkes II (ID: 102) from host
[Info   :NebulaMultiplayerMod] Requesting planet model for Alkes III (ID: 103) from host
[Info   :NebulaMultiplayerMod] Requesting planet model for Alkes IV (ID: 104) from host
[Info   :NebulaMultiplayerMod] Unload DysonSphere at system ElAcola (Index: 3)
[Info   :NebulaMultiplayerMod] Requesting DysonSphere for system Alkes (Index: 0)
[Info   :NebulaMultiplayerMod] Parsing 639039 bytes of data for DysonSphere Alkes (INDEX: 1)
[Info   :NebulaMultiplayerMod] Parsing 61 bytes of data for planet Alkes II (ID: 102)
[Info   :NebulaMultiplayerMod] Parsing 8851 bytes of data for planet Alkes I (ID: 101)
[Info   :NebulaMultiplayerMod] Parsing 7228 bytes of data for planet Alkes IV (ID: 104)
[Info   :NebulaMultiplayerMod] Parsing 16529 bytes of data for planet Alkes III (ID: 103)
[Info   :NebulaMultiplayerMod] Unlocking tech=2604 local:4 remote:4
[Info   :NebulaMultiplayerMod] NotifyTechUnlock techId=2604 level=4
[Warning:NebulaMultiplayerMod] CurrentTech mismatch! Server:3204 Local:3902
[Info   :NebulaMultiplayerMod] ILSAddStationComponentProcessor processing packet for planet 103, station 40 with gId of 37
[Info   :NebulaMultiplayerMod] Requested factory for planet Alkes III (ID: 103) from host
[Info   :NebulaMultiplayerMod] Pause PacketProcessor (FactoryDataProcessor)
[Info   :NebulaMultiplayerMod] Parsing 11049395 bytes of data for factory Alkes III (ID: 103)
[Info   :NebulaMultiplayerMod] Resume PacketProcessor (OnActivePlanetFactoryLoaded)
[Info   :NebulaMultiplayerMod] ILSAddStationComponentProcessor processing packet for planet 103, station 41 with gId of 38
[Info   :NebulaMultiplayerMod] ILSAddStationComponentProcessor processing packet for planet 103, station 42 with gId of 39
[Info   :NebulaMultiplayerMod] 6/28/2023 8:15:10 PM|Debug|WebSocket.closeHandshake|Was clean?: True
                             sent: True
                             received: True
[Info   :NebulaMultiplayerMod] 6/28/2023 8:15:11 PM|Info |WebSocket.close|The connection has already been closed.
[Info   :DSP Mod Save] _autosave_tmp: Game mod save not exist
[Info   :DSP Common API] Checking missing machines!
