Setting breakpad minidump AppID = 254320
Steam_SetMinidumpSteamID:  Caching Steam ID:  76561198131185961 [API loaded no]
Preloaded type GtkListStore
Preloaded type GtkWindow
Preloaded type GtkVBox
Preloaded type GtkImage
Preloaded type GtkNotebook
Preloaded type GtkHBox
Preloaded type GtkFrame
Preloaded type GtkAlignment
Preloaded type GtkTreeView
Preloaded type GtkLabel
Preloaded type GtkCheckButton
Preloaded type GtkScrolledWindow
Preloaded type GtkComboBox
Couldn't find OnScreenSelectorQuit in main module; checking child
Couldn't find OnScreenSelectorOK in main module; checking child
Couldn't find OnScreenSelectorQuit in main module; checking child
Couldn't find OnInputListRowActivated in main module; checking child
LX_ARB_fbconfig_float GLX_EXT_texture_from_pixmap GLX_EXT_framebuffer_sRGB GLX_NV_copy_image GLX_EXT_create_context_es_profile GLX_EXT_create_context_es2_profile GLX_ARB_create_context_no_error GLX_ARB_create_context_robustness GLX_NV_delay_before_swap GLX_EXT_stereo_tree GLX_ARB_context_flush_control GLX_NV_robustness_video_memory_purge GLX_NV_multigpu_context 
Setting maxVSyncInterval to 4
Renderer: NVIDIA GeForce GTX 1660 SUPER/PCIe/SSE2
Vendor:   NVIDIA Corporation
Version:  4.5.0 NVIDIA 510.108.03
GLES:     0
 GL_AMD_multi_draw_indirect GL_AMD_seamless_cubemap_per_texture GL_AMD_vertex_shader_viewport_index GL_AMD_vertex_shader_layer GL_ARB_arrays_of_arrays GL_ARB_base_instance GL_ARB_bindless_texture GL_ARB_blend_func_extended GL_ARB_buffer_storage GL_ARB_clear_buffer_object GL_ARB_clear_texture GL_ARB_clip_control GL_ARB_color_buffer_float GL_ARB_compressed_texture_pixel_storage GL_ARB_conservative_depth GL_ARB_compute_shader GL_ARB_compute_variable_group_size GL_ARB_conditional_render_inverted GL_ARB_copy_buffer GL_ARB_copy_image GL_ARB_cull_distance GL_ARB_debug_output GL_ARB_depth_buffer_float GL_ARB_depth_clamp GL_ARB_depth_texture GL_ARB_derivative_control GL_ARB_direct_state_access GL_ARB_draw_buffers GL_ARB_draw_buffers_blend GL_ARB_draw_indirect GL_ARB_draw_elements_base_vertex GL_ARB_draw_instanced GL_ARB_enhanced_layouts GL_ARB_ES2_compatibility GL_ARB_ES3_compatibility GL_ARB_ES3_1_compatibility GL_ARB_ES3_2_compatibility GL_ARB_explicit_attrib_location GL_ARB_explicit_uniform_location GL_ARB_fragmen
t_coord_conventions GL_ARB_fragment_layer_viewport GL_ARB_fragment_program GL_ARB_fragment_program_shadow GL_ARB_fragment_shader GL_ARB_fragment_shader_interlock GL_ARB_framebuffer_no_attachments GL_ARB_framebuffer_object GL_ARB_framebuffer_sRGB GL_ARB_geometry_shader4 GL_ARB_get_program_binary GL_ARB_get_texture_sub_image GL_ARB_gl_spirv GL_ARB_gpu_shader5 GL_ARB_gpu_shader_fp64 GL_ARB_gpu_shader_int64 GL_ARB_half_float_pixel GL_ARB_half_float_vertex GL_ARB_imaging GL_ARB_indirect_parameters GL_ARB_instanced_arrays GL_ARB_internalformat_query GL_ARB_internalformat_query2 GL_ARB_invalidate_subdata GL_ARB_map_buffer_alignment GL_ARB_map_buffer_range GL_ARB_multi_bind GL_ARB_multi_draw_indirect GL_ARB_multisample GL_ARB_multitexture GL_ARB_occlusion_query GL_ARB_occlusion_query2 GL_ARB_parallel_shader_compile GL_ARB_pipeline_statistics_query GL_ARB_pixel_buffer_object GL_ARB_point_parameters GL_ARB_point_sprite GL_ARB_polygon_offset_clamp GL_ARB_post_depth_coverage GL_ARB_program_interface_query GL_ARB_provoki
ng_vertex GL_ARB_query_buffer_object GL_ARB_robust_buffer_access_behavior GL_ARB_robustness GL_ARB_sample_locations GL_ARB_sample_shading GL_ARB_sampler_objects GL_ARB_seamless_cube_map GL_ARB_seamless_cubemap_per_texture GL_ARB_separate_shader_objects GL_ARB_shader_atomic_counter_ops GL_ARB_shader_atomic_counters GL_ARB_shader_ballot GL_ARB_shader_bit_encoding GL_ARB_shader_clock GL_ARB_shader_draw_parameters GL_ARB_shader_group_vote GL_ARB_shader_image_load_store GL_ARB_shader_image_size GL_ARB_shader_objects GL_ARB_shader_precision GL_ARB_shader_storage_buffer_object GL_ARB_shader_subroutine GL_ARB_shader_texture_image_samples GL_ARB_shader_texture_lod GL_ARB_shading_language_100 GL_ARB_shader_viewport_layer_array GL_ARB_shading_language_420pack GL_ARB_shading_language_include GL_ARB_shading_language_packing GL_ARB_shadow GL_ARB_sparse_buffer GL_ARB_sparse_texture GL_ARB_sparse_texture2 GL_ARB_sparse_texture_clamp GL_ARB_spirv_extensions GL_ARB_stencil_texturing GL_ARB_sync GL_ARB_tessellation_shader GL_A
RB_texture_barrier GL_ARB_texture_border_clamp GL_ARB_texture_buffer_object GL_ARB_texture_buffer_object_rgb32 GL_ARB_texture_buffer_range GL_ARB_texture_compression GL_ARB_texture_compression_bptc GL_ARB_texture_compression_rgtc GL_ARB_texture_cube_map GL_ARB_texture_cube_map_array GL_ARB_texture_env_add GL_ARB_texture_env_combine GL_ARB_texture_env_crossbar GL_ARB_texture_env_dot3 GL_ARB_texture_filter_anisotropic GL_ARB_texture_filter_minmax GL_ARB_texture_float GL_ARB_texture_gather GL_ARB_texture_mirror_clamp_to_edge GL_ARB_texture_mirrored_repeat GL_ARB_texture_multisample GL_ARB_texture_non_power_of_two GL_ARB_texture_query_levels GL_ARB_texture_query_lod GL_ARB_texture_rectangle GL_ARB_texture_rg GL_ARB_texture_rgb10_a2ui GL_ARB_texture_stencil8 GL_ARB_texture_storage GL_ARB_texture_storage_multisample GL_ARB_texture_swizzle GL_ARB_texture_view GL_ARB_timer_query GL_ARB_transform_feedback2 GL_ARB_transform_feedback3 GL_ARB_transform_feedback_instanced GL_ARB_transform_feedback_overflow_query GL_ARB_t
ranspose_matrix GL_ARB_uniform_buffer_object GL_ARB_vertex_array_bgra GL_ARB_vertex_array_object GL_ARB_vertex_attrib_64bit GL_ARB_vertex_attrib_binding GL_ARB_vertex_buffer_object GL_ARB_vertex_program GL_ARB_vertex_shader GL_ARB_vertex_type_10f_11f_11f_rev GL_ARB_vertex_type_2_10_10_10_rev GL_ARB_viewport_array GL_ARB_window_pos GL_ATI_draw_buffers GL_ATI_texture_float GL_ATI_texture_mirror_once GL_S3_s3tc GL_EXT_texture_env_add GL_EXT_abgr GL_EXT_bgra GL_EXT_bindable_uniform GL_EXT_blend_color GL_EXT_blend_equation_separate GL_EXT_blend_func_separate GL_EXT_blend_minmax GL_EXT_blend_subtract GL_EXT_compiled_vertex_array GL_EXT_Cg_shader GL_EXT_depth_bounds_test GL_EXT_direct_state_access GL_EXT_draw_buffers2 GL_EXT_draw_instanced GL_EXT_draw_range_elements GL_EXT_fog_coord GL_EXT_framebuffer_blit GL_EXT_framebuffer_multisample GL_EXTX_framebuffer_mixed_formats GL_EXT_framebuffer_multisample_blit_scaled GL_EXT_framebuffer_object GL_EXT_framebuffer_sRGB GL_EXT_geometry_shader4 GL_EXT_gpu_program_parameters 
GL_EXT_gpu_shader4 GL_EXT_multi_draw_arrays GL_EXT_multiview_texture_multisample GL_EXT_multiview_timer_query GL_EXT_packed_depth_stencil GL_EXT_packed_float GL_EXT_packed_pixels GL_EXT_pixel_buffer_object GL_EXT_point_parameters GL_EXT_polygon_offset_clamp GL_EXT_post_depth_coverage GL_EXT_provoking_vertex GL_EXT_raster_multisample GL_EXT_rescale_normal GL_EXT_secondary_color GL_EXT_separate_shader_objects GL_EXT_separate_specular_color GL_EXT_shader_image_load_formatted GL_EXT_shader_image_load_store GL_EXT_shader_integer_mix GL_EXT_shadow_funcs GL_EXT_sparse_texture2 GL_EXT_stencil_two_side GL_EXT_stencil_wrap GL_EXT_texture3D GL_EXT_texture_array GL_EXT_texture_buffer_object GL_EXT_texture_compression_dxt1 GL_EXT_texture_compression_latc GL_EXT_texture_compression_rgtc GL_EXT_texture_compression_s3tc GL_EXT_texture_cube_map GL_EXT_texture_edge_clamp GL_EXT_texture_env_combine GL_EXT_texture_env_dot3 GL_EXT_texture_filter_anisotropic GL_EXT_texture_filter_minmax GL_EXT_texture_integer GL_EXT_texture_lod G
L_EXT_texture_lod_bias GL_EXT_texture_mirror_clamp GL_EXT_texture_object GL_EXT_texture_shadow_lod GL_EXT_texture_shared_exponent GL_EXT_texture_sRGB GL_EXT_texture_sRGB_R8 GL_EXT_texture_sRGB_decode GL_EXT_texture_storage GL_EXT_texture_swizzle GL_EXT_timer_query GL_EXT_transform_feedback2 GL_EXT_vertex_array GL_EXT_vertex_array_bgra GL_EXT_vertex_attrib_64bit GL_EXT_window_rectangles GL_EXT_x11_sync_object GL_EXT_import_sync_object GL_NV_robustness_video_memory_purge GL_IBM_rasterpos_clip GL_IBM_texture_mirrored_repeat GL_KHR_context_flush_control GL_KHR_debug GL_EXT_memory_object GL_EXT_memory_object_fd GL_NV_memory_object_sparse GL_KHR_parallel_shader_compile GL_KHR_no_error GL_KHR_robust_buffer_access_behavior GL_KHR_robustness GL_EXT_semaphore GL_EXT_semaphore_fd GL_NV_timeline_semaphore GL_KHR_shader_subgroup GL_KTX_buffer_region GL_NV_alpha_to_coverage_dither_control GL_NV_bindless_multi_draw_indirect GL_NV_bindless_multi_draw_indirect_count GL_NV_bindless_texture GL_NV_blend_equation_advanced GL_NV_
blend_equation_advanced_coherent GL_NVX_blend_equation_advanced_multi_draw_buffers GL_NV_blend_minmax_factor GL_NV_blend_square GL_NV_clip_space_w_scaling GL_NV_command_list GL_NV_compute_program5 GL_NV_compute_shader_derivatives GL_NV_conditional_render GL_NV_conservative_raster GL_NV_conservative_raster_dilate GL_NV_conservative_raster_pre_snap GL_NV_conservative_raster_pre_snap_triangles GL_NV_conservative_raster_underestimation GL_NV_copy_depth_to_color GL_NV_copy_image GL_NV_depth_buffer_float GL_NV_depth_clamp GL_NV_draw_texture GL_NV_draw_vulkan_image GL_NV_ES1_1_compatibility GL_NV_ES3_1_compatibility GL_NV_explicit_multisample GL_NV_feature_query GL_NV_fence GL_NV_fill_rectangle GL_NV_float_buffer GL_NV_fog_distance GL_NV_fragment_coverage_to_color GL_NV_fragment_program GL_NV_fragment_program_option GL_NV_fragment_program2 GL_NV_fragment_shader_barycentric GL_NV_fragment_shader_interlock GL_NV_framebuffer_mixed_samples GL_NV_framebuffer_multisample_coverage GL_NV_geometry_shader4 GL_NV_geometry_sha
der_passthrough GL_NV_gpu_program4 GL_NV_internalformat_sample_query GL_NV_gpu_program4_1 GL_NV_gpu_program5 GL_NV_gpu_program5_mem_extended GL_NV_gpu_program_fp64 GL_NV_gpu_shader5 GL_NV_half_float GL_NV_light_max_exponent GL_NV_memory_attachment GL_NV_mesh_shader GL_NV_multisample_coverage GL_NV_multisample_filter_hint GL_NV_occlusion_query GL_NV_packed_depth_stencil GL_NV_parameter_buffer_object GL_NV_parameter_buffer_object2 GL_NV_path_rendering GL_NV_path_rendering_shared_edge GL_NV_pixel_data_range GL_NV_point_sprite GL_NV_primitive_restart GL_NV_query_resource GL_NV_query_resource_tag GL_NV_register_combiners GL_NV_register_combiners2 GL_NV_representative_fragment_test GL_NV_sample_locations GL_NV_sample_mask_override_coverage GL_NV_scissor_exclusive GL_NV_shader_atomic_counters GL_NV_shader_atomic_float GL_NV_shader_atomic_float64 GL_NV_shader_atomic_fp16_vector GL_NV_shader_atomic_int64 GL_NV_shader_buffer_load GL_NV_shader_storage_buffer_object GL_NV_shader_subgroup_partitioned GL_NV_shader_texture
_footprint GL_NV_shading_rate_image GL_NV_stereo_view_rendering GL_NV_texgen_reflection GL_NV_texture_barrier GL_NV_texture_compression_vtc GL_NV_texture_env_combine4 GL_NV_texture_multisample GL_NV_texture_rectangle GL_NV_texture_rectangle_compressed GL_NV_texture_shader GL_NV_texture_shader2 GL_NV_texture_shader3 GL_NV_transform_feedback GL_NV_transform_feedback2 GL_NV_uniform_buffer_unified_memory GL_NV_vdpau_interop GL_NV_vdpau_interop2 GL_NV_vertex_array_range GL_NV_vertex_array_range2 GL_NV_vertex_attrib_integer_64bit GL_NV_vertex_buffer_unified_memory GL_NV_vertex_program GL_NV_vertex_program1_1 GL_NV_vertex_program2 GL_NV_vertex_program2_option GL_NV_vertex_program3 GL_NV_viewport_array2 GL_NV_viewport_swizzle GL_NVX_conditional_render GL_NV_gpu_multicast GL_NVX_progress_fence GL_NVX_gpu_memory_info GL_NVX_nvenc_interop GL_NV_shader_thread_group GL_NV_shader_thread_shuffle GL_KHR_blend_equation_advanced GL_KHR_blend_equation_advanced_coherent GL_OVR_multiview GL_OVR_multiview2 GL_SGIS_generate_mipmap
 GL_SGIS_texture_lod GL_SGIX_depth_texture GL_SGIX_shadow GL_SUN_slice_accum
OPENGL LOG: Creating OpenGL 4.5 graphics device
AudioManager: Using PulseAudio: Default Output Device
Begin MonoManager ReloadAssembly
Platform assembly: /home/berend/.steam/debian-installation/steamapps/common/Duskers/Duskers_linux_Data/Managed/UnityEngine.dll (this message is harmless)
Loading /home/berend/.steam/debian-installation/steamapps/common/Duskers/Duskers_linux_Data/Managed/UnityEngine.dll into Unity Child Domain
Platform assembly: /home/berend/.steam/debian-installation/steamapps/common/Duskers/Duskers_linux_Data/Managed/Assembly-CSharp-firstpass.dll (this message is harmless)
Loading /home/berend/.steam/debian-installation/steamapps/common/Duskers/Duskers_linux_Data/Managed/Assembly-CSharp-firstpass.dll into Unity Child Domain
Platform assembly: /home/berend/.steam/debian-installation/steamapps/common/Duskers/Duskers_linux_Data/Managed/Assembly-CSharp.dll (this message is harmless)
Loading /home/berend/.steam/debian-installation/steamapps/common/Duskers/Duskers_linux_Data/Managed/Assembly-CSharp.dll into Unity Child Domain
Platform assembly: /home/berend/.steam/debian-installation/steamapps/common/Duskers/Duskers_linux_Data/Managed/Assembly-UnityScript-firstpass.dll (this message is harmless)
Loading /home/berend/.steam/debian-installation/steamapps/common/Duskers/Duskers_linux_Data/Managed/Assembly-UnityScript-firstpass.dll into Unity Child Domain
Platform assembly: /home/berend/.steam/debian-installation/steamapps/common/Duskers/Duskers_linux_Data/Managed/Assembly-UnityScript.dll (this message is harmless)
Loading /home/berend/.steam/debian-installation/steamapps/common/Duskers/Duskers_linux_Data/Managed/Assembly-UnityScript.dll into Unity Child Domain
Platform assembly: /home/berend/.steam/debian-installation/steamapps/common/Duskers/Duskers_linux_Data/Managed/UnityEngine.UI.dll (this message is harmless)
Loading /home/berend/.steam/debian-installation/steamapps/common/Duskers/Duskers_linux_Data/Managed/UnityEngine.UI.dll into Unity Child Domain
Platform assembly: /home/berend/.steam/debian-installation/steamapps/common/Duskers/Duskers_linux_Data/Managed/UnityEngine.Networking.dll (this message is harmless)
Loading /home/berend/.steam/debian-installation/steamapps/common/Duskers/Duskers_linux_Data/Managed/UnityEngine.Networking.dll into Unity Child Domain
- Completed reload, in  0.029 seconds
Platform assembly: /home/berend/.steam/debian-installation/steamapps/common/Duskers/Duskers_linux_Data/Managed/System.Core.dll (this message is harmless)
Platform assembly: /home/berend/.steam/debian-installation/steamapps/common/Duskers/Duskers_linux_Data/Managed/System.dll (this message is harmless)
Platform assembly: /home/berend/.steam/debian-installation/steamapps/common/Duskers/Duskers_linux_Data/Managed/System.Xml.dll (this message is harmless)
Default vsync count 0
requesting resize 1920 x 1080
Using native desktop resolution 3200 x 1080
requesting fullscreen 3200 x 1080 at 0 Hz
Desktop is 3200 x 1080 @ 60 Hz
Using libudev for joystick management


Importing game controller configs
UnloadTime: 0.561000 ms
SteamAPI.Init, m_bInitialized:True
 
(Filename: /home/builduser/buildslave/unity/build/artifacts/generated/common/runtime/UnityEngineDebugBindings.gen.cpp Line: 37)

DialogUI.Awake
 
(Filename: /home/builduser/buildslave/unity/build/artifacts/generated/common/runtime/UnityEngineDebugBindings.gen.cpp Line: 37)

GameSaveFile.InitForMode Normal
 
(Filename: /home/builduser/buildslave/unity/build/artifacts/generated/common/runtime/UnityEngineDebugBindings.gen.cpp Line: 37)

Auto-Created default GameState -- should ONLY happen if you don't launch game from menu or galaxymap
 
(Filename: /home/builduser/buildslave/unity/build/artifacts/generated/common/runtime/UnityEngineDebugBindings.gen.cpp Line: 37)

BootScreen.Initialize
 
(Filename: /home/builduser/buildslave/unity/build/artifacts/generated/common/runtime/UnityEngineDebugBindings.gen.cpp Line: 37)

SaveUpgrader, upgrading from version 0 to version 1.205
 
(Filename: /home/builduser/buildslave/unity/build/artifacts/generated/common/runtime/UnityEngineDebugBindings.gen.cpp Line: 37)

SaveUpgrader, upgrades moved to universe
 
(Filename: /home/builduser/buildslave/unity/build/artifacts/generated/common/runtime/UnityEngineDebugBindings.gen.cpp Line: 37)

SaveUpgrader, INVITMD upgrade changed: 10 => 7
 
(Filename: /home/builduser/buildslave/unity/build/artifacts/generated/common/runtime/UnityEngineDebugBindings.gen.cpp Line: 37)

Changing real window size to 1920 x 1012
Changing real window size to 1920 x 1012
Changing real window size to 1920 x 1080
Platform assembly: /home/berend/.steam/debian-installation/steamapps/common/Duskers/Duskers_linux_Data/Managed/Boo.Lang.dll (this message is harmless)
OnLeaderboardDailyFindResult
 
(Filename: /home/builduser/buildslave/unity/build/artifacts/generated/common/runtime/UnityEngineDebugBindings.gen.cpp Line: 37)

OnLeaderboardWeeklyFindResult
 
(Filename: /home/builduser/buildslave/unity/build/artifacts/generated/common/runtime/UnityEngineDebugBindings.gen.cpp Line: 37)

requesting resize 3200 x 1080
Using native desktop resolution 3200 x 1080
Clamping fullscreen resolution to 1920 x 1080
requesting fullscreen 1920 x 1080 at 60 Hz
Desktop is 3200 x 1080 @ 60 Hz
OnLeaderboardDailyFindResult 10439518
 
(Filename: /home/builduser/buildslave/unity/build/artifacts/generated/common/runtime/UnityEngineDebugBindings.gen.cpp Line: 37)

OnLeaderboardWeeklyFindResult 10439482
 
(Filename: /home/builduser/buildslave/unity/build/artifacts/generated/common/runtime/UnityEngineDebugBindings.gen.cpp Line: 37)

OnLeaderboardDailyScoreDownloadResultInternal score:-1 status:NoScore
 
(Filename: /home/builduser/buildslave/unity/build/artifacts/generated/common/runtime/UnityEngineDebugBindings.gen.cpp Line: 37)

OnLeaderboardWeeklyScoreDownloadResultInternal score:-1 status:NoScore
 
(Filename: /home/builduser/buildslave/unity/build/artifacts/generated/common/runtime/UnityEngineDebugBindings.gen.cpp Line: 37)

GameSaveFile.ReInitSetting
 
(Filename: /home/builduser/buildslave/unity/build/artifacts/generated/common/runtime/UnityEngineDebugBindings.gen.cpp Line: 37)

GameSaveFile.InitForMode Normal
 
(Filename: /home/builduser/buildslave/unity/build/artifacts/generated/common/runtime/UnityEngineDebugBindings.gen.cpp Line: 37)

======= Duskers starting, v1.205,  =======
 
(Filename: /home/builduser/buildslave/unity/build/artifacts/generated/common/runtime/UnityEngineDebugBindings.gen.cpp Line: 37)

AchievementsManager.Init appId:254320, steamUserId:76561198131185961
 
(Filename: /home/builduser/buildslave/unity/build/artifacts/generated/common/runtime/UnityEngineDebugBindings.gen.cpp Line: 37)

PushMenu MainMenu
 
(Filename: /home/builduser/buildslave/unity/build/artifacts/generated/common/runtime/UnityEngineDebugBindings.gen.cpp Line: 37)

MainMenu.ctor
 
(Filename: /home/builduser/buildslave/unity/build/artifacts/generated/common/runtime/UnityEngineDebugBindings.gen.cpp Line: 37)

OnUserStatsReceived ok
 
(Filename: /home/builduser/buildslave/unity/build/artifacts/generated/common/runtime/UnityEngineDebugBindings.gen.cpp Line: 37)

GetUserAchievement StorySingularity ok:True achieved:False
 
(Filename: /home/builduser/buildslave/unity/build/artifacts/generated/common/runtime/UnityEngineDebugBindings.gen.cpp Line: 37)

GetUserAchievement StoryGreyGoo ok:True achieved:False
 
(Filename: /home/builduser/buildslave/unity/build/artifacts/generated/common/runtime/UnityEngineDebugBindings.gen.cpp Line: 37)

GetUserAchievement StorySuperPredator ok:True achieved:False
 
(Filename: /home/builduser/buildslave/unity/build/artifacts/generated/common/runtime/UnityEngineDebugBindings.gen.cpp Line: 37)

GetUserAchievement StoryCosmicEvent ok:True achieved:False
 
(Filename: /home/builduser/buildslave/unity/build/artifacts/generated/common/runtime/UnityEngineDebugBindings.gen.cpp Line: 37)

GetUserAchievement StoryPandemic ok:True achieved:False
 
(Filename: /home/builduser/buildslave/unity/build/artifacts/generated/common/runtime/UnityEngineDebugBindings.gen.cpp Line: 37)

GetUserAchievement StorySamLogs ok:True achieved:False
 
(Filename: /home/builduser/buildslave/unity/build/artifacts/generated/common/runtime/UnityEngineDebugBindings.gen.cpp Line: 37)

GetUserAchievement StoryInvestigationsComplete ok:True achieved:False
 
(Filename: /home/builduser/buildslave/unity/build/artifacts/generated/common/runtime/UnityEngineDebugBindings.gen.cpp Line: 37)

GetUserAchievement StoryUnfiledLogs ok:True achieved:False
 
(Filename: /home/builduser/buildslave/unity/build/artifacts/generated/common/runtime/UnityEngineDebugBindings.gen.cpp Line: 37)

GetUserAchievement Survive365Days ok:True achieved:False
 
(Filename: /home/builduser/buildslave/unity/build/artifacts/generated/common/runtime/UnityEngineDebugBindings.gen.cpp Line: 37)

GetUserAchievement CommandeerMisfit ok:True achieved:False
 
(Filename: /home/builduser/buildslave/unity/build/artifacts/generated/common/runtime/UnityEngineDebugBindings.gen.cpp Line: 37)

GetUserAchievement CommandeerOneDrone ok:True achieved:False
 
(Filename: /home/builduser/buildslave/unity/build/artifacts/generated/common/runtime/UnityEngineDebugBindings.gen.cpp Line: 37)

GetUserAchievement ClearOutpostSchematic ok:True achieved:False
 
(Filename: /home/builduser/buildslave/unity/build/artifacts/generated/common/runtime/UnityEngineDebugBindings.gen.cpp Line: 37)

GetUserAchievement ScanClassANoHarm ok:True achieved:True
 
(Filename: /home/builduser/buildslave/unity/build/artifacts/generated/common/runtime/UnityEngineDebugBindings.gen.cpp Line: 37)

GetUserAchievement CommandeerClassANoSchematic ok:True achieved:False
 
(Filename: /home/builduser/buildslave/unity/build/artifacts/generated/common/runtime/UnityEngineDebugBindings.gen.cpp Line: 37)

GetUserAchievement TransferEnemyDockingBay ok:True achieved:True
 
(Filename: /home/builduser/buildslave/unity/build/artifacts/generated/common/runtime/UnityEngineDebugBindings.gen.cpp Line: 37)

GetUserAchievement DailyRescueDrones ok:True achieved:False
 
(Filename: /home/builduser/buildslave/unity/build/artifacts/generated/common/runtime/UnityEngineDebugBindings.gen.cpp Line: 37)

PushMenu OptionsMenu
 
(Filename: /home/builduser/buildslave/unity/build/artifacts/generated/common/runtime/UnityEngineDebugBindings.gen.cpp Line: 37)

OptionsMenu.ctor
 
(Filename: /home/builduser/buildslave/unity/build/artifacts/generated/common/runtime/UnityEngineDebugBindings.gen.cpp Line: 37)

PushMenu GraphicalOptionsMenu
 
(Filename: /home/builduser/buildslave/unity/build/artifacts/generated/common/runtime/UnityEngineDebugBindings.gen.cpp Line: 37)

requesting resize 1920 x 1080
Using native desktop resolution 3200 x 1080
Clamping fullscreen resolution to 1920 x 1080
requesting fullscreen 1920 x 1080 at 60 Hz
Desktop is 3200 x 1080 @ 60 Hz
requesting resize 1920 x 1080
Using native desktop resolution 3200 x 1080
Clamping fullscreen resolution to 1920 x 1080
requesting fullscreen 1920 x 1080 at 60 Hz
Desktop is 3200 x 1080 @ 60 Hz
requesting resize 1920 x 1080
Using native desktop resolution 3200 x 1080
Clamping fullscreen resolution to 1920 x 1080
requesting fullscreen 1920 x 1080 at 60 Hz
Desktop is 3200 x 1080 @ 60 Hz
CancelMenu GraphicalOptionsMenu
 
(Filename: /home/builduser/buildslave/unity/build/artifacts/generated/common/runtime/UnityEngineDebugBindings.gen.cpp Line: 37)

PushMenu OptionsMenu
 
(Filename: /home/builduser/buildslave/unity/build/artifacts/generated/common/runtime/UnityEngineDebugBindings.gen.cpp Line: 37)

CancelMenu OptionsMenu
 
(Filename: /home/builduser/buildslave/unity/build/artifacts/generated/common/runtime/UnityEngineDebugBindings.gen.cpp Line: 37)

PushMenu MainMenu
 
(Filename: /home/builduser/buildslave/unity/build/artifacts/generated/common/runtime/UnityEngineDebugBindings.gen.cpp Line: 37)

PushMenu OptionsMenu
 
(Filename: /home/builduser/buildslave/unity/build/artifacts/generated/common/runtime/UnityEngineDebugBindings.gen.cpp Line: 37)

OptionsMenu.ctor
 
(Filename: /home/builduser/buildslave/unity/build/artifacts/generated/common/runtime/UnityEngineDebugBindings.gen.cpp Line: 37)

DialogUI.ShowDialog Clear User Data
 
(Filename: /home/builduser/buildslave/unity/build/artifacts/generated/common/runtime/UnityEngineDebugBindings.gen.cpp Line: 37)

Unloading 5 Unused Serialized files (Serialized files now loaded: 0)
CancelMenu OptionsMenu
 
(Filename: /home/builduser/buildslave/unity/build/artifacts/generated/common/runtime/UnityEngineDebugBindings.gen.cpp Line: 37)

PushMenu MainMenu
 
(Filename: /home/builduser/buildslave/unity/build/artifacts/generated/common/runtime/UnityEngineDebugBindings.gen.cpp Line: 37)

PushMenu OptionsMenu
 
(Filename: /home/builduser/buildslave/unity/build/artifacts/generated/common/runtime/UnityEngineDebugBindings.gen.cpp Line: 37)

OptionsMenu.ctor
 
(Filename: /home/builduser/buildslave/unity/build/artifacts/generated/common/runtime/UnityEngineDebugBindings.gen.cpp Line: 37)


Unloading 5 unused Assets to reduce memory usage. Loaded Objects now: 6192.
Total: 2.345000 ms (FindLiveObjects: 0.246000 ms CreateObjectMapping: 0.046000 ms MarkObjects: 2.041000 ms  DeleteObjects: 0.012000 ms)

CancelMenu OptionsMenu
 
(Filename: /home/builduser/buildslave/unity/build/artifacts/generated/common/runtime/UnityEngineDebugBindings.gen.cpp Line: 37)

PushMenu MainMenu
 
(Filename: /home/builduser/buildslave/unity/build/artifacts/generated/common/runtime/UnityEngineDebugBindings.gen.cpp Line: 37)

DialogUI.ShowDialog Training Required?
 
(Filename: /home/builduser/buildslave/unity/build/artifacts/generated/common/runtime/UnityEngineDebugBindings.gen.cpp Line: 37)

CancelMenu MainMenu
 
(Filename: /home/builduser/buildslave/unity/build/artifacts/generated/common/runtime/UnityEngineDebugBindings.gen.cpp Line: 37)

Unloading 0 Unused Serialized files (Serialized files now loaded: 0)

Unloading 0 unused Assets to reduce memory usage. Loaded Objects now: 5696.
Total: 3.785000 ms (FindLiveObjects: 0.368000 ms CreateObjectMapping: 0.067000 ms MarkObjects: 3.342000 ms  DeleteObjects: 0.007000 ms)

Unloading 6 Unused Serialized files (Serialized files now loaded: 0)
UnloadTime: 4.602000 ms
DialogUI.Awake
 
(Filename: /home/builduser/buildslave/unity/build/artifacts/generated/common/runtime/UnityEngineDebugBindings.gen.cpp Line: 37)


Unloading 48 unused Assets to reduce memory usage. Loaded Objects now: 1174.
Total: 1.472000 ms (FindLiveObjects: 0.089000 ms CreateObjectMapping: 0.032000 ms MarkObjects: 1.253000 ms  DeleteObjects: 0.097000 ms)

***** Galaxy: GX_822006342, Size: 5 (+1 for room for nursery)
 
(Filename: /home/builduser/buildslave/unity/build/artifacts/generated/common/runtime/UnityEngineDebugBindings.gen.cpp Line: 37)

***** Galaxy: GX_13241896, Size: 6 (+1 for room for nursery)
 
(Filename: /home/builduser/buildslave/unity/build/artifacts/generated/common/runtime/UnityEngineDebugBindings.gen.cpp Line: 37)

***** Galaxy: GX_1931155455, Size: 6 (+1 for room for nursery)
 
(Filename: /home/builduser/buildslave/unity/build/artifacts/generated/common/runtime/UnityEngineDebugBindings.gen.cpp Line: 37)

***** Galaxy: GX_1309371599, Size: 7 (+1 for room for nursery)
 
(Filename: /home/builduser/buildslave/unity/build/artifacts/generated/common/runtime/UnityEngineDebugBindings.gen.cpp Line: 37)

***** Galaxy: GX_1414858198, Size: 8 (+1 for room for nursery)
 
(Filename: /home/builduser/buildslave/unity/build/artifacts/generated/common/runtime/UnityEngineDebugBindings.gen.cpp Line: 37)

***** Galaxy: GX_2037759964, Size: 5 (+1 for room for nursery)
 
(Filename: /home/builduser/buildslave/unity/build/artifacts/generated/common/runtime/UnityEngineDebugBindings.gen.cpp Line: 37)

***** Galaxy: GX_375814014, Size: 8 (+1 for room for nursery)
 
(Filename: /home/builduser/buildslave/unity/build/artifacts/generated/common/runtime/UnityEngineDebugBindings.gen.cpp Line: 37)

***** Galaxy: GX_618936502, Size: 6 (+1 for room for nursery)
 
(Filename: /home/builduser/buildslave/unity/build/artifacts/generated/common/runtime/UnityEngineDebugBindings.gen.cpp Line: 37)

***** Galaxy: GX_69541810, Size: 5 (+1 for room for nursery)
 
(Filename: /home/builduser/buildslave/unity/build/artifacts/generated/common/runtime/UnityEngineDebugBindings.gen.cpp Line: 37)

***** Galaxy: GX_945220494, Size: 9 (+1 for room for nursery)
 
(Filename: /home/builduser/buildslave/unity/build/artifacts/generated/common/runtime/UnityEngineDebugBindings.gen.cpp Line: 37)

Was unable to find a Defense outpost in the current universe for the Pandemic objective.  That will be unbeatable.
 
(Filename: /home/builduser/buildslave/unity/build/artifacts/generated/common/runtime/UnityEngineDebugBindings.gen.cpp Line: 37)

Objective file: /home/berend/.steam/debian-installation/steamapps/common/Duskers/Duskers_linux_Data/StreamingAssets/DataStore/Objectives/~obj_scavenger.txt
 
(Filename: /home/builduser/buildslave/unity/build/artifacts/generated/common/runtime/UnityEngineDebugBindings.gen.cpp Line: 37)

The referenced script on this Behaviour (Game Object 'CraftingUpgradeItem') is missing!
 
(Filename:  Line: 1655)

Unloading 5 Unused Serialized files (Serialized files now loaded: 0)
UnloadTime: 1.059000 ms
DialogUI.Awake
 
(Filename: /home/builduser/buildslave/unity/build/artifacts/generated/common/runtime/UnityEngineDebugBindings.gen.cpp Line: 37)

Number of starting galaxies from which to choose: 3
 
(Filename: /home/builduser/buildslave/unity/build/artifacts/generated/common/runtime/UnityEngineDebugBindings.gen.cpp Line: 37)

Map Choosen: Galaxy14_sm, Galaxy Name: Farciminis, Galaxy ID: 1931155455
 
(Filename: /home/builduser/buildslave/unity/build/artifacts/generated/common/runtime/UnityEngineDebugBindings.gen.cpp Line: 37)

Based on number of hops, we have filtered the list of potential start up systems from 7 to 7.  Best (longest) hop: 7
 
(Filename: /home/builduser/buildslave/unity/build/artifacts/generated/common/runtime/UnityEngineDebugBindings.gen.cpp Line: 37)

filteredList: 7
 
(Filename: /home/builduser/buildslave/unity/build/artifacts/generated/common/runtime/UnityEngineDebugBindings.gen.cpp Line: 37)

nurseryGroupKeySource:OBJN_1932447334 earlyPlayIdx:0
 
(Filename: /home/builduser/buildslave/unity/build/artifacts/generated/common/runtime/UnityEngineDebugBindings.gen.cpp Line: 37)

nurseryGroupKeySource:OBJN_760569845 earlyPlayIdx:1
 
(Filename: /home/builduser/buildslave/unity/build/artifacts/generated/common/runtime/UnityEngineDebugBindings.gen.cpp Line: 37)

nurseryGroupKeySource:OBJN_2141797869 earlyPlayIdx:2
 
(Filename: /home/builduser/buildslave/unity/build/artifacts/generated/common/runtime/UnityEngineDebugBindings.gen.cpp Line: 37)

nurseryGroupKeySource:OBJN_1056602325 earlyPlayIdx:3
 
(Filename: /home/builduser/buildslave/unity/build/artifacts/generated/common/runtime/UnityEngineDebugBindings.gen.cpp Line: 37)


Unloading 168 unused Assets to reduce memory usage. Loaded Objects now: 13739.
Total: 6.475000 ms (FindLiveObjects: 0.336000 ms CreateObjectMapping: 0.151000 ms MarkObjects: 5.758000 ms  DeleteObjects: 0.230000 ms)

SAM OBJECTIVE: First show will be after 10 missions
 
(Filename: /home/builduser/buildslave/unity/build/artifacts/generated/common/runtime/UnityEngineDebugBindings.gen.cpp Line: 37)

***ENTERING***
 
(Filename: /home/builduser/buildslave/unity/build/artifacts/generated/common/runtime/UnityEngineDebugBindings.gen.cpp Line: 37)

***CONNECT***
 
(Filename: /home/builduser/buildslave/unity/build/artifacts/generated/common/runtime/UnityEngineDebugBindings.gen.cpp Line: 37)

SteamCore.Instance.overlayToggled
 
(Filename: /home/builduser/buildslave/unity/build/artifacts/generated/common/runtime/UnityEngineDebugBindings.gen.cpp Line: 37)

Unloading 2 Unused Serialized files (Serialized files now loaded: 0)

Unloading 0 unused Assets to reduce memory usage. Loaded Objects now: 13803.
Total: 6.776000 ms (FindLiveObjects: 0.592000 ms CreateObjectMapping: 0.070000 ms MarkObjects: 6.103000 ms  DeleteObjects: 0.010000 ms)

Unloading 6 Unused Serialized files (Serialized files now loaded: 0)
UnloadTime: 5.778000 ms
HUDOnlyCameraController Awake
 
(Filename: /home/builduser/buildslave/unity/build/artifacts/generated/common/runtime/UnityEngineDebugBindings.gen.cpp Line: 37)

ConsoleWindow3.Awake
 
(Filename: /home/builduser/buildslave/unity/build/artifacts/generated/common/runtime/UnityEngineDebugBindings.gen.cpp Line: 37)

BoardingShip.Awake
 
(Filename: /home/builduser/buildslave/unity/build/artifacts/generated/common/runtime/UnityEngineDebugBindings.gen.cpp Line: 37)

DroneManager.Awake
 
(Filename: /home/builduser/buildslave/unity/build/artifacts/generated/common/runtime/UnityEngineDebugBindings.gen.cpp Line: 37)

DungeonManager.OnAwake
 
(Filename: /home/builduser/buildslave/unity/build/artifacts/generated/common/runtime/UnityEngineDebugBindings.gen.cpp Line: 37)

Pos New: (-0.7, 0.0, 5.2)
 
(Filename: /home/builduser/buildslave/unity/build/artifacts/generated/common/runtime/UnityEngineDebugBindings.gen.cpp Line: 37)

GameplayManager.Awake
 
(Filename: /home/builduser/buildslave/unity/build/artifacts/generated/common/runtime/UnityEngineDebugBindings.gen.cpp Line: 37)

SU AUDIT - BEGIN in GameplayManager.Awake()
 
(Filename: /home/builduser/buildslave/unity/build/artifacts/generated/common/runtime/UnityEngineDebugBindings.gen.cpp Line: 37)

SU AUDIT - ItemsCopy.Count == 0.  There are no upgrades.
 
(Filename: /home/builduser/buildslave/unity/build/artifacts/generated/common/runtime/UnityEngineDebugBindings.gen.cpp Line: 37)

SU AUDIT - END in GameplayManager.Awake()
 
(Filename: /home/builduser/buildslave/unity/build/artifacts/generated/common/runtime/UnityEngineDebugBindings.gen.cpp Line: 37)

DialogUI.Awake
 
(Filename: /home/builduser/buildslave/unity/build/artifacts/generated/common/runtime/UnityEngineDebugBindings.gen.cpp Line: 37)

EnemyManager.Awake
 
(Filename: /home/builduser/buildslave/unity/build/artifacts/generated/common/runtime/UnityEngineDebugBindings.gen.cpp Line: 37)


Unloading 253 unused Assets to reduce memory usage. Loaded Objects now: 19261.
Total: 7.062000 ms (FindLiveObjects: 1.349000 ms CreateObjectMapping: 0.127000 ms MarkObjects: 5.180000 ms  DeleteObjects: 0.406000 ms)

Unloading 2 Unused Serialized files (Serialized files now loaded: 0)

Unloading 0 unused Assets to reduce memory usage. Loaded Objects now: 19261.
Total: 6.125000 ms (FindLiveObjects: 0.964000 ms CreateObjectMapping: 0.103000 ms MarkObjects: 5.047000 ms  DeleteObjects: 0.008000 ms)

ConsoleWindow3.Start
 
(Filename: /home/builduser/buildslave/unity/build/artifacts/generated/common/runtime/UnityEngineDebugBindings.gen.cpp Line: 37)

Unloading 1 Unused Serialized files (Serialized files now loaded: 0)

Unloading 4 unused Assets to reduce memory usage. Loaded Objects now: 20047.
Total: 6.932000 ms (FindLiveObjects: 0.842000 ms CreateObjectMapping: 0.120000 ms MarkObjects: 5.945000 ms  DeleteObjects: 0.025000 ms)

Upgrade used - will suffer wear and tear at end of mission: Generator
 
(Filename: /home/builduser/buildslave/unity/build/artifacts/generated/common/runtime/UnityEngineDebugBindings.gen.cpp Line: 37)

Upgrade used - will suffer wear and tear at end of mission: Gather
 
(Filename: /home/builduser/buildslave/unity/build/artifacts/generated/common/runtime/UnityEngineDebugBindings.gen.cpp Line: 37)

DialogUI.ShowDialog Tip!
 
(Filename: /home/builduser/buildslave/unity/build/artifacts/generated/common/runtime/UnityEngineDebugBindings.gen.cpp Line: 37)

Can commandeer - here are the stats: My Slots: 2, Their Slots: 0, My Upg Count: 0, Their Upgrade Count: 0
 
(Filename: /home/builduser/buildslave/unity/build/artifacts/generated/common/runtime/UnityEngineDebugBindings.gen.cpp Line: 37)

Upgrade used but has a low probability of breaking (0%) so NOT testing to see if broke: Gather
 
(Filename: /home/builduser/buildslave/unity/build/artifacts/generated/common/runtime/UnityEngineDebugBindings.gen.cpp Line: 37)

Upgrade's break probability has been increased to: 0.6633342% - Gather
 
(Filename: /home/builduser/buildslave/unity/build/artifacts/generated/common/runtime/UnityEngineDebugBindings.gen.cpp Line: 37)

Upgrade used but has a low probability of breaking (0%) so NOT testing to see if broke: Generator
 
(Filename: /home/builduser/buildslave/unity/build/artifacts/generated/common/runtime/UnityEngineDebugBindings.gen.cpp Line: 37)

Upgrade's break probability has been increased to: 0.7218694% - Generator
 
(Filename: /home/builduser/buildslave/unity/build/artifacts/generated/common/runtime/UnityEngineDebugBindings.gen.cpp Line: 37)

The referenced script on this Behaviour (Game Object 'CraftingUpgradeItem') is missing!
 
(Filename:  Line: 1655)

Unloading 5 Unused Serialized files (Serialized files now loaded: 0)
DroneManager.OnDestroy
 
(Filename: /home/builduser/buildslave/unity/build/artifacts/generated/common/runtime/UnityEngineDebugBindings.gen.cpp Line: 37)

UnloadTime: 16.799000 ms
DialogUI.Awake
 
(Filename: /home/builduser/buildslave/unity/build/artifacts/generated/common/runtime/UnityEngineDebugBindings.gen.cpp Line: 37)


Unloading 1833 unused Assets to reduce memory usage. Loaded Objects now: 14397.
Total: 9.631001 ms (FindLiveObjects: 0.554000 ms CreateObjectMapping: 0.125000 ms MarkObjects: 7.090000 ms  DeleteObjects: 1.862000 ms)

Unloading 1 Unused Serialized files (Serialized files now loaded: 0)

Unloading 0 unused Assets to reduce memory usage. Loaded Objects now: 14397.
Total: 7.103000 ms (FindLiveObjects: 0.806000 ms CreateObjectMapping: 0.080000 ms MarkObjects: 6.209000 ms  DeleteObjects: 0.008000 ms)

***ENTERING***
 
(Filename: /home/builduser/buildslave/unity/build/artifacts/generated/common/runtime/UnityEngineDebugBindings.gen.cpp Line: 37)

***CONNECT***
 
(Filename: /home/builduser/buildslave/unity/build/artifacts/generated/common/runtime/UnityEngineDebugBindings.gen.cpp Line: 37)

SteamCore.Instance.overlayToggled
 
(Filename: /home/builduser/buildslave/unity/build/artifacts/generated/common/runtime/UnityEngineDebugBindings.gen.cpp Line: 37)

Unloading 0 Unused Serialized files (Serialized files now loaded: 0)

Unloading 0 unused Assets to reduce memory usage. Loaded Objects now: 14423.
Total: 11.893001 ms (FindLiveObjects: 0.951000 ms CreateObjectMapping: 0.150000 ms MarkObjects: 10.773001 ms  DeleteObjects: 0.017000 ms)

An invalid/null parent provided when trying to add a catetory object (ModListSimple's containing object).  It won't be parented to anything, and won't appear correctly in the scene
 
(Filename: /home/builduser/buildslave/unity/build/artifacts/generated/common/runtime/UnityEngineDebugBindings.gen.cpp Line: 37)

An invalid/null parent provided when trying to add a catetory object (ModListSimple's containing object).  It won't be parented to anything, and won't appear correctly in the scene
 
(Filename: /home/builduser/buildslave/unity/build/artifacts/generated/common/runtime/UnityEngineDebugBindings.gen.cpp Line: 37)

Unloading 6 Unused Serialized files (Serialized files now loaded: 0)
UnloadTime: 5.501000 ms
HUDOnlyCameraController Awake
 
(Filename: /home/builduser/buildslave/unity/build/artifacts/generated/common/runtime/UnityEngineDebugBindings.gen.cpp Line: 37)

ConsoleWindow3.Awake
 
(Filename: /home/builduser/buildslave/unity/build/artifacts/generated/common/runtime/UnityEngineDebugBindings.gen.cpp Line: 37)

BoardingShip.Awake
 
(Filename: /home/builduser/buildslave/unity/build/artifacts/generated/common/runtime/UnityEngineDebugBindings.gen.cpp Line: 37)

DroneManager.Awake
 
(Filename: /home/builduser/buildslave/unity/build/artifacts/generated/common/runtime/UnityEngineDebugBindings.gen.cpp Line: 37)

DungeonManager.OnAwake
 
(Filename: /home/builduser/buildslave/unity/build/artifacts/generated/common/runtime/UnityEngineDebugBindings.gen.cpp Line: 37)

Pos New: (-0.7, 0.0, 5.2)
 
(Filename: /home/builduser/buildslave/unity/build/artifacts/generated/common/runtime/UnityEngineDebugBindings.gen.cpp Line: 37)

GameplayManager.Awake
 
(Filename: /home/builduser/buildslave/unity/build/artifacts/generated/common/runtime/UnityEngineDebugBindings.gen.cpp Line: 37)

SU AUDIT - BEGIN in GameplayManager.Awake()
 
(Filename: /home/builduser/buildslave/unity/build/artifacts/generated/common/runtime/UnityEngineDebugBindings.gen.cpp Line: 37)

SU AUDIT - ItemsCopy.Count == 0.  There are no upgrades.
 
(Filename: /home/builduser/buildslave/unity/build/artifacts/generated/common/runtime/UnityEngineDebugBindings.gen.cpp Line: 37)

SU AUDIT - END in GameplayManager.Awake()
 
(Filename: /home/builduser/buildslave/unity/build/artifacts/generated/common/runtime/UnityEngineDebugBindings.gen.cpp Line: 37)

DialogUI.Awake
 
(Filename: /home/builduser/buildslave/unity/build/artifacts/generated/common/runtime/UnityEngineDebugBindings.gen.cpp Line: 37)

EnemyManager.Awake
 
(Filename: /home/builduser/buildslave/unity/build/artifacts/generated/common/runtime/UnityEngineDebugBindings.gen.cpp Line: 37)


Unloading 274 unused Assets to reduce memory usage. Loaded Objects now: 22019.
Total: 9.287000 ms (FindLiveObjects: 1.803000 ms CreateObjectMapping: 0.141000 ms MarkObjects: 6.724000 ms  DeleteObjects: 0.619000 ms)

Unloading 1 Unused Serialized files (Serialized files now loaded: 0)

Unloading 0 unused Assets to reduce memory usage. Loaded Objects now: 22019.
Total: 8.829000 ms (FindLiveObjects: 1.894000 ms CreateObjectMapping: 0.114000 ms MarkObjects: 6.802000 ms  DeleteObjects: 0.019000 ms)

ConsoleWindow3.Start
 
(Filename: /home/builduser/buildslave/unity/build/artifacts/generated/common/runtime/UnityEngineDebugBindings.gen.cpp Line: 37)

Attempting to display log: Color/storyUniverse_Origin_01
 
(Filename: /home/builduser/buildslave/unity/build/artifacts/generated/common/runtime/UnityEngineDebugBindings.gen.cpp Line: 37)

Unloading 1 Unused Serialized files (Serialized files now loaded: 0)

Unloading 9 unused Assets to reduce memory usage. Loaded Objects now: 22758.
Total: 11.967000 ms (FindLiveObjects: 1.263000 ms CreateObjectMapping: 0.218000 ms MarkObjects: 10.427000 ms  DeleteObjects: 0.059000 ms)

Upgrade used - will suffer wear and tear at end of mission: Generator
 
(Filename: /home/builduser/buildslave/unity/build/artifacts/generated/common/runtime/UnityEngineDebugBindings.gen.cpp Line: 37)

PushMenu PauseMenu
 
(Filename: /home/builduser/buildslave/unity/build/artifacts/generated/common/runtime/UnityEngineDebugBindings.gen.cpp Line: 37)

PushMenu OptionsMenu
 
(Filename: /home/builduser/buildslave/unity/build/artifacts/generated/common/runtime/UnityEngineDebugBindings.gen.cpp Line: 37)

OptionsMenu.ctor
 
(Filename: /home/builduser/buildslave/unity/build/artifacts/generated/common/runtime/UnityEngineDebugBindings.gen.cpp Line: 37)

CancelMenu OptionsMenu
 
(Filename: /home/builduser/buildslave/unity/build/artifacts/generated/common/runtime/UnityEngineDebugBindings.gen.cpp Line: 37)

PushMenu PauseMenu
 
(Filename: /home/builduser/buildslave/unity/build/artifacts/generated/common/runtime/UnityEngineDebugBindings.gen.cpp Line: 37)

CancelMenu PauseMenu
 
(Filename: /home/builduser/buildslave/unity/build/artifacts/generated/common/runtime/UnityEngineDebugBindings.gen.cpp Line: 37)

Upgrade used - will suffer wear and tear at end of mission: Gather
 
(Filename: /home/builduser/buildslave/unity/build/artifacts/generated/common/runtime/UnityEngineDebugBindings.gen.cpp Line: 37)

Upgrade used - will suffer wear and tear at end of mission: Motion
 
(Filename: /home/builduser/buildslave/unity/build/artifacts/generated/common/runtime/UnityEngineDebugBindings.gen.cpp Line: 37)

Hint can show for moving from room r2 to r6
 
(Filename: /home/builduser/buildslave/unity/build/artifacts/generated/common/runtime/UnityEngineDebugBindings.gen.cpp Line: 37)

Upgrade used - will suffer wear and tear at end of mission: Tow
 
(Filename: /home/builduser/buildslave/unity/build/artifacts/generated/common/runtime/UnityEngineDebugBindings.gen.cpp Line: 37)

Can commandeer - here are the stats: My Slots: 2, Their Slots: 0, My Upg Count: 0, Their Upgrade Count: 0
 
(Filename: /home/builduser/buildslave/unity/build/artifacts/generated/common/runtime/UnityEngineDebugBindings.gen.cpp Line: 37)

Upgrade used but has a low probability of breaking (0%) so NOT testing to see if broke: Motion
 
(Filename: /home/builduser/buildslave/unity/build/artifacts/generated/common/runtime/UnityEngineDebugBindings.gen.cpp Line: 37)

Upgrade's break probability has been increased to: 1.862859% - Motion
 
(Filename: /home/builduser/buildslave/unity/build/artifacts/generated/common/runtime/UnityEngineDebugBindings.gen.cpp Line: 37)

Upgrade used but has a low probability of breaking (0.7218694%) so NOT testing to see if broke: Generator
 
(Filename: /home/builduser/buildslave/unity/build/artifacts/generated/common/runtime/UnityEngineDebugBindings.gen.cpp Line: 37)

Upgrade's break probability has been increased to: 1.290145% - Generator
 
(Filename: /home/builduser/buildslave/unity/build/artifacts/generated/common/runtime/UnityEngineDebugBindings.gen.cpp Line: 37)

Upgrade used but has a low probability of breaking (0%) so NOT testing to see if broke: Tow
 
(Filename: /home/builduser/buildslave/unity/build/artifacts/generated/common/runtime/UnityEngineDebugBindings.gen.cpp Line: 37)

Upgrade's break probability has been increased to: 2.445889% - Tow
 
(Filename: /home/builduser/buildslave/unity/build/artifacts/generated/common/runtime/UnityEngineDebugBindings.gen.cpp Line: 37)

Upgrade used but has a low probability of breaking (0.6633342%) so NOT testing to see if broke: Gather
 
(Filename: /home/builduser/buildslave/unity/build/artifacts/generated/common/runtime/UnityEngineDebugBindings.gen.cpp Line: 37)

Upgrade's break probability has been increased to: 1.245374% - Gather
 
(Filename: /home/builduser/buildslave/unity/build/artifacts/generated/common/runtime/UnityEngineDebugBindings.gen.cpp Line: 37)

The referenced script on this Behaviour (Game Object 'CraftingUpgradeItem') is missing!
 
(Filename:  Line: 1655)

Unloading 5 Unused Serialized files (Serialized files now loaded: 1)
DroneManager.OnDestroy
 
(Filename: /home/builduser/buildslave/unity/build/artifacts/generated/common/runtime/UnityEngineDebugBindings.gen.cpp Line: 37)

UnloadTime: 14.702000 ms
DialogUI.Awake
 
(Filename: /home/builduser/buildslave/unity/build/artifacts/generated/common/runtime/UnityEngineDebugBindings.gen.cpp Line: 37)


Unloading 2026 unused Assets to reduce memory usage. Loaded Objects now: 14554.
Total: 10.004000 ms (FindLiveObjects: 0.587000 ms CreateObjectMapping: 0.135000 ms MarkObjects: 6.050000 ms  DeleteObjects: 3.232000 ms)

Unloading 0 Unused Serialized files (Serialized files now loaded: 1)

Unloading 0 unused Assets to reduce memory usage. Loaded Objects now: 14554.
Total: 6.645000 ms (FindLiveObjects: 0.739000 ms CreateObjectMapping: 0.093000 ms MarkObjects: 5.804000 ms  DeleteObjects: 0.009000 ms)

***ENTERING***
 
(Filename: /home/builduser/buildslave/unity/build/artifacts/generated/common/runtime/UnityEngineDebugBindings.gen.cpp Line: 37)

***CONNECT***
 
(Filename: /home/builduser/buildslave/unity/build/artifacts/generated/common/runtime/UnityEngineDebugBindings.gen.cpp Line: 37)

SteamCore.Instance.overlayToggled
 
(Filename: /home/builduser/buildslave/unity/build/artifacts/generated/common/runtime/UnityEngineDebugBindings.gen.cpp Line: 37)

Unloading 0 Unused Serialized files (Serialized files now loaded: 1)

Unloading 0 unused Assets to reduce memory usage. Loaded Objects now: 14577.
Total: 11.924001 ms (FindLiveObjects: 0.881000 ms CreateObjectMapping: 0.155000 ms MarkObjects: 10.869000 ms  DeleteObjects: 0.019000 ms)

PushMenu PauseMenu
 
(Filename: /home/builduser/buildslave/unity/build/artifacts/generated/common/runtime/UnityEngineDebugBindings.gen.cpp Line: 37)

UnloadTime: 10.568001 ms
DialogUI.Awake
 
(Filename: /home/builduser/buildslave/unity/build/artifacts/generated/common/runtime/UnityEngineDebugBindings.gen.cpp Line: 37)

Setting up 4 worker threads for Enlighten.
  Thread -> id: 7ff97bfff640 -> priority: 1 
  Thread -> id: 7ff97b7fe640 -> priority: 1 
  Thread -> id: 7ff97a7fc640 -> priority: 1 
  Thread -> id: 7ff97affd640 -> priority: 1 
